Log file open, 01/05/24 20:46:49
LogWindows: Failed to load 'aqProf.dll' (GetLastError=126)
LogWindows: File 'aqProf.dll' does not exist
LogWindows: Failed to load 'VtuneApi.dll' (GetLastError=126)
LogWindows: File 'VtuneApi.dll' does not exist
LogWindows: Failed to load 'VtuneApi32e.dll' (GetLastError=126)
LogWindows: File 'VtuneApi32e.dll' does not exist
LogConsoleResponse: Display: Failed to find resolution value strings in scalability ini. Falling back to default.
LogConsoleResponse: Display: Failed to find resolution value strings in scalability ini. Falling back to default.
LogInit: Display: Running engine for game: MyProject2
LogPlatformFile: Not using cached read wrapper
LogTaskGraph: Started task graph with 5 named threads and 35 total threads with 3 sets of task threads.
LogStats: Stats thread started at 0.249286
LogICUInternationalization: ICU TimeZone Detection - Raw Offset: +0:00, Platform Override: ''
LogInit: Display: Loading text-based GConfig....
LogPluginManager: Mounting plugin MeshPainting
LogPluginManager: Mounting plugin XGEController
LogPluginManager: Mounting plugin Paper2D
LogPluginManager: Mounting plugin AISupport
LogPluginManager: Mounting plugin EnvironmentQueryEditor
LogPluginManager: Mounting plugin LiveLink
LogPluginManager: Mounting plugin LightPropagationVolume
LogPluginManager: Mounting plugin OodleData
LogPluginManager: Mounting plugin OodleNetwork
LogPluginManager: Mounting plugin CameraShakePreviewer
LogPluginManager: Mounting plugin AnimationSharing
LogPluginManager: Mounting plugin GameplayCameras
LogPluginManager: Mounting plugin CLionSourceCodeAccess
LogPluginManager: Mounting plugin CodeLiteSourceCodeAccess
LogPluginManager: Mounting plugin KDevelopSourceCodeAccess
LogPluginManager: Mounting plugin NullSourceCodeAccess
LogPluginManager: Mounting plugin GitSourceControl
LogPluginManager: Mounting plugin PerforceSourceControl
LogPluginManager: Mounting plugin PlasticSourceControl
LogPluginManager: Mounting plugin PixWinPlugin
LogPluginManager: Mounting plugin PluginUtils
LogPluginManager: Mounting plugin PropertyAccessNode
LogPluginManager: Mounting plugin RiderSourceCodeAccess
LogPluginManager: Mounting plugin TextureFormatOodle
LogPluginManager: Mounting plugin SubversionSourceControl
LogPluginManager: Mounting plugin UObjectPlugin
LogPluginManager: Mounting plugin VisualStudioCodeSourceCodeAccess
LogPluginManager: Mounting plugin VisualStudioSourceCodeAccess
LogPluginManager: Mounting plugin XCodeSourceCodeAccess
LogPluginManager: Mounting plugin AssetManagerEditor
LogPluginManager: Mounting plugin CryptoKeys
LogPluginManager: Mounting plugin CurveEditorTools
LogPluginManager: Mounting plugin DataValidation
LogPluginManager: Mounting plugin GameplayTagsEditor
LogPluginManager: Mounting plugin FacialAnimation
LogPluginManager: Mounting plugin GeometryMode
LogPluginManager: Mounting plugin MacGraphicsSwitching
LogPluginManager: Mounting plugin MobileLauncherProfileWizard
LogPluginManager: Mounting plugin PluginBrowser
LogPluginManager: Mounting plugin MaterialAnalyzer
LogPluginManager: Mounting plugin SpeedTreeImporter
LogPluginManager: Mounting plugin AlembicImporter
LogPluginManager: Mounting plugin AutomationUtils
LogPluginManager: Mounting plugin BackChannel
LogPluginManager: Mounting plugin ChaosCloth
LogPluginManager: Mounting plugin ChaosClothEditor
LogPluginManager: Mounting plugin ChaosEditor
LogPluginManager: Mounting plugin ChaosSolverPlugin
LogPluginManager: Mounting plugin CharacterAI
LogPluginManager: Mounting plugin ChaosNiagara
LogPluginManager: Mounting plugin GeometryCache
LogPluginManager: Mounting plugin GeometryCollectionPlugin
LogPluginManager: Mounting plugin Niagara
LogPluginManager: Mounting plugin DatasmithContent
LogPluginManager: Mounting plugin VariantManagerContent
LogPluginManager: Mounting plugin MagicLeap
LogPluginManager: Mounting plugin LuminPlatformFeatures
LogPluginManager: Mounting plugin MagicLeapLightEstimation
LogPluginManager: Mounting plugin MagicLeapMedia
LogPluginManager: Mounting plugin MagicLeapPassableWorld
LogPluginManager: Mounting plugin MLSDK
LogPluginManager: Mounting plugin GeometryProcessing
LogPluginManager: Mounting plugin OpenImageDenoise
LogPluginManager: Mounting plugin MotoSynth
LogPluginManager: Mounting plugin PlanarCut
LogPluginManager: Mounting plugin PlatformCrypto
LogPluginManager: Mounting plugin ProxyLODPlugin
LogPluginManager: Mounting plugin PythonScriptPlugin
LogPluginManager: Mounting plugin RawInput
LogPluginManager: Mounting plugin SkeletalReduction
LogPluginManager: Mounting plugin AndroidMedia
LogPluginManager: Mounting plugin AvfMedia
LogPluginManager: Mounting plugin ImgMedia
LogPluginManager: Mounting plugin MediaCompositing
LogPluginManager: Mounting plugin MediaPlayerEditor
LogPluginManager: Mounting plugin WebMMedia
LogPluginManager: Mounting plugin WmfMedia
LogPluginManager: Mounting plugin LevelSequenceEditor
LogPluginManager: Mounting plugin ActorSequence
LogPluginManager: Mounting plugin MatineeToLevelSequence
LogPluginManager: Mounting plugin TemplateSequence
LogPluginManager: Mounting plugin UdpMessaging
LogPluginManager: Mounting plugin TcpMessaging
LogPluginManager: Mounting plugin OnlineSubsystem
LogPluginManager: Mounting plugin OnlineSubsystemNull
LogPluginManager: Mounting plugin OnlineSubsystemUtils
LogPluginManager: Mounting plugin ActorLayerUtilities
LogPluginManager: Mounting plugin AndroidDeviceProfileSelector
LogPluginManager: Mounting plugin LauncherChunkInstaller
LogPluginManager: Mounting plugin AndroidMoviePlayer
LogPluginManager: Mounting plugin AndroidPermission
LogPluginManager: Mounting plugin AppleImageUtils
LogPluginManager: Mounting plugin AppleMoviePlayer
LogPluginManager: Mounting plugin ArchVisCharacter
LogPluginManager: Mounting plugin AudioCapture
LogPluginManager: Mounting plugin AssetTags
LogPluginManager: Mounting plugin AudioSynesthesia
LogPluginManager: Mounting plugin CableComponent
LogPluginManager: Mounting plugin ChunkDownloader
LogPluginManager: Mounting plugin CustomMeshComponent
LogPluginManager: Mounting plugin EditableMesh
LogPluginManager: Mounting plugin ExampleDeviceProfileSelector
LogPluginManager: Mounting plugin GoogleCloudMessaging
LogPluginManager: Mounting plugin GooglePAD
LogPluginManager: Mounting plugin ScreenshotTools
LogPluginManager: Mounting plugin IOSDeviceProfileSelector
LogPluginManager: Mounting plugin LinuxDeviceProfileSelector
LogPluginManager: Mounting plugin LocationServicesBPLibrary
LogPluginManager: Mounting plugin MobilePatchingUtils
LogPluginManager: Mounting plugin OpenXR
LogPluginManager: Mounting plugin OpenXREyeTracker
LogPluginManager: Mounting plugin OpenXRHandTracking
LogPluginManager: Mounting plugin PhysXVehicles
LogPluginManager: Mounting plugin Takes
LogPluginManager: Mounting plugin PostSplashScreen
LogPluginManager: Mounting plugin ProceduralMeshComponent
LogPluginManager: Mounting plugin PropertyAccessEditor
LogPluginManager: Mounting plugin RuntimePhysXCooking
LogPluginManager: Mounting plugin SignificanceManager
LogPluginManager: Mounting plugin SoundFields
LogPluginManager: Mounting plugin Synthesis
LogPluginManager: Mounting plugin WebMMoviePlayer
LogPluginManager: Mounting plugin WindowsMoviePlayer
LogPluginManager: Mounting plugin ContentBrowserFileDataSource
LogPluginManager: Mounting plugin ContentBrowserAssetDataSource
LogPluginManager: Mounting plugin ContentBrowserClassDataSource
LogPluginManager: Mounting plugin OnlineSubsystemGooglePlay
LogPluginManager: Mounting plugin OnlineSubsystemIOS
LogPluginManager: Mounting plugin OculusVR
LogPluginManager: Mounting plugin SteamVR
PixWinPlugin: PIX capture plugin failed to initialize! Check that the process is launched from PIX.
LogInit: Using libcurl 7.55.1-DEV
LogInit:  - built for x86_64-pc-win32
LogInit:  - supports SSL with OpenSSL/1.1.1
LogInit:  - supports HTTP deflate (compression) using libz 1.2.8
LogInit:  - other features:
LogInit:      CURL_VERSION_SSL
LogInit:      CURL_VERSION_LIBZ
LogInit:      CURL_VERSION_IPV6
LogInit:      CURL_VERSION_ASYNCHDNS
LogInit:      CURL_VERSION_LARGEFILE
LogInit:      CURL_VERSION_IDN
LogInit:  CurlRequestOptions (configurable via config and command line):
LogInit:  - bVerifyPeer = true  - Libcurl will verify peer certificate
LogInit:  - bUseHttpProxy = false  - Libcurl will NOT use HTTP proxy
LogInit:  - bDontReuseConnections = false  - Libcurl will reuse connections
LogInit:  - MaxHostConnections = 16  - Libcurl will limit the number of connections to a host
LogInit:  - LocalHostAddr = Default
LogInit:  - BufferSize = 65536
LogOnline: OSS: Creating online subsystem instance for: NULL
LogInit: WinSock: version 1.1 (2.2), MaxSocks=32767, MaxUdp=65467
LogOnline: OSS: TryLoadSubsystemAndSetDefault: Loaded subsystem for module [NULL]
LogOculusPluginWrapper: OculusPlugin initialized successfully
LogHMD: Failed initializing OVRPlugin 1.59.0
LogInit: Build: ++UE4+Release-4.27-CL-18319896
LogInit: Engine Version: 4.27.2-18319896+++UE4+Release-4.27
LogInit: Compatible Engine Version: 4.27.0-17155196+++UE4+Release-4.27
LogInit: Net CL: 17155196
LogInit: OS: Windows 10 (Release 2009) (), CPU: Intel(R) Core(TM) i5-10600K CPU @ 4.10GHz, GPU: NVIDIA GeForce RTX 2060
LogInit: Compiled (64-bit): Nov 30 2021 07:12:08
LogInit: Compiled with Visual C++: 19.24.28315.00
LogInit: Build Configuration: Development
LogInit: Branch Name: ++UE4+Release-4.27
LogInit: Command Line:  -skipcompile
LogInit: Base Directory: C:/Program Files/Epic Games/UE_4.27/Engine/Binaries/Win64/
LogInit: Allocator: TBB
LogInit: Installed Engine Build: 1
LogDevObjectVersion: Number of dev versions registered: 29
LogDevObjectVersion:   Dev-Blueprints (B0D832E4-1F89-4F0D-ACCF-7EB736FD4AA2): 10
LogDevObjectVersion:   Dev-Build (E1C64328-A22C-4D53-A36C-8E866417BD8C): 0
LogDevObjectVersion:   Dev-Core (375EC13C-06E4-48FB-B500-84F0262A717E): 4
LogDevObjectVersion:   Dev-Editor (E4B068ED-F494-42E9-A231-DA0B2E46BB41): 40
LogDevObjectVersion:   Dev-Framework (CFFC743F-43B0-4480-9391-14DF171D2073): 37
LogDevObjectVersion:   Dev-Mobile (B02B49B5-BB20-44E9-A304-32B752E40360): 3
LogDevObjectVersion:   Dev-Networking (A4E4105C-59A1-49B5-A7C5-40C4547EDFEE): 0
LogDevObjectVersion:   Dev-Online (39C831C9-5AE6-47DC-9A44-9C173E1C8E7C): 0
LogDevObjectVersion:   Dev-Physics (78F01B33-EBEA-4F98-B9B4-84EACCB95AA2): 14
LogDevObjectVersion:   Dev-Platform (6631380F-2D4D-43E0-8009-CF276956A95A): 0
LogDevObjectVersion:   Dev-Rendering (12F88B9F-8875-4AFC-A67C-D90C383ABD29): 45
LogDevObjectVersion:   Dev-Sequencer (7B5AE74C-D270-4C10-A958-57980B212A5A): 13
LogDevObjectVersion:   Dev-VR (D7296918-1DD6-4BDD-9DE2-64A83CC13884): 3
LogDevObjectVersion:   Dev-LoadTimes (C2A15278-BFE7-4AFE-6C17-90FF531DF755): 1
LogDevObjectVersion:   Private-Geometry (6EACA3D4-40EC-4CC1-B786-8BED09428FC5): 3
LogDevObjectVersion:   Dev-AnimPhys (29E575DD-E0A3-4627-9D10-D276232CDCEA): 17
LogDevObjectVersion:   Dev-Anim (AF43A65D-7FD3-4947-9873-3E8ED9C1BB05): 15
LogDevObjectVersion:   Dev-ReflectionCapture (6B266CEC-1EC7-4B8F-A30B-E4D90942FC07): 1
LogDevObjectVersion:   Dev-Automation (0DF73D61-A23F-47EA-B727-89E90C41499A): 1
LogDevObjectVersion:   FortniteMain (601D1886-AC64-4F84-AA16-D3DE0DEAC7D6): 47
LogDevObjectVersion:   FortniteRelease (E7086368-6B23-4C58-8439-1B7016265E91): 1
LogDevObjectVersion:   Dev-Enterprise (9DFFBCD6-494F-0158-E221-12823C92A888): 10
LogDevObjectVersion:   Dev-Niagara (F2AED0AC-9AFE-416F-8664-AA7FFA26D6FC): 1
LogDevObjectVersion:   Dev-Destruction (174F1F0B-B4C6-45A5-B13F-2EE8D0FB917D): 10
LogDevObjectVersion:   Dev-Physics-Ext (35F94A83-E258-406C-A318-09F59610247C): 41
LogDevObjectVersion:   Dev-PhysicsMaterial-Chaos (B68FC16E-8B1B-42E2-B453-215C058844FE): 1
LogDevObjectVersion:   Dev-CineCamera (B2E18506-4273-CFC2-A54E-F4BB758BBA07): 1
LogDevObjectVersion:   Dev-VirtualProduction (64F58936-FD1B-42BA-BA96-7289D5D0FA4E): 1
LogDevObjectVersion:   Dev-MediaFramework (6F0ED827-A609-4895-9C91-998D90180EA4): 2
LogInit: Presizing for max 25165824 objects, including 0 objects not considered by GC, pre-allocating 0 bytes for permanent pool.
LogConfig: Applying CVar settings from Section [/Script/Engine.StreamingSettings] File [C:/Users/Matth/Documents/UNI WORK/Actual Year 2/TechDemo4/MyProject2/Saved/Config/Windows/Engine.ini]
LogConfig: Setting CVar [[s.MinBulkDataSizeForAsyncLoading:131072]]
LogConfig: Setting CVar [[s.AsyncLoadingThreadEnabled:0]]
LogConfig: Setting CVar [[s.EventDrivenLoaderEnabled:1]]
LogConfig: Setting CVar [[s.WarnIfTimeLimitExceeded:0]]
LogConfig: Setting CVar [[s.TimeLimitExceededMultiplier:1.5]]
LogConfig: Setting CVar [[s.TimeLimitExceededMinTime:0.005]]
LogConfig: Setting CVar [[s.UseBackgroundLevelStreaming:1]]
LogConfig: Setting CVar [[s.PriorityAsyncLoadingExtraTime:15.0]]
LogConfig: Setting CVar [[s.LevelStreamingActorsUpdateTimeLimit:5.0]]
LogConfig: Setting CVar [[s.PriorityLevelStreamingActorsUpdateExtraTime:5.0]]
LogConfig: Setting CVar [[s.LevelStreamingComponentsRegistrationGranularity:10]]
LogConfig: Setting CVar [[s.UnregisterComponentsTimeLimit:1.0]]
LogConfig: Setting CVar [[s.LevelStreamingComponentsUnregistrationGranularity:5]]
LogConfig: Setting CVar [[s.FlushStreamingOnExit:1]]
LogInit: Object subsystem initialized
LogConfig: Setting CVar [[con.DebugEarlyDefault:1]]
LogConfig: Setting CVar [[r.setres:1280x720]]
[2024.01.05-20.46.50:332][  0]LogConfig: Setting CVar [[r.VSync:0]]
[2024.01.05-20.46.50:332][  0]LogConfig: Setting CVar [[r.RHICmdBypass:0]]
[2024.01.05-20.46.50:332][  0]LogConfig: Applying CVar settings from Section [/Script/Engine.RendererSettings] File [C:/Users/Matth/Documents/UNI WORK/Actual Year 2/TechDemo4/MyProject2/Saved/Config/Windows/Engine.ini]
[2024.01.05-20.46.50:332][  0]LogConfig: Setting CVar [[r.GPUCrashDebugging:0]]
[2024.01.05-20.46.50:332][  0]LogConfig: Applying CVar settings from Section [/Script/Engine.RendererOverrideSettings] File [C:/Users/Matth/Documents/UNI WORK/Actual Year 2/TechDemo4/MyProject2/Saved/Config/Windows/Engine.ini]
[2024.01.05-20.46.50:332][  0]LogConfig: Applying CVar settings from Section [/Script/Engine.StreamingSettings] File [C:/Users/Matth/Documents/UNI WORK/Actual Year 2/TechDemo4/MyProject2/Saved/Config/Windows/Engine.ini]
[2024.01.05-20.46.50:332][  0]LogConfig: Setting CVar [[s.MinBulkDataSizeForAsyncLoading:131072]]
[2024.01.05-20.46.50:332][  0]LogConfig: Setting CVar [[s.AsyncLoadingThreadEnabled:0]]
[2024.01.05-20.46.50:333][  0]LogConfig: Setting CVar [[s.EventDrivenLoaderEnabled:1]]
[2024.01.05-20.46.50:333][  0]LogConfig: Setting CVar [[s.WarnIfTimeLimitExceeded:0]]
[2024.01.05-20.46.50:333][  0]LogConfig: Setting CVar [[s.TimeLimitExceededMultiplier:1.5]]
[2024.01.05-20.46.50:333][  0]LogConfig: Setting CVar [[s.TimeLimitExceededMinTime:0.005]]
[2024.01.05-20.46.50:333][  0]LogConfig: Setting CVar [[s.UseBackgroundLevelStreaming:1]]
[2024.01.05-20.46.50:333][  0]LogConfig: Setting CVar [[s.PriorityAsyncLoadingExtraTime:15.0]]
[2024.01.05-20.46.50:333][  0]LogConfig: Setting CVar [[s.LevelStreamingActorsUpdateTimeLimit:5.0]]
[2024.01.05-20.46.50:333][  0]LogConfig: Setting CVar [[s.PriorityLevelStreamingActorsUpdateExtraTime:5.0]]
[2024.01.05-20.46.50:333][  0]LogConfig: Setting CVar [[s.LevelStreamingComponentsRegistrationGranularity:10]]
[2024.01.05-20.46.50:333][  0]LogConfig: Setting CVar [[s.UnregisterComponentsTimeLimit:1.0]]
[2024.01.05-20.46.50:333][  0]LogConfig: Setting CVar [[s.LevelStreamingComponentsUnregistrationGranularity:5]]
[2024.01.05-20.46.50:333][  0]LogConfig: Setting CVar [[s.FlushStreamingOnExit:1]]
[2024.01.05-20.46.50:333][  0]LogConfig: Applying CVar settings from Section [/Script/Engine.GarbageCollectionSettings] File [C:/Users/Matth/Documents/UNI WORK/Actual Year 2/TechDemo4/MyProject2/Saved/Config/Windows/Engine.ini]
[2024.01.05-20.46.50:333][  0]LogConfig: Setting CVar [[gc.MaxObjectsNotConsideredByGC:1]]
[2024.01.05-20.46.50:333][  0]LogConfig: Setting CVar [[gc.SizeOfPermanentObjectPool:0]]
[2024.01.05-20.46.50:333][  0]LogConfig: Setting CVar [[gc.FlushStreamingOnGC:0]]
[2024.01.05-20.46.50:333][  0]LogConfig: Setting CVar [[gc.NumRetriesBeforeForcingGC:10]]
[2024.01.05-20.46.50:333][  0]LogConfig: Setting CVar [[gc.AllowParallelGC:1]]
[2024.01.05-20.46.50:333][  0]LogConfig: Setting CVar [[gc.TimeBetweenPurgingPendingKillObjects:61.1]]
[2024.01.05-20.46.50:333][  0]LogConfig: Setting CVar [[gc.MaxObjectsInEditor:25165824]]
[2024.01.05-20.46.50:333][  0]LogConfig: Setting CVar [[gc.IncrementalBeginDestroyEnabled:1]]
[2024.01.05-20.46.50:333][  0]LogConfig: Setting CVar [[gc.CreateGCClusters:1]]
[2024.01.05-20.46.50:333][  0]LogConfig: Setting CVar [[gc.MinGCClusterSize:5]]
[2024.01.05-20.46.50:333][  0]LogConfig: Setting CVar [[gc.ActorClusteringEnabled:0]]
[2024.01.05-20.46.50:333][  0]LogConfig: Setting CVar [[gc.BlueprintClusteringEnabled:0]]
[2024.01.05-20.46.50:333][  0]LogConfig: Setting CVar [[gc.UseDisregardForGCOnDedicatedServers:0]]
[2024.01.05-20.46.50:334][  0]LogConfig: Setting CVar [[gc.MultithreadedDestructionEnabled:1]]
[2024.01.05-20.46.50:334][  0]LogConfig: Applying CVar settings from Section [/Script/Engine.NetworkSettings] File [C:/Users/Matth/Documents/UNI WORK/Actual Year 2/TechDemo4/MyProject2/Saved/Config/Windows/Engine.ini]
[2024.01.05-20.46.50:334][  0]LogConfig: Applying CVar settings from Section [/Script/UnrealEd.CookerSettings] File [C:/Users/Matth/Documents/UNI WORK/Actual Year 2/TechDemo4/MyProject2/Saved/Config/Windows/Engine.ini]
[2024.01.05-20.46.50:360][  0]LogConfig: Applying CVar settings from Section [ViewDistanceQuality@3] File [C:/Users/Matth/Documents/UNI WORK/Actual Year 2/TechDemo4/MyProject2/Saved/Config/Windows/Scalability.ini]
[2024.01.05-20.46.50:360][  0]LogConfig: Setting CVar [[r.SkeletalMeshLODBias:0]]
[2024.01.05-20.46.50:360][  0]LogConfig: Setting CVar [[r.ViewDistanceScale:1.0]]
[2024.01.05-20.46.50:360][  0]LogConfig: Applying CVar settings from Section [AntiAliasingQuality@3] File [C:/Users/Matth/Documents/UNI WORK/Actual Year 2/TechDemo4/MyProject2/Saved/Config/Windows/Scalability.ini]
[2024.01.05-20.46.50:360][  0]LogConfig: Setting CVar [[r.PostProcessAAQuality:4]]
[2024.01.05-20.46.50:360][  0]LogConfig: Applying CVar settings from Section [ShadowQuality@3] File [C:/Users/Matth/Documents/UNI WORK/Actual Year 2/TechDemo4/MyProject2/Saved/Config/Windows/Scalability.ini]
[2024.01.05-20.46.50:360][  0]LogConfig: Setting CVar [[r.LightFunctionQuality:1]]
[2024.01.05-20.46.50:360][  0]LogConfig: Setting CVar [[r.ShadowQuality:5]]
[2024.01.05-20.46.50:360][  0]LogConfig: Setting CVar [[r.Shadow.CSM.MaxCascades:10]]
[2024.01.05-20.46.50:361][  0]LogConfig: Setting CVar [[r.Shadow.MaxResolution:2048]]
[2024.01.05-20.46.50:361][  0]LogConfig: Setting CVar [[r.Shadow.MaxCSMResolution:2048]]
[2024.01.05-20.46.50:361][  0]LogConfig: Setting CVar [[r.Shadow.RadiusThreshold:0.01]]
[2024.01.05-20.46.50:361][  0]LogConfig: Setting CVar [[r.Shadow.DistanceScale:1.0]]
[2024.01.05-20.46.50:361][  0]LogConfig: Setting CVar [[r.Shadow.CSM.TransitionScale:1.0]]
[2024.01.05-20.46.50:361][  0]LogConfig: Setting CVar [[r.Shadow.PreShadowResolutionFactor:1.0]]
[2024.01.05-20.46.50:361][  0]LogConfig: Setting CVar [[r.DistanceFieldShadowing:1]]
[2024.01.05-20.46.50:361][  0]LogConfig: Setting CVar [[r.DistanceFieldAO:1]]
[2024.01.05-20.46.50:361][  0]LogConfig: Setting CVar [[r.AOQuality:2]]
[2024.01.05-20.46.50:361][  0]LogConfig: Setting CVar [[r.VolumetricFog:1]]
[2024.01.05-20.46.50:361][  0]LogConfig: Setting CVar [[r.VolumetricFog.GridPixelSize:8]]
[2024.01.05-20.46.50:361][  0]LogConfig: Setting CVar [[r.VolumetricFog.GridSizeZ:128]]
[2024.01.05-20.46.50:361][  0]LogConfig: Setting CVar [[r.VolumetricFog.HistoryMissSupersampleCount:4]]
[2024.01.05-20.46.50:361][  0]LogConfig: Setting CVar [[r.LightMaxDrawDistanceScale:1]]
[2024.01.05-20.46.50:361][  0]LogConfig: Setting CVar [[r.CapsuleShadows:1]]
[2024.01.05-20.46.50:361][  0]LogConfig: Applying CVar settings from Section [PostProcessQuality@3] File [C:/Users/Matth/Documents/UNI WORK/Actual Year 2/TechDemo4/MyProject2/Saved/Config/Windows/Scalability.ini]
[2024.01.05-20.46.50:361][  0]LogConfig: Setting CVar [[r.MotionBlurQuality:4]]
[2024.01.05-20.46.50:361][  0]LogConfig: Setting CVar [[r.AmbientOcclusionMipLevelFactor:0.4]]
[2024.01.05-20.46.50:361][  0]LogConfig: Setting CVar [[r.AmbientOcclusionMaxQuality:100]]
[2024.01.05-20.46.50:361][  0]LogConfig: Setting CVar [[r.AmbientOcclusionLevels:-1]]
[2024.01.05-20.46.50:362][  0]LogConfig: Setting CVar [[r.AmbientOcclusionRadiusScale:1.0]]
[2024.01.05-20.46.50:362][  0]LogConfig: Setting CVar [[r.DepthOfFieldQuality:2]]
[2024.01.05-20.46.50:362][  0]LogConfig: Setting CVar [[r.RenderTargetPoolMin:400]]
[2024.01.05-20.46.50:362][  0]LogConfig: Setting CVar [[r.LensFlareQuality:2]]
[2024.01.05-20.46.50:362][  0]LogConfig: Setting CVar [[r.SceneColorFringeQuality:1]]
[2024.01.05-20.46.50:362][  0]LogConfig: Setting CVar [[r.EyeAdaptationQuality:2]]
[2024.01.05-20.46.50:362][  0]LogConfig: Setting CVar [[r.BloomQuality:5]]
[2024.01.05-20.46.50:362][  0]LogConfig: Setting CVar [[r.FastBlurThreshold:100]]
[2024.01.05-20.46.50:362][  0]LogConfig: Setting CVar [[r.Upscale.Quality:3]]
[2024.01.05-20.46.50:362][  0]LogConfig: Setting CVar [[r.Tonemapper.GrainQuantization:1]]
[2024.01.05-20.46.50:362][  0]LogConfig: Setting CVar [[r.LightShaftQuality:1]]
[2024.01.05-20.46.50:362][  0]LogConfig: Setting CVar [[r.Filter.SizeScale:1]]
[2024.01.05-20.46.50:362][  0]LogConfig: Setting CVar [[r.Tonemapper.Quality:5]]
[2024.01.05-20.46.50:362][  0]LogConfig: Setting CVar [[r.DOF.Gather.AccumulatorQuality:1        ; higher gathering accumulator quality]]
[2024.01.05-20.46.50:362][  0]LogConfig: Setting CVar [[r.DOF.Gather.PostfilterMethod:1          ; Median3x3 postfilering method]]
[2024.01.05-20.46.50:362][  0]LogConfig: Setting CVar [[r.DOF.Gather.EnableBokehSettings:0       ; no bokeh simulation when gathering]]
[2024.01.05-20.46.50:362][  0]LogConfig: Setting CVar [[r.DOF.Gather.RingCount:4                 ; medium number of samples when gathering]]
[2024.01.05-20.46.50:362][  0]LogConfig: Setting CVar [[r.DOF.Scatter.ForegroundCompositing:1    ; additive foreground scattering]]
[2024.01.05-20.46.50:362][  0]LogConfig: Setting CVar [[r.DOF.Scatter.BackgroundCompositing:2    ; additive background scattering]]
[2024.01.05-20.46.50:362][  0]LogConfig: Setting CVar [[r.DOF.Scatter.EnableBokehSettings:1      ; bokeh simulation when scattering]]
[2024.01.05-20.46.50:362][  0]LogConfig: Setting CVar [[r.DOF.Scatter.MaxSpriteRatio:0.1         ; only a maximum of 10% of scattered bokeh]]
[2024.01.05-20.46.50:362][  0]LogConfig: Setting CVar [[r.DOF.Recombine.Quality:1                ; cheap slight out of focus]]
[2024.01.05-20.46.50:362][  0]LogConfig: Setting CVar [[r.DOF.Recombine.EnableBokehSettings:0    ; no bokeh simulation on slight out of focus]]
[2024.01.05-20.46.50:362][  0]LogConfig: Setting CVar [[r.DOF.TemporalAAQuality:1                ; more stable temporal accumulation]]
[2024.01.05-20.46.50:362][  0]LogConfig: Setting CVar [[r.DOF.Kernel.MaxForegroundRadius:0.025]]
[2024.01.05-20.46.50:362][  0]LogConfig: Setting CVar [[r.DOF.Kernel.MaxBackgroundRadius:0.025]]
[2024.01.05-20.46.50:363][  0]LogConfig: Applying CVar settings from Section [TextureQuality@3] File [C:/Users/Matth/Documents/UNI WORK/Actual Year 2/TechDemo4/MyProject2/Saved/Config/Windows/Scalability.ini]
[2024.01.05-20.46.50:363][  0]LogConfig: Setting CVar [[r.Streaming.MipBias:0]]
[2024.01.05-20.46.50:363][  0]LogConfig: Setting CVar [[r.Streaming.AmortizeCPUToGPUCopy:0]]
[2024.01.05-20.46.50:363][  0]LogConfig: Setting CVar [[r.Streaming.MaxNumTexturesToStreamPerFrame:0]]
[2024.01.05-20.46.50:363][  0]LogConfig: Setting CVar [[r.Streaming.Boost:1]]
[2024.01.05-20.46.50:363][  0]LogConfig: Setting CVar [[r.MaxAnisotropy:8]]
[2024.01.05-20.46.50:363][  0]LogConfig: Setting CVar [[r.VT.MaxAnisotropy:8]]
[2024.01.05-20.46.50:363][  0]LogConfig: Setting CVar [[r.Streaming.LimitPoolSizeToVRAM:0]]
[2024.01.05-20.46.50:363][  0]LogConfig: Setting CVar [[r.Streaming.PoolSize:1000]]
[2024.01.05-20.46.50:363][  0]LogConfig: Setting CVar [[r.Streaming.MaxEffectiveScreenSize:0]]
[2024.01.05-20.46.50:363][  0]LogConfig: Applying CVar settings from Section [EffectsQuality@3] File [C:/Users/Matth/Documents/UNI WORK/Actual Year 2/TechDemo4/MyProject2/Saved/Config/Windows/Scalability.ini]
[2024.01.05-20.46.50:363][  0]LogConfig: Setting CVar [[r.TranslucencyLightingVolumeDim:64]]
[2024.01.05-20.46.50:363][  0]LogConfig: Setting CVar [[r.RefractionQuality:2]]
[2024.01.05-20.46.50:363][  0]LogConfig: Setting CVar [[r.SSR.Quality:3]]
[2024.01.05-20.46.50:363][  0]LogConfig: Setting CVar [[r.SSR.HalfResSceneColor:0]]
[2024.01.05-20.46.50:363][  0]LogConfig: Setting CVar [[r.SceneColorFormat:4]]
[2024.01.05-20.46.50:363][  0]LogConfig: Setting CVar [[r.DetailMode:2]]
[2024.01.05-20.46.50:363][  0]LogConfig: Setting CVar [[r.TranslucencyVolumeBlur:1]]
[2024.01.05-20.46.50:363][  0]LogConfig: Setting CVar [[r.MaterialQualityLevel:1 ; High quality]]
[2024.01.05-20.46.50:363][  0]LogConfig: Setting CVar [[r.AnisotropicMaterials:1]]
[2024.01.05-20.46.50:363][  0]LogConfig: Setting CVar [[r.SSS.Scale:1]]
[2024.01.05-20.46.50:363][  0]LogConfig: Setting CVar [[r.SSS.SampleSet:2]]
[2024.01.05-20.46.50:363][  0]LogConfig: Setting CVar [[r.SSS.Quality:1]]
[2024.01.05-20.46.50:363][  0]LogConfig: Setting CVar [[r.SSS.HalfRes:0]]
[2024.01.05-20.46.50:363][  0]LogConfig: Setting CVar [[r.SSGI.Quality:3]]
[2024.01.05-20.46.50:363][  0]LogConfig: Setting CVar [[r.EmitterSpawnRateScale:1.0]]
[2024.01.05-20.46.50:364][  0]LogConfig: Setting CVar [[r.ParticleLightQuality:2]]
[2024.01.05-20.46.50:364][  0]LogConfig: Setting CVar [[r.SkyAtmosphere.AerialPerspectiveLUT.FastApplyOnOpaque:1 ; Always have FastSkyLUT 1 in this case to avoid wrong sky]]
[2024.01.05-20.46.50:364][  0]LogConfig: Setting CVar [[r.SkyAtmosphere.AerialPerspectiveLUT.SampleCountMaxPerSlice:4]]
[2024.01.05-20.46.50:364][  0]LogConfig: Setting CVar [[r.SkyAtmosphere.AerialPerspectiveLUT.DepthResolution:16.0]]
[2024.01.05-20.46.50:364][  0]LogConfig: Setting CVar [[r.SkyAtmosphere.FastSkyLUT:1]]
[2024.01.05-20.46.50:364][  0]LogConfig: Setting CVar [[r.SkyAtmosphere.FastSkyLUT.SampleCountMin:4.0]]
[2024.01.05-20.46.50:364][  0]LogConfig: Setting CVar [[r.SkyAtmosphere.FastSkyLUT.SampleCountMax:128.0]]
[2024.01.05-20.46.50:364][  0]LogConfig: Setting CVar [[r.SkyAtmosphere.SampleCountMin:4.0]]
[2024.01.05-20.46.50:364][  0]LogConfig: Setting CVar [[r.SkyAtmosphere.SampleCountMax:128.0]]
[2024.01.05-20.46.50:364][  0]LogConfig: Setting CVar [[r.SkyAtmosphere.TransmittanceLUT.UseSmallFormat:0]]
[2024.01.05-20.46.50:364][  0]LogConfig: Setting CVar [[r.SkyAtmosphere.TransmittanceLUT.SampleCount:10.0]]
[2024.01.05-20.46.50:364][  0]LogConfig: Setting CVar [[r.SkyAtmosphere.MultiScatteringLUT.SampleCount:15.0]]
[2024.01.05-20.46.50:364][  0]LogConfig: Setting CVar [[r.SkyLight.RealTimeReflectionCapture:1]]
[2024.01.05-20.46.50:364][  0]LogConfig: Applying CVar settings from Section [FoliageQuality@3] File [C:/Users/Matth/Documents/UNI WORK/Actual Year 2/TechDemo4/MyProject2/Saved/Config/Windows/Scalability.ini]
[2024.01.05-20.46.50:364][  0]LogConfig: Setting CVar [[foliage.DensityScale:1.0]]
[2024.01.05-20.46.50:364][  0]LogConfig: Setting CVar [[grass.DensityScale:1.0]]
[2024.01.05-20.46.50:364][  0]LogConfig: Applying CVar settings from Section [ShadingQuality@3] File [C:/Users/Matth/Documents/UNI WORK/Actual Year 2/TechDemo4/MyProject2/Saved/Config/Windows/Scalability.ini]
[2024.01.05-20.46.50:364][  0]LogConfig: Setting CVar [[r.HairStrands.SkyLighting.IntegrationType:2]]
[2024.01.05-20.46.50:364][  0]LogConfig: Setting CVar [[r.HairStrands.SkyAO.SampleCount:4]]
[2024.01.05-20.46.50:364][  0]LogConfig: Setting CVar [[r.HairStrands.Visibility.MSAA.SamplePerPixel:4]]
[2024.01.05-20.46.50:364][  0]LogInit: Selected Device Profile: [Windows]
[2024.01.05-20.46.50:364][  0]LogInit: Applying CVar settings loaded from the selected device profile: [Windows]
[2024.01.05-20.46.50:364][  0]LogHAL: Display: Platform has ~ 32 GB [34245427200 / 34359738368 / 32], which maps to Largest [LargestMinGB=32, LargerMinGB=12, DefaultMinGB=8, SmallerMinGB=6, SmallestMinGB=0)
[2024.01.05-20.46.50:365][  0]LogInit: Going up to parent DeviceProfile []
[2024.01.05-20.46.50:365][  0]LogConfig: Applying CVar settings from Section [ViewDistanceQuality@3] File [C:/Users/Matth/Documents/UNI WORK/Actual Year 2/TechDemo4/MyProject2/Saved/Config/Windows/Scalability.ini]
[2024.01.05-20.46.50:365][  0]LogConfig: Setting CVar [[r.SkeletalMeshLODBias:0]]
[2024.01.05-20.46.50:365][  0]LogConfig: Setting CVar [[r.ViewDistanceScale:1.0]]
[2024.01.05-20.46.50:365][  0]LogConfig: Applying CVar settings from Section [AntiAliasingQuality@3] File [C:/Users/Matth/Documents/UNI WORK/Actual Year 2/TechDemo4/MyProject2/Saved/Config/Windows/Scalability.ini]
[2024.01.05-20.46.50:365][  0]LogConfig: Setting CVar [[r.PostProcessAAQuality:4]]
[2024.01.05-20.46.50:365][  0]LogConfig: Applying CVar settings from Section [ShadowQuality@3] File [C:/Users/Matth/Documents/UNI WORK/Actual Year 2/TechDemo4/MyProject2/Saved/Config/Windows/Scalability.ini]
[2024.01.05-20.46.50:365][  0]LogConfig: Setting CVar [[r.LightFunctionQuality:1]]
[2024.01.05-20.46.50:365][  0]LogConfig: Setting CVar [[r.ShadowQuality:5]]
[2024.01.05-20.46.50:365][  0]LogConfig: Setting CVar [[r.Shadow.CSM.MaxCascades:10]]
[2024.01.05-20.46.50:365][  0]LogConfig: Setting CVar [[r.Shadow.MaxResolution:2048]]
[2024.01.05-20.46.50:365][  0]LogConfig: Setting CVar [[r.Shadow.MaxCSMResolution:2048]]
[2024.01.05-20.46.50:365][  0]LogConfig: Setting CVar [[r.Shadow.RadiusThreshold:0.01]]
[2024.01.05-20.46.50:365][  0]LogConfig: Setting CVar [[r.Shadow.DistanceScale:1.0]]
[2024.01.05-20.46.50:365][  0]LogConfig: Setting CVar [[r.Shadow.CSM.TransitionScale:1.0]]
[2024.01.05-20.46.50:365][  0]LogConfig: Setting CVar [[r.Shadow.PreShadowResolutionFactor:1.0]]
[2024.01.05-20.46.50:365][  0]LogConfig: Setting CVar [[r.DistanceFieldShadowing:1]]
[2024.01.05-20.46.50:365][  0]LogConfig: Setting CVar [[r.DistanceFieldAO:1]]
[2024.01.05-20.46.50:365][  0]LogConfig: Setting CVar [[r.AOQuality:2]]
[2024.01.05-20.46.50:365][  0]LogConfig: Setting CVar [[r.VolumetricFog:1]]
[2024.01.05-20.46.50:365][  0]LogConfig: Setting CVar [[r.VolumetricFog.GridPixelSize:8]]
[2024.01.05-20.46.50:365][  0]LogConfig: Setting CVar [[r.VolumetricFog.GridSizeZ:128]]
[2024.01.05-20.46.50:365][  0]LogConfig: Setting CVar [[r.VolumetricFog.HistoryMissSupersampleCount:4]]
[2024.01.05-20.46.50:366][  0]LogConfig: Setting CVar [[r.LightMaxDrawDistanceScale:1]]
[2024.01.05-20.46.50:366][  0]LogConfig: Setting CVar [[r.CapsuleShadows:1]]
[2024.01.05-20.46.50:366][  0]LogConfig: Applying CVar settings from Section [PostProcessQuality@3] File [C:/Users/Matth/Documents/UNI WORK/Actual Year 2/TechDemo4/MyProject2/Saved/Config/Windows/Scalability.ini]
[2024.01.05-20.46.50:366][  0]LogConfig: Setting CVar [[r.MotionBlurQuality:4]]
[2024.01.05-20.46.50:366][  0]LogConfig: Setting CVar [[r.AmbientOcclusionMipLevelFactor:0.4]]
[2024.01.05-20.46.50:366][  0]LogConfig: Setting CVar [[r.AmbientOcclusionMaxQuality:100]]
[2024.01.05-20.46.50:366][  0]LogConfig: Setting CVar [[r.AmbientOcclusionLevels:-1]]
[2024.01.05-20.46.50:366][  0]LogConfig: Setting CVar [[r.AmbientOcclusionRadiusScale:1.0]]
[2024.01.05-20.46.50:366][  0]LogConfig: Setting CVar [[r.DepthOfFieldQuality:2]]
[2024.01.05-20.46.50:366][  0]LogConfig: Setting CVar [[r.RenderTargetPoolMin:400]]
[2024.01.05-20.46.50:366][  0]LogConfig: Setting CVar [[r.LensFlareQuality:2]]
[2024.01.05-20.46.50:366][  0]LogConfig: Setting CVar [[r.SceneColorFringeQuality:1]]
[2024.01.05-20.46.50:366][  0]LogConfig: Setting CVar [[r.EyeAdaptationQuality:2]]
[2024.01.05-20.46.50:366][  0]LogConfig: Setting CVar [[r.BloomQuality:5]]
[2024.01.05-20.46.50:366][  0]LogConfig: Setting CVar [[r.FastBlurThreshold:100]]
[2024.01.05-20.46.50:366][  0]LogConfig: Setting CVar [[r.Upscale.Quality:3]]
[2024.01.05-20.46.50:366][  0]LogConfig: Setting CVar [[r.Tonemapper.GrainQuantization:1]]
[2024.01.05-20.46.50:366][  0]LogConfig: Setting CVar [[r.LightShaftQuality:1]]
[2024.01.05-20.46.50:366][  0]LogConfig: Setting CVar [[r.Filter.SizeScale:1]]
[2024.01.05-20.46.50:366][  0]LogConfig: Setting CVar [[r.Tonemapper.Quality:5]]
[2024.01.05-20.46.50:366][  0]LogConfig: Setting CVar [[r.DOF.Gather.AccumulatorQuality:1        ; higher gathering accumulator quality]]
[2024.01.05-20.46.50:366][  0]LogConfig: Setting CVar [[r.DOF.Gather.PostfilterMethod:1          ; Median3x3 postfilering method]]
[2024.01.05-20.46.50:366][  0]LogConfig: Setting CVar [[r.DOF.Gather.EnableBokehSettings:0       ; no bokeh simulation when gathering]]
[2024.01.05-20.46.50:366][  0]LogConfig: Setting CVar [[r.DOF.Gather.RingCount:4                 ; medium number of samples when gathering]]
[2024.01.05-20.46.50:366][  0]LogConfig: Setting CVar [[r.DOF.Scatter.ForegroundCompositing:1    ; additive foreground scattering]]
[2024.01.05-20.46.50:367][  0]LogConfig: Setting CVar [[r.DOF.Scatter.BackgroundCompositing:2    ; additive background scattering]]
[2024.01.05-20.46.50:367][  0]LogConfig: Setting CVar [[r.DOF.Scatter.EnableBokehSettings:1      ; bokeh simulation when scattering]]
[2024.01.05-20.46.50:367][  0]LogConfig: Setting CVar [[r.DOF.Scatter.MaxSpriteRatio:0.1         ; only a maximum of 10% of scattered bokeh]]
[2024.01.05-20.46.50:367][  0]LogConfig: Setting CVar [[r.DOF.Recombine.Quality:1                ; cheap slight out of focus]]
[2024.01.05-20.46.50:367][  0]LogConfig: Setting CVar [[r.DOF.Recombine.EnableBokehSettings:0    ; no bokeh simulation on slight out of focus]]
[2024.01.05-20.46.50:367][  0]LogConfig: Setting CVar [[r.DOF.TemporalAAQuality:1                ; more stable temporal accumulation]]
[2024.01.05-20.46.50:367][  0]LogConfig: Setting CVar [[r.DOF.Kernel.MaxForegroundRadius:0.025]]
[2024.01.05-20.46.50:367][  0]LogConfig: Setting CVar [[r.DOF.Kernel.MaxBackgroundRadius:0.025]]
[2024.01.05-20.46.50:367][  0]LogConfig: Applying CVar settings from Section [TextureQuality@3] File [C:/Users/Matth/Documents/UNI WORK/Actual Year 2/TechDemo4/MyProject2/Saved/Config/Windows/Scalability.ini]
[2024.01.05-20.46.50:367][  0]LogConfig: Setting CVar [[r.Streaming.MipBias:0]]
[2024.01.05-20.46.50:367][  0]LogConfig: Setting CVar [[r.Streaming.AmortizeCPUToGPUCopy:0]]
[2024.01.05-20.46.50:367][  0]LogConfig: Setting CVar [[r.Streaming.MaxNumTexturesToStreamPerFrame:0]]
[2024.01.05-20.46.50:367][  0]LogConfig: Setting CVar [[r.Streaming.Boost:1]]
[2024.01.05-20.46.50:367][  0]LogConfig: Setting CVar [[r.MaxAnisotropy:8]]
[2024.01.05-20.46.50:367][  0]LogConfig: Setting CVar [[r.VT.MaxAnisotropy:8]]
[2024.01.05-20.46.50:367][  0]LogConfig: Setting CVar [[r.Streaming.LimitPoolSizeToVRAM:0]]
[2024.01.05-20.46.50:367][  0]LogConfig: Setting CVar [[r.Streaming.PoolSize:1000]]
[2024.01.05-20.46.50:367][  0]LogConfig: Setting CVar [[r.Streaming.MaxEffectiveScreenSize:0]]
[2024.01.05-20.46.50:367][  0]LogConfig: Applying CVar settings from Section [EffectsQuality@3] File [C:/Users/Matth/Documents/UNI WORK/Actual Year 2/TechDemo4/MyProject2/Saved/Config/Windows/Scalability.ini]
[2024.01.05-20.46.50:367][  0]LogConfig: Setting CVar [[r.TranslucencyLightingVolumeDim:64]]
[2024.01.05-20.46.50:367][  0]LogConfig: Setting CVar [[r.RefractionQuality:2]]
[2024.01.05-20.46.50:367][  0]LogConfig: Setting CVar [[r.SSR.Quality:3]]
[2024.01.05-20.46.50:367][  0]LogConfig: Setting CVar [[r.SSR.HalfResSceneColor:0]]
[2024.01.05-20.46.50:367][  0]LogConfig: Setting CVar [[r.SceneColorFormat:4]]
[2024.01.05-20.46.50:368][  0]LogConfig: Setting CVar [[r.DetailMode:2]]
[2024.01.05-20.46.50:368][  0]LogConfig: Setting CVar [[r.TranslucencyVolumeBlur:1]]
[2024.01.05-20.46.50:368][  0]LogConfig: Setting CVar [[r.MaterialQualityLevel:1 ; High quality]]
[2024.01.05-20.46.50:368][  0]LogConfig: Setting CVar [[r.AnisotropicMaterials:1]]
[2024.01.05-20.46.50:368][  0]LogConfig: Setting CVar [[r.SSS.Scale:1]]
[2024.01.05-20.46.50:368][  0]LogConfig: Setting CVar [[r.SSS.SampleSet:2]]
[2024.01.05-20.46.50:368][  0]LogConfig: Setting CVar [[r.SSS.Quality:1]]
[2024.01.05-20.46.50:368][  0]LogConfig: Setting CVar [[r.SSS.HalfRes:0]]
[2024.01.05-20.46.50:368][  0]LogConfig: Setting CVar [[r.SSGI.Quality:3]]
[2024.01.05-20.46.50:368][  0]LogConfig: Setting CVar [[r.EmitterSpawnRateScale:1.0]]
[2024.01.05-20.46.50:368][  0]LogConfig: Setting CVar [[r.ParticleLightQuality:2]]
[2024.01.05-20.46.50:368][  0]LogConfig: Setting CVar [[r.SkyAtmosphere.AerialPerspectiveLUT.FastApplyOnOpaque:1 ; Always have FastSkyLUT 1 in this case to avoid wrong sky]]
[2024.01.05-20.46.50:368][  0]LogConfig: Setting CVar [[r.SkyAtmosphere.AerialPerspectiveLUT.SampleCountMaxPerSlice:4]]
[2024.01.05-20.46.50:368][  0]LogConfig: Setting CVar [[r.SkyAtmosphere.AerialPerspectiveLUT.DepthResolution:16.0]]
[2024.01.05-20.46.50:368][  0]LogConfig: Setting CVar [[r.SkyAtmosphere.FastSkyLUT:1]]
[2024.01.05-20.46.50:368][  0]LogConfig: Setting CVar [[r.SkyAtmosphere.FastSkyLUT.SampleCountMin:4.0]]
[2024.01.05-20.46.50:368][  0]LogConfig: Setting CVar [[r.SkyAtmosphere.FastSkyLUT.SampleCountMax:128.0]]
[2024.01.05-20.46.50:368][  0]LogConfig: Setting CVar [[r.SkyAtmosphere.SampleCountMin:4.0]]
[2024.01.05-20.46.50:368][  0]LogConfig: Setting CVar [[r.SkyAtmosphere.SampleCountMax:128.0]]
[2024.01.05-20.46.50:368][  0]LogConfig: Setting CVar [[r.SkyAtmosphere.TransmittanceLUT.UseSmallFormat:0]]
[2024.01.05-20.46.50:368][  0]LogConfig: Setting CVar [[r.SkyAtmosphere.TransmittanceLUT.SampleCount:10.0]]
[2024.01.05-20.46.50:368][  0]LogConfig: Setting CVar [[r.SkyAtmosphere.MultiScatteringLUT.SampleCount:15.0]]
[2024.01.05-20.46.50:368][  0]LogConfig: Setting CVar [[r.SkyLight.RealTimeReflectionCapture:1]]
[2024.01.05-20.46.50:368][  0]LogConfig: Applying CVar settings from Section [FoliageQuality@3] File [C:/Users/Matth/Documents/UNI WORK/Actual Year 2/TechDemo4/MyProject2/Saved/Config/Windows/Scalability.ini]
[2024.01.05-20.46.50:368][  0]LogConfig: Setting CVar [[foliage.DensityScale:1.0]]
[2024.01.05-20.46.50:369][  0]LogConfig: Setting CVar [[grass.DensityScale:1.0]]
[2024.01.05-20.46.50:369][  0]LogConfig: Applying CVar settings from Section [ShadingQuality@3] File [C:/Users/Matth/Documents/UNI WORK/Actual Year 2/TechDemo4/MyProject2/Saved/Config/Windows/Scalability.ini]
[2024.01.05-20.46.50:369][  0]LogConfig: Setting CVar [[r.HairStrands.SkyLighting.IntegrationType:2]]
[2024.01.05-20.46.50:369][  0]LogConfig: Setting CVar [[r.HairStrands.SkyAO.SampleCount:4]]
[2024.01.05-20.46.50:369][  0]LogConfig: Setting CVar [[r.HairStrands.Visibility.MSAA.SamplePerPixel:4]]
[2024.01.05-20.46.50:369][  0]LogConfig: Applying CVar settings from Section [Startup] File [../../../Engine/Config/ConsoleVariables.ini]
[2024.01.05-20.46.50:369][  0]LogConfig: Setting CVar [[net.UseAdaptiveNetUpdateFrequency:0]]
[2024.01.05-20.46.50:369][  0]LogConfig: Setting CVar [[p.chaos.AllowCreatePhysxBodies:1]]
[2024.01.05-20.46.50:369][  0]LogConfig: Setting CVar [[fx.SkipVectorVMBackendOptimizations:1]]
[2024.01.05-20.46.50:369][  0]LogConfig: Applying CVar settings from Section [ConsoleVariables] File [C:/Users/Matth/Documents/UNI WORK/Actual Year 2/TechDemo4/MyProject2/Saved/Config/Windows/Engine.ini]
[2024.01.05-20.46.50:369][  0]LogConfig: Applying CVar settings from Section [ConsoleVariables] File [C:/Users/Matth/Documents/UNI WORK/Actual Year 2/TechDemo4/MyProject2/Saved/Config/Windows/Editor.ini]
[2024.01.05-20.46.50:369][  0]LogInit: Computer: DESKTOP-RSHUQME
[2024.01.05-20.46.50:369][  0]LogInit: User: Matth
[2024.01.05-20.46.50:369][  0]LogInit: CPU Page size=4096, Cores=6
[2024.01.05-20.46.50:369][  0]LogInit: High frequency timer resolution =10.000000 MHz
[2024.01.05-20.46.50:369][  0]LogMemory: Memory total: Physical=31.9GB (32GB approx)
[2024.01.05-20.46.50:370][  0]LogMemory: Platform Memory Stats for Windows
[2024.01.05-20.46.50:370][  0]LogMemory: Process Physical Memory: 149.40 MB used, 149.40 MB peak
[2024.01.05-20.46.50:370][  0]LogMemory: Process Virtual Memory: 122.02 MB used, 122.02 MB peak
[2024.01.05-20.46.50:370][  0]LogMemory: Physical Memory: 15806.39 MB used,  16852.59 MB free, 32658.98 MB total
[2024.01.05-20.46.50:370][  0]LogMemory: Virtual Memory: 134203424.00 MB used,  14304.53 MB free, 134217728.00 MB total
[2024.01.05-20.46.50:381][  0]LogWindows: WindowsPlatformFeatures enabled
[2024.01.05-20.46.50:531][  0]LogInit: Physics initialised using underlying interface: PhysX
[2024.01.05-20.46.50:532][  0]LogInit: Using OS detected language (en-GB).
[2024.01.05-20.46.50:532][  0]LogInit: Using OS detected locale (en-GB).
[2024.01.05-20.46.50:538][  0]LogTextLocalizationManager: No specific localization for 'en-GB' exists, so the 'en' localization will be used.
[2024.01.05-20.46.50:679][  0]LogInit: Setting process to per monitor DPI aware
[2024.01.05-20.46.50:722][  0]LogWindowsTextInputMethodSystem: Display: IME system deactivated.
[2024.01.05-20.46.50:741][  0]LogSlate: New Slate User Created.  User Index 0, Is Virtual User: 0
[2024.01.05-20.46.50:741][  0]LogSlate: Slate User Registered.  User Index 0, Is Virtual User: 0
[2024.01.05-20.46.50:876][  0]LogD3D11RHI: Loaded GFSDK_Aftermath_Lib.x64.dll
[2024.01.05-20.46.50:881][  0]LogHMD: Failed to initialize OpenVR with code 110
[2024.01.05-20.46.50:881][  0]LogD3D11RHI: D3D11 min allowed feature level: 11_0
[2024.01.05-20.46.50:881][  0]LogD3D11RHI: D3D11 max allowed feature level: 11_0
[2024.01.05-20.46.50:881][  0]LogD3D11RHI: D3D11 adapters:
[2024.01.05-20.46.51:041][  0]LogD3D11RHI:    0. 'NVIDIA GeForce RTX 2060' (Feature Level 11_0)
[2024.01.05-20.46.51:041][  0]LogD3D11RHI:       5968/0/16329 MB DedicatedVideo/DedicatedSystem/SharedSystem, Outputs:2, VendorId:0x10de
[2024.01.05-20.46.51:047][  0]LogD3D11RHI:    1. 'Microsoft Basic Render Driver' (Feature Level 11_0)
[2024.01.05-20.46.51:047][  0]LogD3D11RHI:       0/0/16329 MB DedicatedVideo/DedicatedSystem/SharedSystem, Outputs:0, VendorId:0x1414
[2024.01.05-20.46.51:047][  0]LogD3D11RHI: Chosen D3D11 Adapter:
[2024.01.05-20.46.51:047][  0]LogD3D11RHI:     Description : NVIDIA GeForce RTX 2060
[2024.01.05-20.46.51:047][  0]LogD3D11RHI:     VendorId    : 10de
[2024.01.05-20.46.51:047][  0]LogD3D11RHI:     DeviceId    : 1f08
[2024.01.05-20.46.51:047][  0]LogD3D11RHI:     SubSysId    : 452019da
[2024.01.05-20.46.51:047][  0]LogD3D11RHI:     Revision    : 00a1
[2024.01.05-20.46.51:047][  0]LogD3D11RHI:     DedicatedVideoMemory : 6257901568 bytes
[2024.01.05-20.46.51:047][  0]LogD3D11RHI:     DedicatedSystemMemory : 0 bytes
[2024.01.05-20.46.51:047][  0]LogD3D11RHI:     SharedSystemMemory : 17122713600 bytes
[2024.01.05-20.46.51:047][  0]LogD3D11RHI:     AdapterLuid : 0 54841
[2024.01.05-20.46.51:052][  0]LogD3D11RHI: Creating new Direct3DDevice
[2024.01.05-20.46.51:052][  0]LogD3D11RHI:     GPU DeviceId: 0x1f08 (for the marketing name, search the web for "GPU Device Id")
[2024.01.05-20.46.51:052][  0]LogWindows: EnumDisplayDevices:
[2024.01.05-20.46.51:052][  0]LogWindows:    0. 'NVIDIA GeForce RTX 2060' (P:1 D:1)
[2024.01.05-20.46.51:052][  0]LogWindows:    1. 'NVIDIA GeForce RTX 2060' (P:0 D:1)
[2024.01.05-20.46.51:053][  0]LogWindows:    2. 'NVIDIA GeForce RTX 2060' (P:0 D:0)
[2024.01.05-20.46.51:053][  0]LogWindows:    3. 'NVIDIA GeForce RTX 2060' (P:0 D:0)
[2024.01.05-20.46.51:053][  0]LogWindows: DebugString: FoundDriverCount:4 
[2024.01.05-20.46.51:053][  0]LogD3D11RHI:     Adapter Name: NVIDIA GeForce RTX 2060
[2024.01.05-20.46.51:053][  0]LogD3D11RHI:   Driver Version: 536.23 (internal:31.0.15.3623, unified:536.23)
[2024.01.05-20.46.51:053][  0]LogD3D11RHI:      Driver Date: 6-8-2023
[2024.01.05-20.46.51:053][  0]LogRHI: Texture pool is 4177 MB (70% of 5968 MB)
[2024.01.05-20.46.51:053][  0]LogD3D11RHI: Creating D3DDevice using adapter:
[2024.01.05-20.46.51:053][  0]LogD3D11RHI:     Description : NVIDIA GeForce RTX 2060
[2024.01.05-20.46.51:053][  0]LogD3D11RHI:     VendorId    : 10de
[2024.01.05-20.46.51:053][  0]LogD3D11RHI:     DeviceId    : 1f08
[2024.01.05-20.46.51:053][  0]LogD3D11RHI:     SubSysId    : 452019da
[2024.01.05-20.46.51:053][  0]LogD3D11RHI:     Revision    : 00a1
[2024.01.05-20.46.51:053][  0]LogD3D11RHI:     DedicatedVideoMemory : 6257901568 bytes
[2024.01.05-20.46.51:053][  0]LogD3D11RHI:     DedicatedSystemMemory : 0 bytes
[2024.01.05-20.46.51:053][  0]LogD3D11RHI:     SharedSystemMemory : 17122713600 bytes
[2024.01.05-20.46.51:054][  0]LogD3D11RHI:     AdapterLuid : 0 54841
[2024.01.05-20.46.51:142][  0]LogD3D11RHI: RHI has support for 64 bit atomics
[2024.01.05-20.46.51:142][  0]LogD3D11RHI: Async texture creation enabled
[2024.01.05-20.46.51:142][  0]LogD3D11RHI: Array index from any shader is supported
[2024.01.05-20.46.51:143][  0]LogD3D11RHI: HDR output is supported on display 0 (NvId: 0x80061082).
[2024.01.05-20.46.51:165][  0]LogD3D11RHI: GPU Timing Frequency: 1000.000000 (Debug: 2 2)
[2024.01.05-20.46.51:217][  0]LogRHI: GeForceNow SDK initialized: 1
[2024.01.05-20.46.51:457][  0]LogTargetPlatformManager: Display: Loaded TargetPlatform 'AllDesktop'
[2024.01.05-20.46.51:481][  0]LogTargetPlatformManager: Display: Loaded TargetPlatform 'Android'
[2024.01.05-20.46.51:481][  0]LogTargetPlatformManager: Display: Loaded TargetPlatform 'Android_ASTC'
[2024.01.05-20.46.51:481][  0]LogTargetPlatformManager: Display: Loaded TargetPlatform 'Android_DXT'
[2024.01.05-20.46.51:482][  0]LogTargetPlatformManager: Display: Loaded TargetPlatform 'Android_ETC2'
[2024.01.05-20.46.51:482][  0]LogTargetPlatformManager: Display: Loaded TargetPlatform 'AndroidClient'
[2024.01.05-20.46.51:482][  0]LogTargetPlatformManager: Display: Loaded TargetPlatform 'Android_ASTCClient'
[2024.01.05-20.46.51:482][  0]LogTargetPlatformManager: Display: Loaded TargetPlatform 'Android_DXTClient'
[2024.01.05-20.46.51:482][  0]LogTargetPlatformManager: Display: Loaded TargetPlatform 'Android_ETC2Client'
[2024.01.05-20.46.51:482][  0]LogTargetPlatformManager: Display: Loaded TargetPlatform 'Android_Multi'
[2024.01.05-20.46.51:482][  0]LogTargetPlatformManager: Display: Loaded TargetPlatform 'Android_MultiClient'
[2024.01.05-20.46.51:513][  0]LogTargetPlatformManager: Display: Loaded TargetPlatform 'IOSClient'
[2024.01.05-20.46.51:513][  0]LogTargetPlatformManager: Display: Loaded TargetPlatform 'IOS'
[2024.01.05-20.46.51:527][  0]LogTargetPlatformManager: Display: Loaded TargetPlatform 'Linux'
[2024.01.05-20.46.51:536][  0]LogTargetPlatformManager: Display: Loaded TargetPlatform 'LinuxNoEditor'
[2024.01.05-20.46.51:545][  0]LogTargetPlatformManager: Display: Loaded TargetPlatform 'LinuxClient'
[2024.01.05-20.46.51:553][  0]LogTargetPlatformManager: Display: Loaded TargetPlatform 'LinuxServer'
[2024.01.05-20.46.51:567][  0]LogTargetPlatformManager: Display: Loaded TargetPlatform 'LinuxAArch64NoEditor'
[2024.01.05-20.46.51:576][  0]LogTargetPlatformManager: Display: Loaded TargetPlatform 'LinuxAArch64Client'
[2024.01.05-20.46.51:585][  0]LogTargetPlatformManager: Display: Loaded TargetPlatform 'LinuxAArch64Server'
[2024.01.05-20.46.51:617][  0]LogTargetPlatformManager: Display: Loaded TargetPlatform 'Lumin'
[2024.01.05-20.46.51:617][  0]LogTargetPlatformManager: Display: Loaded TargetPlatform 'LuminClient'
[2024.01.05-20.46.51:629][  0]LogTargetPlatformManager: Display: Loaded TargetPlatform 'MacNoEditor'
[2024.01.05-20.46.51:638][  0]LogTargetPlatformManager: Display: Loaded TargetPlatform 'Mac'
[2024.01.05-20.46.51:646][  0]LogTargetPlatformManager: Display: Loaded TargetPlatform 'MacClient'
[2024.01.05-20.46.51:654][  0]LogTargetPlatformManager: Display: Loaded TargetPlatform 'MacServer'
[2024.01.05-20.46.51:668][  0]LogTargetPlatformManager: Display: Loaded TargetPlatform 'TVOSClient'
[2024.01.05-20.46.51:669][  0]LogTargetPlatformManager: Display: Loaded TargetPlatform 'TVOS'
[2024.01.05-20.46.51:683][  0]LogTargetPlatformManager: Display: Loaded TargetPlatform 'WindowsNoEditor'
[2024.01.05-20.46.51:692][  0]LogTargetPlatformManager: Display: Loaded TargetPlatform 'Windows'
[2024.01.05-20.46.51:702][  0]LogTargetPlatformManager: Display: Loaded TargetPlatform 'WindowsClient'
[2024.01.05-20.46.51:711][  0]LogTargetPlatformManager: Display: Loaded TargetPlatform 'WindowsServer'
[2024.01.05-20.46.51:711][  0]LogTargetPlatformManager: Display: Building Assets For Windows
[2024.01.05-20.46.51:744][  0]LogAudioDebug: Display: Lib vorbis DLL was dynamically loaded.
[2024.01.05-20.46.51:845][  0]LogTextureFormatOodle: Display: Oodle Texture 2.9.0 init RDO Off
[2024.01.05-20.46.51:932][  0]LogRendererCore: Ray tracing is disabled. Reason: r.RayTracing=0.
[2024.01.05-20.46.51:932][  0]LogShaderCompilers: Guid format shader working directory is -38 characters bigger than the processId version (../../../../../../Users/Matth/Documents/UNI WORK/Actual Year 2/TechDemo4/MyProject2/Intermediate/Shaders/WorkingDirectory/11000/).
[2024.01.05-20.46.51:932][  0]LogShaderCompilers: Cleaned the shader compiler working directory 'C:/Users/Matth/AppData/Local/Temp/UnrealShaderWorkingDir/EDA28FC74F9A7C0A5F048C9CB6DCF2E2/'.
[2024.01.05-20.46.51:932][  0]LogXGEController: Cannot use XGE Controller as Incredibuild is not installed on this machine.
[2024.01.05-20.46.51:933][  0]LogShaderCompilers: Cannot use XGE Shader Compiler as Incredibuild is not installed on this machine.
[2024.01.05-20.46.51:933][  0]LogShaderCompilers: Display: Using Local Shader Compiler.
[2024.01.05-20.46.52:555][  0]LogDerivedDataCache: Display: Max Cache Size: 512 MB
[2024.01.05-20.46.52:598][  0]LogDerivedDataCache: Loaded boot cache 0.04s 94MB C:/Users/Matth/AppData/Local/UnrealEngine/4.27/DerivedDataCache/Boot.ddc.
[2024.01.05-20.46.52:598][  0]LogDerivedDataCache: Display: Loaded Boot cache: C:/Users/Matth/AppData/Local/UnrealEngine/4.27/DerivedDataCache/Boot.ddc
[2024.01.05-20.46.52:599][  0]LogDerivedDataCache: FDerivedDataBackendGraph:  Pak pak cache file ../../../../../../Users/Matth/Documents/UNI WORK/Actual Year 2/TechDemo4/MyProject2/DerivedDataCache/DDC.ddp not found, will not use a pak cache.
[2024.01.05-20.46.52:599][  0]LogDerivedDataCache: Unable to find inner node Pak for hierarchical cache Hierarchy.
[2024.01.05-20.46.52:599][  0]LogDerivedDataCache: FDerivedDataBackendGraph:  CompressedPak pak cache file ../../../../../../Users/Matth/Documents/UNI WORK/Actual Year 2/TechDemo4/MyProject2/DerivedDataCache/Compressed.ddp not found, will not use a pak cache.
[2024.01.05-20.46.52:599][  0]LogDerivedDataCache: Unable to find inner node CompressedPak for hierarchical cache Hierarchy.
[2024.01.05-20.46.52:613][  0]LogDerivedDataCache: Display: Pak cache opened for reading ../../../Engine/DerivedDataCache/Compressed.ddp.
[2024.01.05-20.46.52:613][  0]LogDerivedDataCache: FDerivedDataBackendGraph:  EnterprisePak pak cache file ../../../Enterprise/DerivedDataCache/Compressed.ddp not found, will not use a pak cache.
[2024.01.05-20.46.52:613][  0]LogDerivedDataCache: Unable to find inner node EnterprisePak for hierarchical cache Hierarchy.
[2024.01.05-20.46.52:623][  0]LogDerivedDataCache: Speed tests for C:/Users/Matth/AppData/Local/UnrealEngine/Common/DerivedDataCache took 0.01 seconds
[2024.01.05-20.46.52:623][  0]LogDerivedDataCache: Display: Performance to C:/Users/Matth/AppData/Local/UnrealEngine/Common/DerivedDataCache: Latency=0.04ms. RandomReadSpeed=1047.77MBs, RandomWriteSpeed=107.10MBs. Assigned SpeedClass 'Local'
[2024.01.05-20.46.52:624][  0]LogDerivedDataCache: Using Local data cache path C:/Users/Matth/AppData/Local/UnrealEngine/Common/DerivedDataCache: Writable
[2024.01.05-20.46.52:624][  0]LogDerivedDataCache: Shared data cache path not found in *engine.ini, will not use an Shared cache.
[2024.01.05-20.46.52:624][  0]LogDerivedDataCache: Unable to find inner node Shared for hierarchical cache Hierarchy.
[2024.01.05-20.46.52:661][  0]LogSlate: Using FreeType 2.10.0
[2024.01.05-20.46.52:662][  0]LogSlate: SlateFontServices - WITH_FREETYPE: 1, WITH_HARFBUZZ: 1
[2024.01.05-20.46.52:684][  0]LogAssetRegistry: FAssetRegistry took 0.0022 seconds to start up
[2024.01.05-20.46.52:866][  0]LogInit: Selected Device Profile: [Windows]
[2024.01.05-20.46.52:866][  0]LogInit: Active device profile: [0000017895443400][0000017894494F00 49] Windows
[2024.01.05-20.46.52:866][  0]LogInit: Profiles: [0000017895443400][0000017894494F00 49] Windows, [00000178953E0E00][0000017894499080 49] WindowsNoEditor, [0000017895440E00][000001789449D200 49] WindowsServer, [00000178953E2C00][00000178955B3380 49] WindowsClient, [0000017895442B00][00000178955C7500 49] IOS, [00000178953E1700][000001788B027680 49] iPadAir, [0000017895441600][000001788B0B7800 49] iPadAir2, [00000178950F3B00][000001788BE31AC0 49] IPadPro, [00000178950F3C00][000001788B0C3B00 49] iPadAir3, [0000017895442500][000001788BE34100 49] iPadAir4, [00000178950F1300][000001788BE38280 49] iPadMini2, [0000017895441B00][000001788BE3C400 49] iPadMini3, [00000178950F2600][000001788BE48580 49] iPadMini4, [0000017895440800][000001788BE54700 49] iPadMini5, [0000017895187400][000001788BE5C9C0 49] iPhone6, [0000017895187500][000001788BE58A00 49] iPodTouch6, [00000178950F0300][000001788BE60C40 49] iPhone7, [00000178950F0200][0000017884C42C80 49] iPodTouch7, [0000017895185200][000001788BE64DC0 49] iPhone5S, [00000178950F0E00][000001788BE68F00 49] iPhone6Plus, [0000017895186700][0000017895595080 49] iPhone6S, [00000178950F1000][0000017895599200 49] iPhone6SPlus, [0000017895185A00][000001789559D380 49] iPhone7Plus, [00000178950F2000][00000178955A1500 49] iPhoneSE, [0000017895187700][00000178955A5680 49] iPhone8, [00000178950F2B00][00000178955A9800 49] iPhone8Plus, [0000017895186D00][00000178955AD980 49] iPhoneX, [00000178950F3F00][0000017895C27B00 49] iPhoneXS, [0000017895184100][0000017895C2A100 49] iPhoneXSMax, [00000178950F3E00][0000017895C2E280 49] iPhoneXR, [0000017895184C00][0000017895C32400 49] iPhone11, [00000178950F2800][0000017895C36580 49] iPhone11Pro, [0000017895186E00][0000017895C3A700 49] iPhone11ProMax, [00000178950F0B00][0000017895C3E880 49] iPhoneSE2, [0000017895185B00][0000017895C42A00 49] iPhone12Mini, [00000178950F0800][0000017895C46B80 49] iPhone12, [0000017895185700][0000017895C4AD00 49] iPhone12Pro, [00000178950F0100][0000017895590E40 49] iPhone12ProMax, [0000017895186F00][0000017895C4EF80 49] iPadPro105, [00000178950F3D00][0000017895C530C0 49] iPadPro129, [0000017895185300][0000017895C5B240 49] iPadPro97, [00000178950F2500][0000017895C5F3C0 49] iPadPro2_129, [0000017895185100][0000017895C63540 49] iPad5, [00000178950F0900][0000017895C676C0 49] iPad6, [0000017895185800][0000017895C6B840 49] iPad7, [00000178950F0700][0000017895C6F9C0 49] iPad8, [0000017895185D00][0000017895C73B40 49] iPadPro11, [00000178950F1400][0000017895C76140 49] iPadPro2_11, [0000017895184400][0000017895C7A2C0 49] iPadPro3_129, [00000178950F3000][0000017895C7E440 49] iPadPro4_129, [0000017895186200][0000017895C825C0 49] AppleTV, [00000178950F2300][0000017895C86740 49] AppleTV4K, [0000017895186000][0000017895C8A8C0 49] TVOS, [00000178950F2E00][0000017895C8EA40 49] Mac, [0000017895186400][0000017895C92BC0 49] MacClient, [00000178950F0D00][0000017895C96D40 49] MacNoEditor, [0000017895186C00][0000017895C9AEC0 49] MacServer, [00000178950F0C00][0000017895C57000 49] Linux, [0000017895187900][0000017895C9F140 49] LinuxAArch64, [000001789548C100][0000017895CA3280 49] LinuxNoEditor, [00000178953E3700][0000017895CA73C0 49] LinuxAArch64NoEditor, [000001789548D800][0000017895CAF540 49] LinuxClient, [00000178953E3E00][0000017895CB36C0 49] LinuxAArch64Client, [000001789548CC00][0000017895CB7840 49] LinuxServer, [00000178953E3000][0000017895CBB9C0 49] LinuxAArch64Server, [000001789548DC00][000001788B0C7B40 49] Android, [00000178953E3300][000001788B0CA140 49] Android_Low, [000001789548C600][000001788B0CE2C0 49] Android_Mid, [00000178953E0F00][000001788B0D2440 49] Android_High, [000001789548D100][000001788B0D65C0 49] Android_Default, [00000178953E0600][000001788B0DA740 49] Android_Adreno4xx, [000001789548CD00][000001788B0DE8C0 49] Android_Adreno5xx_Low, [00000178953E2B00][000001788B0E2A40 49] Android_Adreno5xx, [000001789548E100][000001788B0E6BC0 49] Android_Adreno6xx, [00000178953E2F00][000001788B0EAD40 49] Android_Adreno6xx_Vulkan, [000001789548DA00][000001788B0EEEC0 49] Android_Mali_T6xx, [00000178953E2200][000001788B0F3040 49] Android_Mali_T7xx, [000001789548C500][0000017895CAB180 49] Android_Mali_T8xx, [00000178953E1400][000001788B0F72C0 49] Android_Mali_G71, [0000017895187A00][000001788B0FB400 49] Android_Mali_G72, [00000178950F1C00][000001788B0FF540 49] Android_Mali_G72_Vulkan, [0000017895187600][000001788B1076C0 49] Android_Mali_G76, [00000178950F0500][000001788B10B840 49] Android_Mali_G76_Vulkan, [0000017895185900][000001788B10F9C0 49] Android_Mali_G77, [00000178950F2900][000001788B113B40 49] Android_Mali_G77_Vulkan, [0000017895184A00][000001788B116140 49] Android_Mali_G78, [00000178950F0A00][000001788B11A2C0 49] Android_Mali_G78_Vulkan, [0000017895185C00][000001788B11E440 49] Android_Mali_G710, [00000178950F1800][000001788B1225C0 49] Android_Mali_G710_Vulkan, [000001789548C800][000001788B126740 49] Android_Vulkan_SM5, [00000178950F1600][000001788B12A8C0 49] Android_PowerVR_G6xxx, [000001789548D600][000001788B12EA40 49] Android_PowerVR_GT7xxx, [00000178950F0600][000001788B132BC0 49] Android_PowerVR_GE8xxx, [000001789548CF00][000001788B136D40 49] Android_PowerVR_GM9xxx, [00000178950F3800][000001788B13AEC0 49] Android_PowerVR_GM9xxx_Vulkan, [000001789548D400][000001788B13F040 49] Android_TegraK1, [00000178950F3400][000001788B1431C0 49] Android_Unknown_Vulkan, [000001789548DD00][000001788B147340 49] Lumin, [00000178950F1200][000001788B103480 49] Lumin_Desktop, [000001789548D700][000001788B14B5C0 49] HoloLens, 
[2024.01.05-20.46.53:027][  0]LogMeshReduction: Using QuadricMeshReduction for automatic static mesh reduction
[2024.01.05-20.46.53:027][  0]LogMeshReduction: Using SimplygonMeshReduction for automatic skeletal mesh reduction
[2024.01.05-20.46.53:028][  0]LogMeshReduction: Using ProxyLODMeshReduction for automatic mesh merging
[2024.01.05-20.46.53:028][  0]LogMeshReduction: No distributed automatic mesh merging module available
[2024.01.05-20.46.53:028][  0]LogMeshMerging: No distributed automatic mesh merging module available
[2024.01.05-20.46.53:047][  0]LogNetVersion: MyProject2 1.0.0, NetCL: 17155196, EngineNetVer: 17, GameNetVer: 0 (Checksum: 1659861177)
[2024.01.05-20.46.53:340][  0]LogTexture: Default maximum texture size for cubemaps generated from long-lat sources has been changed from 512 to unlimited. In order to preserve old behaiour for '/Engine/MapTemplates/Sky/DaylightAmbientCubemap.DaylightAmbientCubemap', its maximum texture size has been explicitly set to 512.
[2024.01.05-20.46.53:383][  0]LogHMD: PokeAHoleMaterial loaded successfully
[2024.01.05-20.46.53:388][  0]LogUObjectArray: 17178 objects as part of root set at end of initial load.
[2024.01.05-20.46.53:388][  0]LogUObjectAllocator: 4302048 out of 0 bytes used by permanent object pool.
[2024.01.05-20.46.53:388][  0]LogUObjectArray: CloseDisregardForGC: 0/0 objects in disregard for GC pool
[2024.01.05-20.46.53:925][  0]LogNiagaraDebuggerClient: Niagara Debugger Client Initialized | Session: 70975D914E97E240D1478B9184C6EACB | Instance: 3642FF1E430EB38C67AA03912ACB76B7 (DESKTOP-RSHUQME-11000).
[2024.01.05-20.46.54:147][  0]LogPython: Using Python 3.7.7
[2024.01.05-20.46.54:594][  0]LogUdpMessaging: Initializing bridge on interface 0.0.0.0:0 to multicast group 230.0.0.1:6666.
[2024.01.05-20.46.54:606][  0]LogTcpMessaging: Initializing TcpMessaging bridge
[2024.01.05-20.46.55:704][  0]SourceControl: Source control is disabled
[2024.01.05-20.46.55:704][  0]SourceControl: Source control is disabled
[2024.01.05-20.46.55:713][  0]SourceControl: Source control is disabled
[2024.01.05-20.46.55:722][  0]SourceControl: Source control is disabled
[2024.01.05-20.46.55:749][  0]SourceControl: Source control is disabled
[2024.01.05-20.46.55:766][  0]LogUProjectInfo: Found projects:
[2024.01.05-20.46.56:237][  0]LogOpenImageDenoise: OIDN starting up
[2024.01.05-20.46.56:340][  0]LogAndroidPermission: UAndroidPermissionCallbackProxy::GetInstance
[2024.01.05-20.46.56:386][  0]LogAudioCaptureCore: Display: No Audio Capture implementations found. Audio input will be silent.
[2024.01.05-20.46.56:386][  0]LogAudioCaptureCore: Display: No Audio Capture implementations found. Audio input will be silent.
[2024.01.05-20.46.56:594][  0]LogCollectionManager: Loaded 0 collections in 0.001377 seconds
[2024.01.05-20.46.56:637][  0]LogFileCache: Scanning file cache for directory 'C:/Users/Matth/Documents/UNI WORK/Actual Year 2/TechDemo4/MyProject2/Saved/Collections/' took 0.00s
[2024.01.05-20.46.56:637][  0]LogFileCache: Scanning file cache for directory 'C:/Users/Matth/Documents/UNI WORK/Actual Year 2/TechDemo4/MyProject2/Content/Developers/Matth/Collections/' took 0.00s
[2024.01.05-20.46.56:637][  0]LogFileCache: Scanning file cache for directory 'C:/Users/Matth/Documents/UNI WORK/Actual Year 2/TechDemo4/MyProject2/Content/Collections/' took 0.00s
[2024.01.05-20.46.56:637][  0]LogOcInput: OculusInput pre-init called
[2024.01.05-20.46.56:843][  0]LogClass: Display: IntProperty FRegisteredDeviceInfo::Handle is not initialized properly. Module:RawInput File:Public/RawInputFunctionLibrary.h
[2024.01.05-20.46.56:843][  0]LogClass: Display: IntProperty FRegisteredDeviceInfo::VendorID is not initialized properly. Module:RawInput File:Public/RawInputFunctionLibrary.h
[2024.01.05-20.46.56:843][  0]LogClass: Display: IntProperty FRegisteredDeviceInfo::ProductID is not initialized properly. Module:RawInput File:Public/RawInputFunctionLibrary.h
[2024.01.05-20.46.56:843][  0]LogClass: Display: 3 Uninitialized script struct members found including 0 object properties
[2024.01.05-20.46.56:844][  0]LogEngine: Initializing Engine...
[2024.01.05-20.46.56:852][  0]LogHMD: Failed to enumerate extensions. Please check that you have a valid OpenXR runtime installed.
[2024.01.05-20.46.56:852][  0]LogHMD: Failed to initialize OpenVR with code 110
[2024.01.05-20.46.56:852][  0]LogMagicLeap: Warning: VR disabled because ZI is not enabled.  To enable, in the editor, Edit -> Project Settings -> Plugins -> Magic Leap Plugin -> Enable Zero Iteration
[2024.01.05-20.46.56:853][  0]LogStats: UGameplayTagsManager::InitializeManager -  0.000 s
[2024.01.05-20.46.56:945][  0]LogInit: Initializing FReadOnlyCVARCache
[2024.01.05-20.46.56:959][  0]LogAIModule: Creating AISystem for world Untitled
[2024.01.05-20.46.56:960][  0]LogAudio: Display: Initializing Audio Device Manager...
[2024.01.05-20.46.56:968][  0]LogAudio: Display: Loading Default Audio Settings Objects...
[2024.01.05-20.46.56:968][  0]LogAudio: Display: No default SoundConcurrencyObject specified (or failed to load).
[2024.01.05-20.46.56:969][  0]LogAudio: Display: Audio Device Manager Initialized
[2024.01.05-20.46.56:969][  0]LogAudio: Display: Creating Audio Device:                 Id: 1, Scope: Shared, Realtime: True
[2024.01.05-20.46.56:969][  0]LogAudioMixer: Display: Audio Mixer Platform Settings:
[2024.01.05-20.46.56:969][  0]LogAudioMixer: Display: 	Sample Rate:						  48000
[2024.01.05-20.46.56:969][  0]LogAudioMixer: Display: 	Callback Buffer Frame Size Requested: 1024
[2024.01.05-20.46.56:969][  0]LogAudioMixer: Display: 	Callback Buffer Frame Size To Use:	  1024
[2024.01.05-20.46.56:969][  0]LogAudioMixer: Display: 	Number of buffers to queue:			  2
[2024.01.05-20.46.56:969][  0]LogAudioMixer: Display: 	Max Channels (voices):				  32
[2024.01.05-20.46.56:969][  0]LogAudioMixer: Display: 	Number of Async Source Workers:		  0
[2024.01.05-20.46.56:969][  0]LogAudio: Display: AudioDevice MaxSources: 32
[2024.01.05-20.46.56:969][  0]LogAudio: Display: Audio Spatialization Plugin: None (built-in).
[2024.01.05-20.46.56:969][  0]LogAudio: Display: Audio Reverb Plugin: None (built-in).
[2024.01.05-20.46.56:969][  0]LogAudio: Display: Audio Occlusion Plugin: None (built-in).
[2024.01.05-20.46.56:969][  0]LogAudioMixer: Display: Initializing audio mixer.
[2024.01.05-20.46.56:996][  0]LogAudioMixer: Display: 0: FrontLeft
[2024.01.05-20.46.56:996][  0]LogAudioMixer: Display: 1: FrontRight
[2024.01.05-20.46.57:053][  0]LogAudioMixer: Display: Using Audio Device PL2466H (NVIDIA High Definition Audio)
[2024.01.05-20.46.57:055][  0]LogAudioMixer: Display: Initializing Sound Submixes...
[2024.01.05-20.46.57:058][  0]LogAudioMixer: Display: Creating Master Submix 'MasterSubmixDefault'
[2024.01.05-20.46.57:058][  0]LogAudioMixer: Display: Creating Master Submix 'MasterReverbSubmixDefault'
[2024.01.05-20.46.57:058][  0]LogAudioMixer: Display: Creating Master Submix 'MasterEQSubmixDefault'
[2024.01.05-20.46.57:058][  0]LogAudioMixer: FMixerPlatformXAudio2::StartAudioStream() called
[2024.01.05-20.46.57:058][  0]LogAudioMixer: Display: Output buffers initialized: Frames=1024, Channels=2, Samples=2048
[2024.01.05-20.46.57:059][  0]LogAudioMixer: Display: Starting AudioMixerPlatformInterface::RunInternal()
[2024.01.05-20.46.57:059][  0]LogAudioMixer: Display: FMixerPlatformXAudio2::SubmitBuffer() called for the first time
[2024.01.05-20.46.57:059][  0]LogInit: FAudioDevice initialized.
[2024.01.05-20.46.57:060][  0]LogAudio: Display: Audio Device (ID: 1) registered with world 'Untitled'.
[2024.01.05-20.46.57:060][  0]LogNetVersion: Set ProjectVersion to 1.0.0.0. Version Checksum will be recalculated on next use.
[2024.01.05-20.46.57:099][  0]LogDerivedDataCache: Saved boot cache 0.04s 94MB C:/Users/Matth/AppData/Local/UnrealEngine/4.27/DerivedDataCache/Boot.ddc.
[2024.01.05-20.46.57:100][  0]LogInit: Texture streaming: Enabled
[2024.01.05-20.46.57:124][  0]LogAnalytics: Display: [UEEditor.Rocket.Release] APIServer = https://datarouter.ol.epicgames.com/. AppVersion = 4.27.2-18319896+++UE4+Release-4.27
[2024.01.05-20.46.57:138][  0]LogEngineSessionManager: EngineSessionManager initialized
[2024.01.05-20.46.57:138][  0]LogEngineSessionManager: EngineSessionManager sent abnormal shutdown report. Type=Debugger, SessionId={FFAD62A3-44CB-E699-B5E7-23969174E8BF}
[2024.01.05-20.46.57:139][  0]LogEngineSessionManager: EngineSessionManager sent abnormal shutdown report. Type=Debugger, SessionId={CD1ADF6F-47C7-E670-7546-F7AB73C76531}
[2024.01.05-20.46.57:139][  0]LogEngineSessionManager: EngineSessionManager sent abnormal shutdown report. Type=Debugger, SessionId={551381A5-4793-123A-FBAC-44AEA1AD672A}
[2024.01.05-20.46.57:139][  0]LogEditorSessionSummary: Verbose: Initializing EditorSessionSummaryWriter for editor session tracking
[2024.01.05-20.46.57:143][  0]LogEditorSessionSummary: EditorSessionSummaryWriter initialized
[2024.01.05-20.46.57:190][  0]LogInit: Transaction tracking system initialized
[2024.01.05-20.46.57:236][  0]BlueprintLog: New page: Editor Load
[2024.01.05-20.46.57:363][  0]LocalizationService: Localization service is disabled
[2024.01.05-20.46.57:415][  0]TimingProfiler: Initialize
[2024.01.05-20.46.57:416][  0]TimingProfiler: OnSessionChanged
[2024.01.05-20.46.57:416][  0]LoadingProfiler: Initialize
[2024.01.05-20.46.57:416][  0]LoadingProfiler: OnSessionChanged
[2024.01.05-20.46.57:416][  0]NetworkingProfiler: Initialize
[2024.01.05-20.46.57:416][  0]NetworkingProfiler: OnSessionChanged
[2024.01.05-20.46.57:416][  0]MemoryProfiler: Initialize
[2024.01.05-20.46.57:416][  0]MemoryProfiler: OnSessionChanged
[2024.01.05-20.46.57:617][  0]LogCook: Display: CookSettings for Memory: MemoryMaxUsedVirtual 0MiB, MemoryMaxUsedPhysical 16384MiB, MemoryMinFreeVirtual 0MiB, MemoryMinFreePhysical 1024MiB
[2024.01.05-20.46.57:617][  0]LogCook: Display: Mobile HDR setting 1
[2024.01.05-20.46.57:892][  0]LogFileCache: Scanning file cache for directory 'C:/Users/Matth/Documents/UNI WORK/Actual Year 2/TechDemo4/MyProject2/Content/' took 0.01s
[2024.01.05-20.46.58:127][  0]LogInit: Display: Engine is initialized. Leaving FEngineLoop::Init()
[2024.01.05-20.46.58:131][  0]SourceControl: Source control is disabled
[2024.01.05-20.46.58:131][  0]LogUnrealEdMisc: Loading editor; pre map load, took 9.351
[2024.01.05-20.46.58:132][  0]Cmd: MAP LOAD FILE="../../../../../../Users/Matth/Documents/UNI WORK/Actual Year 2/TechDemo4/MyProject2/Content/StarterContent/Maps/Minimal_Default.umap" TEMPLATE=0 SHOWPROGRESS=1 FEATURELEVEL=3
[2024.01.05-20.46.58:132][  0]LogEditorServer: Warning: Can't find file '../../../../../../Users/Matth/Documents/UNI WORK/Actual Year 2/TechDemo4/MyProject2/Content/StarterContent/Maps/Minimal_Default.umap'
[2024.01.05-20.46.58:132][  0]Cmd: MAP CHECKDEP NOCLEARLOG
[2024.01.05-20.46.58:132][  0]MapCheck: Map check complete: 0 Error(s), 0 Warning(s), took 0.177ms to complete.
[2024.01.05-20.46.58:132][  0]LogFileHelpers: Loading map 'Minimal_Default' took 0.001
[2024.01.05-20.46.58:135][  0]LogUnrealEdMisc: Total Editor Startup Time, took 9.354
[2024.01.05-20.46.58:250][  0]LogSlate: Updating window title bar state: overlay mode, drag disabled, window buttons hidden, title bar hidden
[2024.01.05-20.46.58:255][  0]LogSlate: Updating window title bar state: overlay mode, drag disabled, window buttons hidden, title bar hidden
[2024.01.05-20.46.58:260][  0]LogSlate: Updating window title bar state: overlay mode, drag disabled, window buttons hidden, title bar hidden
[2024.01.05-20.46.58:265][  0]LogSlate: Updating window title bar state: overlay mode, drag disabled, window buttons hidden, title bar hidden
[2024.01.05-20.46.58:279][  0]LogNativeClassHierarchy: Verbose: Native class hierarchy populated in 0.0074 seconds. Added 3832 classes and 933 folders.
[2024.01.05-20.46.58:281][  0]LogNativeClassHierarchy: Verbose: Native class hierarchy updated for 'WidgetCarousel' in 0.0002 seconds. Added 0 classes and 0 folders.
[2024.01.05-20.46.58:283][  0]LogPakFile: PakFile PrimaryIndexSize=187
[2024.01.05-20.46.58:283][  0]LogPakFile: PakFile PathHashIndexSize=101
[2024.01.05-20.46.58:283][  0]LogPakFile: PakFile FullDirectoryIndexSize=148
[2024.01.05-20.46.58:283][  0]LogShaderLibrary: Display: ShaderCodeLibraryPakFileMountedCallback: PakFile 'C:/Program Files/Epic Games/UE_4.27/FeaturePacks/FP_FirstPerson.upack' (chunk index -1, root 'root:/') mounted
[2024.01.05-20.46.58:283][  0]LogShaderLibrary: Display: ShaderCodeLibraryPakFileMountedCallback: pending pak file info (ChunkID:-1 Root:root:/ File:C:/Program Files/Epic Games/UE_4.27/FeaturePacks/FP_FirstPerson.upack)
[2024.01.05-20.46.58:283][  0]LogPakFile: OnPakFileMounted2Time == 0.000205
[2024.01.05-20.46.58:284][  0]LogPakFile: PakFile PrimaryIndexSize=189
[2024.01.05-20.46.58:284][  0]LogPakFile: PakFile PathHashIndexSize=101
[2024.01.05-20.46.58:284][  0]LogPakFile: PakFile FullDirectoryIndexSize=152
[2024.01.05-20.46.58:284][  0]LogShaderLibrary: Display: ShaderCodeLibraryPakFileMountedCallback: PakFile 'C:/Program Files/Epic Games/UE_4.27/FeaturePacks/FP_FirstPersonBP.upack' (chunk index -1, root 'root:/') mounted
[2024.01.05-20.46.58:284][  0]LogShaderLibrary: Display: ShaderCodeLibraryPakFileMountedCallback: pending pak file info (ChunkID:-1 Root:root:/ File:C:/Program Files/Epic Games/UE_4.27/FeaturePacks/FP_FirstPersonBP.upack)
[2024.01.05-20.46.58:284][  0]LogPakFile: OnPakFileMounted2Time == 0.000128
[2024.01.05-20.46.58:285][  0]LogPakFile: PakFile PrimaryIndexSize=191
[2024.01.05-20.46.58:285][  0]LogPakFile: PakFile PathHashIndexSize=101
[2024.01.05-20.46.58:285][  0]LogPakFile: PakFile FullDirectoryIndexSize=160
[2024.01.05-20.46.58:285][  0]LogShaderLibrary: Display: ShaderCodeLibraryPakFileMountedCallback: PakFile 'C:/Program Files/Epic Games/UE_4.27/FeaturePacks/MobileStarterContent.upack' (chunk index -1, root 'root:/') mounted
[2024.01.05-20.46.58:285][  0]LogShaderLibrary: Display: ShaderCodeLibraryPakFileMountedCallback: pending pak file info (ChunkID:-1 Root:root:/ File:C:/Program Files/Epic Games/UE_4.27/FeaturePacks/MobileStarterContent.upack)
[2024.01.05-20.46.58:285][  0]LogPakFile: OnPakFileMounted2Time == 0.000106
[2024.01.05-20.46.58:285][  0]LogPakFile: PakFile PrimaryIndexSize=185
[2024.01.05-20.46.58:285][  0]LogPakFile: PakFile PathHashIndexSize=101
[2024.01.05-20.46.58:285][  0]LogPakFile: PakFile FullDirectoryIndexSize=148
[2024.01.05-20.46.58:285][  0]LogShaderLibrary: Display: ShaderCodeLibraryPakFileMountedCallback: PakFile 'C:/Program Files/Epic Games/UE_4.27/FeaturePacks/StarterContent.upack' (chunk index -1, root 'root:/') mounted
[2024.01.05-20.46.58:286][  0]LogShaderLibrary: Display: ShaderCodeLibraryPakFileMountedCallback: pending pak file info (ChunkID:-1 Root:root:/ File:C:/Program Files/Epic Games/UE_4.27/FeaturePacks/StarterContent.upack)
[2024.01.05-20.46.58:286][  0]LogPakFile: OnPakFileMounted2Time == 0.000129
[2024.01.05-20.46.58:286][  0]LogPakFile: PakFile PrimaryIndexSize=190
[2024.01.05-20.46.58:286][  0]LogPakFile: PakFile PathHashIndexSize=101
[2024.01.05-20.46.58:286][  0]LogPakFile: PakFile FullDirectoryIndexSize=154
[2024.01.05-20.46.58:286][  0]LogShaderLibrary: Display: ShaderCodeLibraryPakFileMountedCallback: PakFile 'C:/Program Files/Epic Games/UE_4.27/FeaturePacks/TP_2DSideScroller.upack' (chunk index -1, root 'root:/') mounted
[2024.01.05-20.46.58:286][  0]LogShaderLibrary: Display: ShaderCodeLibraryPakFileMountedCallback: pending pak file info (ChunkID:-1 Root:root:/ File:C:/Program Files/Epic Games/UE_4.27/FeaturePacks/TP_2DSideScroller.upack)
[2024.01.05-20.46.58:286][  0]LogPakFile: OnPakFileMounted2Time == 0.000127
[2024.01.05-20.46.58:287][  0]LogPakFile: PakFile PrimaryIndexSize=192
[2024.01.05-20.46.58:287][  0]LogPakFile: PakFile PathHashIndexSize=101
[2024.01.05-20.46.58:287][  0]LogPakFile: PakFile FullDirectoryIndexSize=158
[2024.01.05-20.46.58:287][  0]LogShaderLibrary: Display: ShaderCodeLibraryPakFileMountedCallback: PakFile 'C:/Program Files/Epic Games/UE_4.27/FeaturePacks/TP_2DSideScrollerBP.upack' (chunk index -1, root 'root:/') mounted
[2024.01.05-20.46.58:287][  0]LogShaderLibrary: Display: ShaderCodeLibraryPakFileMountedCallback: pending pak file info (ChunkID:-1 Root:root:/ File:C:/Program Files/Epic Games/UE_4.27/FeaturePacks/TP_2DSideScrollerBP.upack)
[2024.01.05-20.46.58:287][  0]LogPakFile: OnPakFileMounted2Time == 0.000107
[2024.01.05-20.46.58:288][  0]LogPakFile: PakFile PrimaryIndexSize=182
[2024.01.05-20.46.58:288][  0]LogPakFile: PakFile PathHashIndexSize=101
[2024.01.05-20.46.58:288][  0]LogPakFile: PakFile FullDirectoryIndexSize=138
[2024.01.05-20.46.58:288][  0]LogShaderLibrary: Display: ShaderCodeLibraryPakFileMountedCallback: PakFile 'C:/Program Files/Epic Games/UE_4.27/FeaturePacks/TP_Flying.upack' (chunk index -1, root 'root:/') mounted
[2024.01.05-20.46.58:288][  0]LogShaderLibrary: Display: ShaderCodeLibraryPakFileMountedCallback: pending pak file info (ChunkID:-1 Root:root:/ File:C:/Program Files/Epic Games/UE_4.27/FeaturePacks/TP_Flying.upack)
[2024.01.05-20.46.58:288][  0]LogPakFile: OnPakFileMounted2Time == 0.000110
[2024.01.05-20.46.58:289][  0]LogPakFile: PakFile PrimaryIndexSize=184
[2024.01.05-20.46.58:289][  0]LogPakFile: PakFile PathHashIndexSize=101
[2024.01.05-20.46.58:289][  0]LogPakFile: PakFile FullDirectoryIndexSize=142
[2024.01.05-20.46.58:289][  0]LogShaderLibrary: Display: ShaderCodeLibraryPakFileMountedCallback: PakFile 'C:/Program Files/Epic Games/UE_4.27/FeaturePacks/TP_FlyingBP.upack' (chunk index -1, root 'root:/') mounted
[2024.01.05-20.46.58:289][  0]LogShaderLibrary: Display: ShaderCodeLibraryPakFileMountedCallback: pending pak file info (ChunkID:-1 Root:root:/ File:C:/Program Files/Epic Games/UE_4.27/FeaturePacks/TP_FlyingBP.upack)
[2024.01.05-20.46.58:289][  0]LogPakFile: OnPakFileMounted2Time == 0.000113
[2024.01.05-20.46.58:289][  0]LogPakFile: PakFile PrimaryIndexSize=188
[2024.01.05-20.46.58:290][  0]LogPakFile: PakFile PathHashIndexSize=101
[2024.01.05-20.46.58:290][  0]LogPakFile: PakFile FullDirectoryIndexSize=150
[2024.01.05-20.46.58:290][  0]LogShaderLibrary: Display: ShaderCodeLibraryPakFileMountedCallback: PakFile 'C:/Program Files/Epic Games/UE_4.27/FeaturePacks/TP_HandheldARBP.upack' (chunk index -1, root 'root:/') mounted
[2024.01.05-20.46.58:290][  0]LogShaderLibrary: Display: ShaderCodeLibraryPakFileMountedCallback: pending pak file info (ChunkID:-1 Root:root:/ File:C:/Program Files/Epic Games/UE_4.27/FeaturePacks/TP_HandheldARBP.upack)
[2024.01.05-20.46.58:290][  0]LogPakFile: OnPakFileMounted2Time == 0.000131
[2024.01.05-20.46.58:290][  0]LogPakFile: PakFile PrimaryIndexSize=182
[2024.01.05-20.46.58:291][  0]LogPakFile: PakFile PathHashIndexSize=101
[2024.01.05-20.46.58:291][  0]LogPakFile: PakFile FullDirectoryIndexSize=138
[2024.01.05-20.46.58:291][  0]LogShaderLibrary: Display: ShaderCodeLibraryPakFileMountedCallback: PakFile 'C:/Program Files/Epic Games/UE_4.27/FeaturePacks/TP_Puzzle.upack' (chunk index -1, root 'root:/') mounted
[2024.01.05-20.46.58:291][  0]LogShaderLibrary: Display: ShaderCodeLibraryPakFileMountedCallback: pending pak file info (ChunkID:-1 Root:root:/ File:C:/Program Files/Epic Games/UE_4.27/FeaturePacks/TP_Puzzle.upack)
[2024.01.05-20.46.58:291][  0]LogPakFile: OnPakFileMounted2Time == 0.000121
[2024.01.05-20.46.58:291][  0]LogPakFile: PakFile PrimaryIndexSize=184
[2024.01.05-20.46.58:291][  0]LogPakFile: PakFile PathHashIndexSize=101
[2024.01.05-20.46.58:291][  0]LogPakFile: PakFile FullDirectoryIndexSize=142
[2024.01.05-20.46.58:291][  0]LogShaderLibrary: Display: ShaderCodeLibraryPakFileMountedCallback: PakFile 'C:/Program Files/Epic Games/UE_4.27/FeaturePacks/TP_PuzzleBP.upack' (chunk index -1, root 'root:/') mounted
[2024.01.05-20.46.58:292][  0]LogShaderLibrary: Display: ShaderCodeLibraryPakFileMountedCallback: pending pak file info (ChunkID:-1 Root:root:/ File:C:/Program Files/Epic Games/UE_4.27/FeaturePacks/TP_PuzzleBP.upack)
[2024.01.05-20.46.58:292][  0]LogPakFile: OnPakFileMounted2Time == 0.000134
[2024.01.05-20.46.58:292][  0]LogPakFile: PakFile PrimaryIndexSize=183
[2024.01.05-20.46.58:292][  0]LogPakFile: PakFile PathHashIndexSize=101
[2024.01.05-20.46.58:292][  0]LogPakFile: PakFile FullDirectoryIndexSize=140
[2024.01.05-20.46.58:292][  0]LogShaderLibrary: Display: ShaderCodeLibraryPakFileMountedCallback: PakFile 'C:/Program Files/Epic Games/UE_4.27/FeaturePacks/TP_Rolling.upack' (chunk index -1, root 'root:/') mounted
[2024.01.05-20.46.58:292][  0]LogShaderLibrary: Display: ShaderCodeLibraryPakFileMountedCallback: pending pak file info (ChunkID:-1 Root:root:/ File:C:/Program Files/Epic Games/UE_4.27/FeaturePacks/TP_Rolling.upack)
[2024.01.05-20.46.58:292][  0]LogPakFile: OnPakFileMounted2Time == 0.000111
[2024.01.05-20.46.58:293][  0]LogPakFile: PakFile PrimaryIndexSize=185
[2024.01.05-20.46.58:293][  0]LogPakFile: PakFile PathHashIndexSize=101
[2024.01.05-20.46.58:293][  0]LogPakFile: PakFile FullDirectoryIndexSize=144
[2024.01.05-20.46.58:293][  0]LogShaderLibrary: Display: ShaderCodeLibraryPakFileMountedCallback: PakFile 'C:/Program Files/Epic Games/UE_4.27/FeaturePacks/TP_RollingBP.upack' (chunk index -1, root 'root:/') mounted
[2024.01.05-20.46.58:293][  0]LogShaderLibrary: Display: ShaderCodeLibraryPakFileMountedCallback: pending pak file info (ChunkID:-1 Root:root:/ File:C:/Program Files/Epic Games/UE_4.27/FeaturePacks/TP_RollingBP.upack)
[2024.01.05-20.46.58:293][  0]LogPakFile: OnPakFileMounted2Time == 0.000122
[2024.01.05-20.46.58:294][  0]LogPakFile: PakFile PrimaryIndexSize=188
[2024.01.05-20.46.58:294][  0]LogPakFile: PakFile PathHashIndexSize=101
[2024.01.05-20.46.58:294][  0]LogPakFile: PakFile FullDirectoryIndexSize=150
[2024.01.05-20.46.58:294][  0]LogShaderLibrary: Display: ShaderCodeLibraryPakFileMountedCallback: PakFile 'C:/Program Files/Epic Games/UE_4.27/FeaturePacks/TP_SideScroller.upack' (chunk index -1, root 'root:/') mounted
[2024.01.05-20.46.58:294][  0]LogShaderLibrary: Display: ShaderCodeLibraryPakFileMountedCallback: pending pak file info (ChunkID:-1 Root:root:/ File:C:/Program Files/Epic Games/UE_4.27/FeaturePacks/TP_SideScroller.upack)
[2024.01.05-20.46.58:294][  0]LogPakFile: OnPakFileMounted2Time == 0.000134
[2024.01.05-20.46.58:295][  0]LogPakFile: PakFile PrimaryIndexSize=190
[2024.01.05-20.46.58:295][  0]LogPakFile: PakFile PathHashIndexSize=101
[2024.01.05-20.46.58:295][  0]LogPakFile: PakFile FullDirectoryIndexSize=154
[2024.01.05-20.46.58:295][  0]LogShaderLibrary: Display: ShaderCodeLibraryPakFileMountedCallback: PakFile 'C:/Program Files/Epic Games/UE_4.27/FeaturePacks/TP_SideScrollerBP.upack' (chunk index -1, root 'root:/') mounted
[2024.01.05-20.46.58:295][  0]LogShaderLibrary: Display: ShaderCodeLibraryPakFileMountedCallback: pending pak file info (ChunkID:-1 Root:root:/ File:C:/Program Files/Epic Games/UE_4.27/FeaturePacks/TP_SideScrollerBP.upack)
[2024.01.05-20.46.58:295][  0]LogPakFile: OnPakFileMounted2Time == 0.000116
[2024.01.05-20.46.58:295][  0]LogPakFile: PakFile PrimaryIndexSize=187
[2024.01.05-20.46.58:295][  0]LogPakFile: PakFile PathHashIndexSize=101
[2024.01.05-20.46.58:295][  0]LogPakFile: PakFile FullDirectoryIndexSize=148
[2024.01.05-20.46.58:296][  0]LogShaderLibrary: Display: ShaderCodeLibraryPakFileMountedCallback: PakFile 'C:/Program Files/Epic Games/UE_4.27/FeaturePacks/TP_ThirdPerson.upack' (chunk index -1, root 'root:/') mounted
[2024.01.05-20.46.58:296][  0]LogShaderLibrary: Display: ShaderCodeLibraryPakFileMountedCallback: pending pak file info (ChunkID:-1 Root:root:/ File:C:/Program Files/Epic Games/UE_4.27/FeaturePacks/TP_ThirdPerson.upack)
[2024.01.05-20.46.58:296][  0]LogPakFile: OnPakFileMounted2Time == 0.000128
[2024.01.05-20.46.58:296][  0]LogPakFile: PakFile PrimaryIndexSize=189
[2024.01.05-20.46.58:296][  0]LogPakFile: PakFile PathHashIndexSize=101
[2024.01.05-20.46.58:296][  0]LogPakFile: PakFile FullDirectoryIndexSize=152
[2024.01.05-20.46.58:296][  0]LogShaderLibrary: Display: ShaderCodeLibraryPakFileMountedCallback: PakFile 'C:/Program Files/Epic Games/UE_4.27/FeaturePacks/TP_ThirdPersonBP.upack' (chunk index -1, root 'root:/') mounted
[2024.01.05-20.46.58:296][  0]LogShaderLibrary: Display: ShaderCodeLibraryPakFileMountedCallback: pending pak file info (ChunkID:-1 Root:root:/ File:C:/Program Files/Epic Games/UE_4.27/FeaturePacks/TP_ThirdPersonBP.upack)
[2024.01.05-20.46.58:296][  0]LogPakFile: OnPakFileMounted2Time == 0.000113
[2024.01.05-20.46.58:297][  0]LogPakFile: PakFile PrimaryIndexSize=183
[2024.01.05-20.46.58:297][  0]LogPakFile: PakFile PathHashIndexSize=101
[2024.01.05-20.46.58:297][  0]LogPakFile: PakFile FullDirectoryIndexSize=140
[2024.01.05-20.46.58:297][  0]LogShaderLibrary: Display: ShaderCodeLibraryPakFileMountedCallback: PakFile 'C:/Program Files/Epic Games/UE_4.27/FeaturePacks/TP_TopDown.upack' (chunk index -1, root 'root:/') mounted
[2024.01.05-20.46.58:297][  0]LogShaderLibrary: Display: ShaderCodeLibraryPakFileMountedCallback: pending pak file info (ChunkID:-1 Root:root:/ File:C:/Program Files/Epic Games/UE_4.27/FeaturePacks/TP_TopDown.upack)
[2024.01.05-20.46.58:297][  0]LogPakFile: OnPakFileMounted2Time == 0.000139
[2024.01.05-20.46.58:298][  0]LogPakFile: PakFile PrimaryIndexSize=185
[2024.01.05-20.46.58:298][  0]LogPakFile: PakFile PathHashIndexSize=101
[2024.01.05-20.46.58:298][  0]LogPakFile: PakFile FullDirectoryIndexSize=144
[2024.01.05-20.46.58:298][  0]LogShaderLibrary: Display: ShaderCodeLibraryPakFileMountedCallback: PakFile 'C:/Program Files/Epic Games/UE_4.27/FeaturePacks/TP_TopDownBP.upack' (chunk index -1, root 'root:/') mounted
[2024.01.05-20.46.58:298][  0]LogShaderLibrary: Display: ShaderCodeLibraryPakFileMountedCallback: pending pak file info (ChunkID:-1 Root:root:/ File:C:/Program Files/Epic Games/UE_4.27/FeaturePacks/TP_TopDownBP.upack)
[2024.01.05-20.46.58:298][  0]LogPakFile: OnPakFileMounted2Time == 0.000121
[2024.01.05-20.46.58:299][  0]LogPakFile: PakFile PrimaryIndexSize=185
[2024.01.05-20.46.58:299][  0]LogPakFile: PakFile PathHashIndexSize=101
[2024.01.05-20.46.58:299][  0]LogPakFile: PakFile FullDirectoryIndexSize=144
[2024.01.05-20.46.58:299][  0]LogShaderLibrary: Display: ShaderCodeLibraryPakFileMountedCallback: PakFile 'C:/Program Files/Epic Games/UE_4.27/FeaturePacks/TP_TwinStick.upack' (chunk index -1, root 'root:/') mounted
[2024.01.05-20.46.58:299][  0]LogShaderLibrary: Display: ShaderCodeLibraryPakFileMountedCallback: pending pak file info (ChunkID:-1 Root:root:/ File:C:/Program Files/Epic Games/UE_4.27/FeaturePacks/TP_TwinStick.upack)
[2024.01.05-20.46.58:299][  0]LogPakFile: OnPakFileMounted2Time == 0.000128
[2024.01.05-20.46.58:300][  0]LogPakFile: PakFile PrimaryIndexSize=187
[2024.01.05-20.46.58:300][  0]LogPakFile: PakFile PathHashIndexSize=101
[2024.01.05-20.46.58:300][  0]LogPakFile: PakFile FullDirectoryIndexSize=148
[2024.01.05-20.46.58:300][  0]LogShaderLibrary: Display: ShaderCodeLibraryPakFileMountedCallback: PakFile 'C:/Program Files/Epic Games/UE_4.27/FeaturePacks/TP_TwinStickBP.upack' (chunk index -1, root 'root:/') mounted
[2024.01.05-20.46.58:300][  0]LogShaderLibrary: Display: ShaderCodeLibraryPakFileMountedCallback: pending pak file info (ChunkID:-1 Root:root:/ File:C:/Program Files/Epic Games/UE_4.27/FeaturePacks/TP_TwinStickBP.upack)
[2024.01.05-20.46.58:300][  0]LogPakFile: OnPakFileMounted2Time == 0.000112
[2024.01.05-20.46.58:300][  0]LogPakFile: PakFile PrimaryIndexSize=183
[2024.01.05-20.46.58:300][  0]LogPakFile: PakFile PathHashIndexSize=101
[2024.01.05-20.46.58:300][  0]LogPakFile: PakFile FullDirectoryIndexSize=140
[2024.01.05-20.46.58:301][  0]LogShaderLibrary: Display: ShaderCodeLibraryPakFileMountedCallback: PakFile 'C:/Program Files/Epic Games/UE_4.27/FeaturePacks/TP_Vehicle.upack' (chunk index -1, root 'root:/') mounted
[2024.01.05-20.46.58:301][  0]LogShaderLibrary: Display: ShaderCodeLibraryPakFileMountedCallback: pending pak file info (ChunkID:-1 Root:root:/ File:C:/Program Files/Epic Games/UE_4.27/FeaturePacks/TP_Vehicle.upack)
[2024.01.05-20.46.58:301][  0]LogPakFile: OnPakFileMounted2Time == 0.000111
[2024.01.05-20.46.58:301][  0]LogPakFile: PakFile PrimaryIndexSize=186
[2024.01.05-20.46.58:301][  0]LogPakFile: PakFile PathHashIndexSize=101
[2024.01.05-20.46.58:301][  0]LogPakFile: PakFile FullDirectoryIndexSize=146
[2024.01.05-20.46.58:301][  0]LogShaderLibrary: Display: ShaderCodeLibraryPakFileMountedCallback: PakFile 'C:/Program Files/Epic Games/UE_4.27/FeaturePacks/TP_VehicleAdv.upack' (chunk index -1, root 'root:/') mounted
[2024.01.05-20.46.58:301][  0]LogShaderLibrary: Display: ShaderCodeLibraryPakFileMountedCallback: pending pak file info (ChunkID:-1 Root:root:/ File:C:/Program Files/Epic Games/UE_4.27/FeaturePacks/TP_VehicleAdv.upack)
[2024.01.05-20.46.58:301][  0]LogPakFile: OnPakFileMounted2Time == 0.000126
[2024.01.05-20.46.58:302][  0]LogPakFile: PakFile PrimaryIndexSize=188
[2024.01.05-20.46.58:302][  0]LogPakFile: PakFile PathHashIndexSize=101
[2024.01.05-20.46.58:302][  0]LogPakFile: PakFile FullDirectoryIndexSize=150
[2024.01.05-20.46.58:302][  0]LogShaderLibrary: Display: ShaderCodeLibraryPakFileMountedCallback: PakFile 'C:/Program Files/Epic Games/UE_4.27/FeaturePacks/TP_VehicleAdvBP.upack' (chunk index -1, root 'root:/') mounted
[2024.01.05-20.46.58:302][  0]LogShaderLibrary: Display: ShaderCodeLibraryPakFileMountedCallback: pending pak file info (ChunkID:-1 Root:root:/ File:C:/Program Files/Epic Games/UE_4.27/FeaturePacks/TP_VehicleAdvBP.upack)
[2024.01.05-20.46.58:302][  0]LogPakFile: OnPakFileMounted2Time == 0.000109
[2024.01.05-20.46.58:303][  0]LogPakFile: PakFile PrimaryIndexSize=185
[2024.01.05-20.46.58:303][  0]LogPakFile: PakFile PathHashIndexSize=101
[2024.01.05-20.46.58:303][  0]LogPakFile: PakFile FullDirectoryIndexSize=144
[2024.01.05-20.46.58:303][  0]LogShaderLibrary: Display: ShaderCodeLibraryPakFileMountedCallback: PakFile 'C:/Program Files/Epic Games/UE_4.27/FeaturePacks/TP_VehicleBP.upack' (chunk index -1, root 'root:/') mounted
[2024.01.05-20.46.58:303][  0]LogShaderLibrary: Display: ShaderCodeLibraryPakFileMountedCallback: pending pak file info (ChunkID:-1 Root:root:/ File:C:/Program Files/Epic Games/UE_4.27/FeaturePacks/TP_VehicleBP.upack)
[2024.01.05-20.46.58:303][  0]LogPakFile: OnPakFileMounted2Time == 0.000121
[2024.01.05-20.46.58:304][  0]LogPakFile: PakFile PrimaryIndexSize=192
[2024.01.05-20.46.58:304][  0]LogPakFile: PakFile PathHashIndexSize=101
[2024.01.05-20.46.58:304][  0]LogPakFile: PakFile FullDirectoryIndexSize=158
[2024.01.05-20.46.58:304][  0]LogShaderLibrary: Display: ShaderCodeLibraryPakFileMountedCallback: PakFile 'C:/Program Files/Epic Games/UE_4.27/FeaturePacks/TP_VirtualRealityBP.upack' (chunk index -1, root 'root:/') mounted
[2024.01.05-20.46.58:304][  0]LogShaderLibrary: Display: ShaderCodeLibraryPakFileMountedCallback: pending pak file info (ChunkID:-1 Root:root:/ File:C:/Program Files/Epic Games/UE_4.27/FeaturePacks/TP_VirtualRealityBP.upack)
[2024.01.05-20.46.58:304][  0]LogPakFile: OnPakFileMounted2Time == 0.000111
[2024.01.05-20.46.58:357][  0]LogNativeClassHierarchy: Verbose: Native class hierarchy updated for 'AddContentDialog' in 0.0002 seconds. Added 0 classes and 0 folders.
[2024.01.05-20.46.58:358][  0]LogNativeClassHierarchy: Verbose: Native class hierarchy updated for 'SceneOutliner' in 0.0002 seconds. Added 2 classes and 0 folders.
[2024.01.05-20.46.58:403][  0]LogSlate: Took 0.000151 seconds to synchronously load lazily loaded font '../../../Engine/Content/Slate/Fonts/Roboto-Regular.ttf' (155K)
[2024.01.05-20.46.58:404][  0]LogSlate: Took 0.000148 seconds to synchronously load lazily loaded font '../../../Engine/Content/Editor/Slate/Fonts/FontAwesome.ttf' (139K)
[2024.01.05-20.46.58:405][  0]LogSlate: Took 0.000140 seconds to synchronously load lazily loaded font '../../../Engine/Content/Slate/Fonts/Roboto-Bold.ttf' (160K)
[2024.01.05-20.46.58:477][  0]LogRenderer: Reallocating scene render targets to support 1132x572 Format 10 NumSamples 1 (Frame:1).
[2024.01.05-20.46.58:533][  0]LogNativeClassHierarchy: Verbose: Native class hierarchy updated for 'HierarchicalLODOutliner' in 0.0002 seconds. Added 0 classes and 0 folders.
[2024.01.05-20.46.58:533][  0]LogLoad: (Engine Initialization) Total time: 9.75 seconds
[2024.01.05-20.46.58:533][  0]LogLoad: (Engine Initialization) Total Blueprint compile time: 0.00 seconds
[2024.01.05-20.46.58:547][  0]LogRawInputWindows: Warning: Found device 10 devices
[2024.01.05-20.46.58:547][  0]LogRawInputWindows: Warning: Found device 10 devices
[2024.01.05-20.46.58:547][  0]LogRawInputWindows: Warning: Device was registered succesfully but not connected (Usage:4 UsagePage:1)
[2024.01.05-20.46.58:547][  0]LogRawInputWindows: Warning: Found device 10 devices
[2024.01.05-20.46.58:547][  0]LogRawInputWindows: VenderID:54c ProductID:ce6
[2024.01.05-20.46.58:547][  0]LogRawInputWindows: Device was registered succesfully and is connected (Usage:5 UsagePage:1)
[2024.01.05-20.46.58:579][  0]LogAssetRegistry: Asset discovery search completed in 5.8961 seconds
[2024.01.05-20.46.58:584][  0]LogCollectionManager: Fixed up redirectors for 0 collections in 0.000002 seconds (updated 0 objects)
[2024.01.05-20.46.58:584][  0]LogContentStreaming: Texture pool size now 1000 MB
[2024.01.05-20.46.58:656][  7]LogSlate: Took 0.000185 seconds to synchronously load lazily loaded font '../../../Engine/Content/Slate/Fonts/Roboto-Light.ttf' (167K)
[2024.01.05-20.47.29:317][505]LogBlueprint: Warning: [AssetLog] C:\Users\Matth\Documents\UNI WORK\Actual Year 2\TechDemo4\MyProject2\Content\ABP_Soldier.uasset: [Compiler] Node  AimOffset 'AimOffset'  uses potentially thread-unsafe call  Try Get Pawn Owner . Disable threaded update or use a thread-safe call. Function may need BlueprintThreadSafe metadata adding.
[2024.01.05-20.47.29:317][505]LogBlueprint: Warning: [AssetLog] C:\Users\Matth\Documents\UNI WORK\Actual Year 2\TechDemo4\MyProject2\Content\ABP_Soldier.uasset: [Compiler] Node  AimOffset 'AimOffset'  uses potentially thread-unsafe call  Try Get Pawn Owner . Disable threaded update or use a thread-safe call. Function may need BlueprintThreadSafe metadata adding.
[2024.01.05-20.47.29:556][505]LogSlate: Took 0.000143 seconds to synchronously load lazily loaded font '../../../Engine/Content/Slate/Fonts/Roboto-Light.ttf' (167K)
[2024.01.05-20.47.29:569][505]LogAssetEditorSubsystem: Opening Asset editor for WidgetBlueprint /Game/MAINHUD_NEW.MAINHUD_NEW
[2024.01.05-20.47.29:626][505]LogNativeClassHierarchy: Verbose: Native class hierarchy updated for 'BlueprintGraph' in 0.0004 seconds. Added 126 classes and 0 folders.
[2024.01.05-20.47.30:304][505]LogScript: Warning: Accessed None trying to read property CallFunc_TryGetPawnOwner_ReturnValue_1
	ABP_Soldier_C /Engine/Transient.World_2:PersistentLevel.SkeletalMeshActor_0.SkeletalMeshComponent0.ABP_Soldier_C_0
	Function /Game/ABP_Soldier.ABP_Soldier_C:ExecuteUbergraph_ABP_Soldier:0040
[2024.01.05-20.47.30:305][505]LogScript: Warning: Accessed None trying to read property CallFunc_TryGetPawnOwner_ReturnValue
	ABP_Soldier_C /Engine/Transient.World_2:PersistentLevel.SkeletalMeshActor_0.SkeletalMeshComponent0.ABP_Soldier_C_0
	Function /Game/ABP_Soldier.ABP_Soldier_C:ExecuteUbergraph_ABP_Soldier:01B7
[2024.01.05-20.47.30:305][505]LogScript: Warning: Accessed None trying to read property CallFunc_TryGetPawnOwner_ReturnValue
	ABP_Soldier_C /Engine/Transient.World_2:PersistentLevel.SkeletalMeshActor_0.SkeletalMeshComponent0.ABP_Soldier_C_0
	Function /Game/ABP_Soldier.ABP_Soldier_C:ExecuteUbergraph_ABP_Soldier:00E7
[2024.01.05-20.47.30:305][505]LogScript: Warning: Accessed None trying to read property CallFunc_TryGetPawnOwner_ReturnValue
	ABP_Soldier_C /Engine/Transient.World_2:PersistentLevel.SkeletalMeshActor_0.SkeletalMeshComponent0.ABP_Soldier_C_0
	Function /Game/ABP_Soldier.ABP_Soldier_C:ExecuteUbergraph_ABP_Soldier:0119
[2024.01.05-20.47.30:305][505]LogScript: Warning: Accessed None trying to read property CallFunc_TryGetPawnOwner_ReturnValue_1
	ABP_Soldier_C /Engine/Transient.World_2:PersistentLevel.SkeletalMeshActor_0.SkeletalMeshComponent0.ABP_Soldier_C_0
	Function /Game/ABP_Soldier.ABP_Soldier_C:ExecuteUbergraph_ABP_Soldier:0040
[2024.01.05-20.47.30:539][505]LogSlate: Took 0.000198 seconds to synchronously load lazily loaded font '../../../Engine/Content/Slate/Fonts/Roboto-BoldCondensed.ttf' (158K)
[2024.01.05-21.02.11:046][673]Cmd: OBJ SAVEPACKAGE PACKAGE="/Game/MAINHUD_NEW" FILE="../../../../../../Users/Matth/Documents/UNI WORK/Actual Year 2/TechDemo4/MyProject2/Content/MAINHUD_NEW.uasset" SILENT=true
[2024.01.05-21.02.11:071][673]LogSavePackage: Moving '../../../../../../Users/Matth/Documents/UNI WORK/Actual Year 2/TechDemo4/MyProject2/Saved/MAINHUD_NEW8FB7D7DA4B8CE885AC7D08BE33BA009A.tmp' to '../../../../../../Users/Matth/Documents/UNI WORK/Actual Year 2/TechDemo4/MyProject2/Content/MAINHUD_NEW.uasset'
[2024.01.05-21.02.11:084][673]AssetCheck: New page: Asset Save: MAINHUD_NEW
[2024.01.05-21.02.11:084][673]LogContentValidation: Display: Validating WidgetBlueprint /Game/MAINHUD_NEW.MAINHUD_NEW
[2024.01.05-21.02.16:294][ 22]Cmd: OBJ SAVEPACKAGE PACKAGE="/Game/MAINHUD_NEW" FILE="../../../../../../Users/Matth/Documents/UNI WORK/Actual Year 2/TechDemo4/MyProject2/Content/MAINHUD_NEW.uasset" SILENT=true
[2024.01.05-21.02.16:318][ 22]LogSavePackage: Moving '../../../../../../Users/Matth/Documents/UNI WORK/Actual Year 2/TechDemo4/MyProject2/Saved/MAINHUD_NEWAECA297C41F2EC15E7C212AB218A4B46.tmp' to '../../../../../../Users/Matth/Documents/UNI WORK/Actual Year 2/TechDemo4/MyProject2/Content/MAINHUD_NEW.uasset'
[2024.01.05-21.02.16:327][ 22]AssetCheck: New page: Asset Save: MAINHUD_NEW
[2024.01.05-21.02.16:327][ 22]LogContentValidation: Display: Validating WidgetBlueprint /Game/MAINHUD_NEW.MAINHUD_NEW
[2024.01.05-21.02.17:131][117]LogTemp: Repeating last play command: Selected Viewport
[2024.01.05-21.02.17:139][117]LogPlayLevel: PlayLevel: No blueprints needed recompiling
[2024.01.05-21.02.17:139][117]PIE: New page: PIE session: Untitled_0 (5 Jan 2024, 21:02:17)
[2024.01.05-21.02.17:140][117]LogOnline: OSS: Creating online subsystem instance for: NULL
[2024.01.05-21.02.17:141][117]LogOnline: OSS: TryLoadSubsystemAndSetDefault: Loaded subsystem for module [NULL]
[2024.01.05-21.02.17:142][117]LogPlayLevel: Creating play world package: /Temp/UEDPIE_0_Untitled_0
[2024.01.05-21.02.17:142][117]LogPlayLevel: PIE: StaticDuplicateObject took: (0.000549s)
[2024.01.05-21.02.17:143][117]LogAIModule: Creating AISystem for world Untitled
[2024.01.05-21.02.17:143][117]LogPlayLevel: PIE: World Init took: (0.000928s)
[2024.01.05-21.02.17:143][117]LogPlayLevel: PIE: Created PIE world by copying editor world from /Temp/Untitled_0.Untitled to /Temp/UEDPIE_0_Untitled_0.Untitled (0.001691s)
[2024.01.05-21.02.17:185][117]LogUObjectHash: Compacting FUObjectHashTables data took   3.22ms
[2024.01.05-21.02.17:187][117]LogAudio: Display: Creating Audio Device:                 Id: 2, Scope: Unique, Realtime: True
[2024.01.05-21.02.17:187][117]LogAudioMixer: Display: Audio Mixer Platform Settings:
[2024.01.05-21.02.17:188][117]LogAudioMixer: Display: 	Sample Rate:						  48000
[2024.01.05-21.02.17:188][117]LogAudioMixer: Display: 	Callback Buffer Frame Size Requested: 1024
[2024.01.05-21.02.17:188][117]LogAudioMixer: Display: 	Callback Buffer Frame Size To Use:	  1024
[2024.01.05-21.02.17:188][117]LogAudioMixer: Display: 	Number of buffers to queue:			  2
[2024.01.05-21.02.17:188][117]LogAudioMixer: Display: 	Max Channels (voices):				  32
[2024.01.05-21.02.17:188][117]LogAudioMixer: Display: 	Number of Async Source Workers:		  0
[2024.01.05-21.02.17:188][117]LogAudio: Display: AudioDevice MaxSources: 32
[2024.01.05-21.02.17:188][117]LogAudio: Display: Audio Spatialization Plugin: None (built-in).
[2024.01.05-21.02.17:188][117]LogAudio: Display: Audio Reverb Plugin: None (built-in).
[2024.01.05-21.02.17:188][117]LogAudio: Display: Audio Occlusion Plugin: None (built-in).
[2024.01.05-21.02.17:189][117]LogAudioMixer: Display: Initializing audio mixer.
[2024.01.05-21.02.17:192][117]LogAudioMixer: Display: 0: FrontLeft
[2024.01.05-21.02.17:192][117]LogAudioMixer: Display: 1: FrontRight
[2024.01.05-21.02.17:199][117]LogAudioMixer: Display: Using Audio Device PL2466H (NVIDIA High Definition Audio)
[2024.01.05-21.02.17:199][117]LogAudioMixer: Display: Initializing Sound Submixes...
[2024.01.05-21.02.17:199][117]LogAudioMixer: Display: Creating Master Submix 'MasterSubmixDefault'
[2024.01.05-21.02.17:199][117]LogAudioMixer: Display: Creating Master Submix 'MasterReverbSubmixDefault'
[2024.01.05-21.02.17:199][117]LogAudioMixer: Display: Creating Master Submix 'MasterEQSubmixDefault'
[2024.01.05-21.02.17:200][117]LogAudioMixer: FMixerPlatformXAudio2::StartAudioStream() called
[2024.01.05-21.02.17:200][117]LogAudioMixer: Display: Output buffers initialized: Frames=1024, Channels=2, Samples=2048
[2024.01.05-21.02.17:201][117]LogAudioMixer: Display: Starting AudioMixerPlatformInterface::RunInternal()
[2024.01.05-21.02.17:201][117]LogAudioMixer: Display: FMixerPlatformXAudio2::SubmitBuffer() called for the first time
[2024.01.05-21.02.17:201][117]LogInit: FAudioDevice initialized.
[2024.01.05-21.02.17:201][117]LogAudio: Display: Audio Device (ID: 2) registered with world 'Untitled'.
[2024.01.05-21.02.17:221][117]LogLoad: Game class is 'Shooter_GameMode_BP_C'
[2024.01.05-21.02.17:221][117]LogWorld: Bringing World /Temp/UEDPIE_0_Untitled_0.Untitled up for play (max tick rate 0) at 2024.01.05-21.02.17
[2024.01.05-21.02.17:221][117]LogWorld: Bringing up level for play took: 0.000278
[2024.01.05-21.02.17:222][117]LogOnline: OSS: Creating online subsystem instance for: :Context_6
[2024.01.05-21.02.17:224][117]LogNativeClassHierarchy: Verbose: Native class hierarchy updated for 'MovieSceneCapture' in 0.0003 seconds. Added 20 cl