Log file open, 01/05/24 21:04:19
LogWindows: Failed to load 'aqProf.dll' (GetLastError=126)
LogWindows: File 'aqProf.dll' does not exist
LogWindows: Failed to load 'VtuneApi.dll' (GetLastError=126)
LogWindows: File 'VtuneApi.dll' does not exist
LogWindows: Failed to load 'VtuneApi32e.dll' (GetLastError=126)
LogWindows: File 'VtuneApi32e.dll' does not exist
LogConsoleResponse: Display: Failed to find resolution value strings in scalability ini. Falling back to default.
LogConsoleResponse: Display: Failed to find resolution value strings in scalability ini. Falling back to default.
LogInit: Display: Running engine for game: MyProject2
LogPlatformFile: Not using cached read wrapper
LogTaskGraph: Started task graph with 5 named threads and 35 total threads with 3 sets of task threads.
LogStats: Stats thread started at 0.241317
LogICUInternationalization: ICU TimeZone Detection - Raw Offset: +0:00, Platform Override: ''
LogInit: Display: Loading text-based GConfig....
LogPluginManager: Mounting plugin MeshPainting
LogPluginManager: Mounting plugin XGEController
LogPluginManager: Mounting plugin Paper2D
LogPluginManager: Mounting plugin AISupport
LogPluginManager: Mounting plugin EnvironmentQueryEditor
LogPluginManager: Mounting plugin LiveLink
LogPluginManager: Mounting plugin LightPropagationVolume
LogPluginManager: Mounting plugin OodleData
LogPluginManager: Mounting plugin CameraShakePreviewer
LogPluginManager: Mounting plugin OodleNetwork
LogPluginManager: Mounting plugin GameplayCameras
LogPluginManager: Mounting plugin AssetManagerEditor
LogPluginManager: Mounting plugin CryptoKeys
LogPluginManager: Mounting plugin CurveEditorTools
LogPluginManager: Mounting plugin DataValidation
LogPluginManager: Mounting plugin FacialAnimation
LogPluginManager: Mounting plugin GameplayTagsEditor
LogPluginManager: Mounting plugin GeometryMode
LogPluginManager: Mounting plugin MaterialAnalyzer
LogPluginManager: Mounting plugin MacGraphicsSwitching
LogPluginManager: Mounting plugin MobileLauncherProfileWizard
LogPluginManager: Mounting plugin PluginBrowser
LogPluginManager: Mounting plugin SpeedTreeImporter
LogPluginManager: Mounting plugin AlembicImporter
LogPluginManager: Mounting plugin BackChannel
LogPluginManager: Mounting plugin AutomationUtils
LogPluginManager: Mounting plugin ChaosCloth
LogPluginManager: Mounting plugin ChaosClothEditor
LogPluginManager: Mounting plugin ChaosEditor
LogPluginManager: Mounting plugin ChaosNiagara
LogPluginManager: Mounting plugin ChaosSolverPlugin
LogPluginManager: Mounting plugin CharacterAI
LogPluginManager: Mounting plugin Niagara
LogPluginManager: Mounting plugin GeometryCache
LogPluginManager: Mounting plugin GeometryCollectionPlugin
LogPluginManager: Mounting plugin AnimationSharing
LogPluginManager: Mounting plugin CLionSourceCodeAccess
LogPluginManager: Mounting plugin GitSourceControl
LogPluginManager: Mounting plugin CodeLiteSourceCodeAccess
LogPluginManager: Mounting plugin KDevelopSourceCodeAccess
LogPluginManager: Mounting plugin NullSourceCodeAccess
LogPluginManager: Mounting plugin PerforceSourceControl
LogPluginManager: Mounting plugin PixWinPlugin
LogPluginManager: Mounting plugin PluginUtils
LogPluginManager: Mounting plugin PlasticSourceControl
LogPluginManager: Mounting plugin PropertyAccessNode
LogPluginManager: Mounting plugin RiderSourceCodeAccess
LogPluginManager: Mounting plugin SubversionSourceControl
LogPluginManager: Mounting plugin TextureFormatOodle
LogPluginManager: Mounting plugin UObjectPlugin
LogPluginManager: Mounting plugin DatasmithContent
LogPluginManager: Mounting plugin VisualStudioSourceCodeAccess
LogPluginManager: Mounting plugin VisualStudioCodeSourceCodeAccess
LogPluginManager: Mounting plugin XCodeSourceCodeAccess
LogPluginManager: Mounting plugin VariantManagerContent
LogPluginManager: Mounting plugin GeometryProcessing
LogPluginManager: Mounting plugin AndroidMedia
LogPluginManager: Mounting plugin AvfMedia
LogPluginManager: Mounting plugin ImgMedia
LogPluginManager: Mounting plugin MediaCompositing
LogPluginManager: Mounting plugin MotoSynth
LogPluginManager: Mounting plugin OpenImageDenoise
LogPluginManager: Mounting plugin MediaPlayerEditor
LogPluginManager: Mounting plugin WebMMedia
LogPluginManager: Mounting plugin WmfMedia
LogPluginManager: Mounting plugin PlanarCut
LogPluginManager: Mounting plugin RawInput
LogPluginManager: Mounting plugin PlatformCrypto
LogPluginManager: Mounting plugin ProxyLODPlugin
LogPluginManager: Mounting plugin PythonScriptPlugin
LogPluginManager: Mounting plugin SkeletalReduction
LogPluginManager: Mounting plugin LuminPlatformFeatures
LogPluginManager: Mounting plugin MagicLeap
LogPluginManager: Mounting plugin MagicLeapLightEstimation
LogPluginManager: Mounting plugin MagicLeapMedia
LogPluginManager: Mounting plugin MagicLeapPassableWorld
LogPluginManager: Mounting plugin MLSDK
LogPluginManager: Mounting plugin TcpMessaging
LogPluginManager: Mounting plugin UdpMessaging
LogPluginManager: Mounting plugin ActorSequence
LogPluginManager: Mounting plugin MatineeToLevelSequence
LogPluginManager: Mounting plugin LevelSequenceEditor
LogPluginManager: Mounting plugin TemplateSequence
LogPluginManager: Mounting plugin OnlineSubsystem
LogPluginManager: Mounting plugin OnlineSubsystemNull
LogPluginManager: Mounting plugin OnlineSubsystemUtils
LogPluginManager: Mounting plugin LauncherChunkInstaller
LogPluginManager: Mounting plugin ActorLayerUtilities
LogPluginManager: Mounting plugin AndroidDeviceProfileSelector
LogPluginManager: Mounting plugin AndroidMoviePlayer
LogPluginManager: Mounting plugin AndroidPermission
LogPluginManager: Mounting plugin AppleImageUtils
LogPluginManager: Mounting plugin AppleMoviePlayer
LogPluginManager: Mounting plugin ArchVisCharacter
LogPluginManager: Mounting plugin AssetTags
LogPluginManager: Mounting plugin AudioCapture
LogPluginManager: Mounting plugin AudioSynesthesia
LogPluginManager: Mounting plugin CableComponent
LogPluginManager: Mounting plugin ChunkDownloader
LogPluginManager: Mounting plugin CustomMeshComponent
LogPluginManager: Mounting plugin EditableMesh
LogPluginManager: Mounting plugin ExampleDeviceProfileSelector
LogPluginManager: Mounting plugin GoogleCloudMessaging
LogPluginManager: Mounting plugin GooglePAD
LogPluginManager: Mounting plugin ScreenshotTools
LogPluginManager: Mounting plugin IOSDeviceProfileSelector
LogPluginManager: Mounting plugin LinuxDeviceProfileSelector
LogPluginManager: Mounting plugin LocationServicesBPLibrary
LogPluginManager: Mounting plugin MobilePatchingUtils
LogPluginManager: Mounting plugin OpenXR
LogPluginManager: Mounting plugin OpenXREyeTracker
LogPluginManager: Mounting plugin OpenXRHandTracking
LogPluginManager: Mounting plugin PostSplashScreen
LogPluginManager: Mounting plugin PhysXVehicles
LogPluginManager: Mounting plugin PropertyAccessEditor
LogPluginManager: Mounting plugin ProceduralMeshComponent
LogPluginManager: Mounting plugin RuntimePhysXCooking
LogPluginManager: Mounting plugin SignificanceManager
LogPluginManager: Mounting plugin SoundFields
LogPluginManager: Mounting plugin Synthesis
LogPluginManager: Mounting plugin WebMMoviePlayer
LogPluginManager: Mounting plugin WindowsMoviePlayer
LogPluginManager: Mounting plugin Takes
LogPluginManager: Mounting plugin ContentBrowserAssetDataSource
LogPluginManager: Mounting plugin ContentBrowserClassDataSource
LogPluginManager: Mounting plugin ContentBrowserFileDataSource
LogPluginManager: Mounting plugin OnlineSubsystemGooglePlay
LogPluginManager: Mounting plugin OnlineSubsystemIOS
LogPluginManager: Mounting plugin OculusVR
LogPluginManager: Mounting plugin SteamVR
PixWinPlugin: PIX capture plugin failed to initialize! Check that the process is launched from PIX.
LogInit: Using libcurl 7.55.1-DEV
LogInit:  - built for x86_64-pc-win32
LogInit:  - supports SSL with OpenSSL/1.1.1
LogInit:  - supports HTTP deflate (compression) using libz 1.2.8
LogInit:  - other features:
LogInit:      CURL_VERSION_SSL
LogInit:      CURL_VERSION_LIBZ
LogInit:      CURL_VERSION_IPV6
LogInit:      CURL_VERSION_ASYNCHDNS
LogInit:      CURL_VERSION_LARGEFILE
LogInit:      CURL_VERSION_IDN
LogInit:  CurlRequestOptions (configurable via config and command line):
LogInit:  - bVerifyPeer = true  - Libcurl will verify peer certificate
LogInit:  - bUseHttpProxy = false  - Libcurl will NOT use HTTP proxy
LogInit:  - bDontReuseConnections = false  - Libcurl will reuse connections
LogInit:  - MaxHostConnections = 16  - Libcurl will limit the number of connections to a host
LogInit:  - LocalHostAddr = Default
LogInit:  - BufferSize = 65536
LogOnline: OSS: Creating online subsystem instance for: NULL
LogInit: WinSock: version 1.1 (2.2), MaxSocks=32767, MaxUdp=65467
LogOnline: OSS: TryLoadSubsystemAndSetDefault: Loaded subsystem for module [NULL]
LogOculusPluginWrapper: OculusPlugin initialized successfully
LogHMD: Failed initializing OVRPlugin 1.59.0
LogInit: Build: ++UE4+Release-4.27-CL-18319896
LogInit: Engine Version: 4.27.2-18319896+++UE4+Release-4.27
LogInit: Compatible Engine Version: 4.27.0-17155196+++UE4+Release-4.27
LogInit: Net CL: 17155196
LogInit: OS: Windows 10 (Release 2009) (), CPU: Intel(R) Core(TM) i5-10600K CPU @ 4.10GHz, GPU: NVIDIA GeForce RTX 2060
LogInit: Compiled (64-bit): Nov 30 2021 07:12:08
LogInit: Compiled with Visual C++: 19.24.28315.00
LogInit: Build Configuration: Development
LogInit: Branch Name: ++UE4+Release-4.27
LogInit: Command Line:  -skipcompile
LogInit: Base Directory: C:/Program Files/Epic Games/UE_4.27/Engine/Binaries/Win64/
LogInit: Allocator: TBB
LogInit: Installed Engine Build: 1
LogDevObjectVersion: Number of dev versions registered: 29
LogDevObjectVersion:   Dev-Blueprints (B0D832E4-1F89-4F0D-ACCF-7EB736FD4AA2): 10
LogDevObjectVersion:   Dev-Build (E1C64328-A22C-4D53-A36C-8E866417BD8C): 0
LogDevObjectVersion:   Dev-Core (375EC13C-06E4-48FB-B500-84F0262A717E): 4
LogDevObjectVersion:   Dev-Editor (E4B068ED-F494-42E9-A231-DA0B2E46BB41): 40
LogDevObjectVersion:   Dev-Framework (CFFC743F-43B0-4480-9391-14DF171D2073): 37
LogDevObjectVersion:   Dev-Mobile (B02B49B5-BB20-44E9-A304-32B752E40360): 3
LogDevObjectVersion:   Dev-Networking (A4E4105C-59A1-49B5-A7C5-40C4547EDFEE): 0
LogDevObjectVersion:   Dev-Online (39C831C9-5AE6-47DC-9A44-9C173E1C8E7C): 0
LogDevObjectVersion:   Dev-Physics (78F01B33-EBEA-4F98-B9B4-84EACCB95AA2): 14
LogDevObjectVersion:   Dev-Platform (6631380F-2D4D-43E0-8009-CF276956A95A): 0
LogDevObjectVersion:   Dev-Rendering (12F88B9F-8875-4AFC-A67C-D90C383ABD29): 45
LogDevObjectVersion:   Dev-Sequencer (7B5AE74C-D270-4C10-A958-57980B212A5A): 13
LogDevObjectVersion:   Dev-VR (D7296918-1DD6-4BDD-9DE2-64A83CC13884): 3
LogDevObjectVersion:   Dev-LoadTimes (C2A15278-BFE7-4AFE-6C17-90FF531DF755): 1
LogDevObjectVersion:   Private-Geometry (6EACA3D4-40EC-4CC1-B786-8BED09428FC5): 3
LogDevObjectVersion:   Dev-AnimPhys (29E575DD-E0A3-4627-9D10-D276232CDCEA): 17
LogDevObjectVersion:   Dev-Anim (AF43A65D-7FD3-4947-9873-3E8ED9C1BB05): 15
LogDevObjectVersion:   Dev-ReflectionCapture (6B266CEC-1EC7-4B8F-A30B-E4D90942FC07): 1
LogDevObjectVersion:   Dev-Automation (0DF73D61-A23F-47EA-B727-89E90C41499A): 1
LogDevObjectVersion:   FortniteMain (601D1886-AC64-4F84-AA16-D3DE0DEAC7D6): 47
LogDevObjectVersion:   FortniteRelease (E7086368-6B23-4C58-8439-1B7016265E91): 1
LogDevObjectVersion:   Dev-Enterprise (9DFFBCD6-494F-0158-E221-12823C92A888): 10
LogDevObjectVersion:   Dev-Niagara (F2AED0AC-9AFE-416F-8664-AA7FFA26D6FC): 1
LogDevObjectVersion:   Dev-Destruction (174F1F0B-B4C6-45A5-B13F-2EE8D0FB917D): 10
LogDevObjectVersion:   Dev-Physics-Ext (35F94A83-E258-406C-A318-09F59610247C): 41
LogDevObjectVersion:   Dev-PhysicsMaterial-Chaos (B68FC16E-8B1B-42E2-B453-215C058844FE): 1
LogDevObjectVersion:   Dev-CineCamera (B2E18506-4273-CFC2-A54E-F4BB758BBA07): 1
LogDevObjectVersion:   Dev-VirtualProduction (64F58936-FD1B-42BA-BA96-7289D5D0FA4E): 1
LogDevObjectVersion:   Dev-MediaFramework (6F0ED827-A609-4895-9C91-998D90180EA4): 2
LogInit: Presizing for max 25165824 objects, including 0 objects not considered by GC, pre-allocating 0 bytes for permanent pool.
LogConfig: Applying CVar settings from Section [/Script/Engine.StreamingSettings] File [C:/Users/Matth/Documents/UNI WORK/Actual Year 2/TechDemo4/MyProject2/Saved/Config/Windows/Engine.ini]
LogConfig: Setting CVar [[s.MinBulkDataSizeForAsyncLoading:131072]]
LogConfig: Setting CVar [[s.AsyncLoadingThreadEnabled:0]]
LogConfig: Setting CVar [[s.EventDrivenLoaderEnabled:1]]
LogConfig: Setting CVar [[s.WarnIfTimeLimitExceeded:0]]
LogConfig: Setting CVar [[s.TimeLimitExceededMultiplier:1.5]]
LogConfig: Setting CVar [[s.TimeLimitExceededMinTime:0.005]]
LogConfig: Setting CVar [[s.UseBackgroundLevelStreaming:1]]
LogConfig: Setting CVar [[s.PriorityAsyncLoadingExtraTime:15.0]]
LogConfig: Setting CVar [[s.LevelStreamingActorsUpdateTimeLimit:5.0]]
LogConfig: Setting CVar [[s.PriorityLevelStreamingActorsUpdateExtraTime:5.0]]
LogConfig: Setting CVar [[s.LevelStreamingComponentsRegistrationGranularity:10]]
LogConfig: Setting CVar [[s.UnregisterComponentsTimeLimit:1.0]]
LogConfig: Setting CVar [[s.LevelStreamingComponentsUnregistrationGranularity:5]]
LogConfig: Setting CVar [[s.FlushStreamingOnExit:1]]
LogInit: Object subsystem initialized
LogConfig: Setting CVar [[con.DebugEarlyDefault:1]]
LogConfig: Setting CVar [[r.setres:1280x720]]
[2024.01.05-21.04.20:936][  0]LogConfig: Setting CVar [[r.VSync:0]]
[2024.01.05-21.04.20:936][  0]LogConfig: Setting CVar [[r.RHICmdBypass:0]]
[2024.01.05-21.04.20:936][  0]LogConfig: Applying CVar settings from Section [/Script/Engine.RendererSettings] File [C:/Users/Matth/Documents/UNI WORK/Actual Year 2/TechDemo4/MyProject2/Saved/Config/Windows/Engine.ini]
[2024.01.05-21.04.20:936][  0]LogConfig: Setting CVar [[r.GPUCrashDebugging:0]]
[2024.01.05-21.04.20:936][  0]LogConfig: Applying CVar settings from Section [/Script/Engine.RendererOverrideSettings] File [C:/Users/Matth/Documents/UNI WORK/Actual Year 2/TechDemo4/MyProject2/Saved/Config/Windows/Engine.ini]
[2024.01.05-21.04.20:937][  0]LogConfig: Applying CVar settings from Section [/Script/Engine.StreamingSettings] File [C:/Users/Matth/Documents/UNI WORK/Actual Year 2/TechDemo4/MyProject2/Saved/Config/Windows/Engine.ini]
[2024.01.05-21.04.20:937][  0]LogConfig: Setting CVar [[s.MinBulkDataSizeForAsyncLoading:131072]]
[2024.01.05-21.04.20:937][  0]LogConfig: Setting CVar [[s.AsyncLoadingThreadEnabled:0]]
[2024.01.05-21.04.20:937][  0]LogConfig: Setting CVar [[s.EventDrivenLoaderEnabled:1]]
[2024.01.05-21.04.20:937][  0]LogConfig: Setting CVar [[s.WarnIfTimeLimitExceeded:0]]
[2024.01.05-21.04.20:937][  0]LogConfig: Setting CVar [[s.TimeLimitExceededMultiplier:1.5]]
[2024.01.05-21.04.20:937][  0]LogConfig: Setting CVar [[s.TimeLimitExceededMinTime:0.005]]
[2024.01.05-21.04.20:937][  0]LogConfig: Setting CVar [[s.UseBackgroundLevelStreaming:1]]
[2024.01.05-21.04.20:937][  0]LogConfig: Setting CVar [[s.PriorityAsyncLoadingExtraTime:15.0]]
[2024.01.05-21.04.20:937][  0]LogConfig: Setting CVar [[s.LevelStreamingActorsUpdateTimeLimit:5.0]]
[2024.01.05-21.04.20:937][  0]LogConfig: Setting CVar [[s.PriorityLevelStreamingActorsUpdateExtraTime:5.0]]
[2024.01.05-21.04.20:937][  0]LogConfig: Setting CVar [[s.LevelStreamingComponentsRegistrationGranularity:10]]
[2024.01.05-21.04.20:937][  0]LogConfig: Setting CVar [[s.UnregisterComponentsTimeLimit:1.0]]
[2024.01.05-21.04.20:937][  0]LogConfig: Setting CVar [[s.LevelStreamingComponentsUnregistrationGranularity:5]]
[2024.01.05-21.04.20:937][  0]LogConfig: Setting CVar [[s.FlushStreamingOnExit:1]]
[2024.01.05-21.04.20:937][  0]LogConfig: Applying CVar settings from Section [/Script/Engine.GarbageCollectionSettings] File [C:/Users/Matth/Documents/UNI WORK/Actual Year 2/TechDemo4/MyProject2/Saved/Config/Windows/Engine.ini]
[2024.01.05-21.04.20:937][  0]LogConfig: Setting CVar [[gc.MaxObjectsNotConsideredByGC:1]]
[2024.01.05-21.04.20:937][  0]LogConfig: Setting CVar [[gc.SizeOfPermanentObjectPool:0]]
[2024.01.05-21.04.20:937][  0]LogConfig: Setting CVar [[gc.FlushStreamingOnGC:0]]
[2024.01.05-21.04.20:937][  0]LogConfig: Setting CVar [[gc.NumRetriesBeforeForcingGC:10]]
[2024.01.05-21.04.20:937][  0]LogConfig: Setting CVar [[gc.AllowParallelGC:1]]
[2024.01.05-21.04.20:938][  0]LogConfig: Setting CVar [[gc.TimeBetweenPurgingPendingKillObjects:61.1]]
[2024.01.05-21.04.20:938][  0]LogConfig: Setting CVar [[gc.MaxObjectsInEditor:25165824]]
[2024.01.05-21.04.20:938][  0]LogConfig: Setting CVar [[gc.IncrementalBeginDestroyEnabled:1]]
[2024.01.05-21.04.20:938][  0]LogConfig: Setting CVar [[gc.CreateGCClusters:1]]
[2024.01.05-21.04.20:938][  0]LogConfig: Setting CVar [[gc.MinGCClusterSize:5]]
[2024.01.05-21.04.20:938][  0]LogConfig: Setting CVar [[gc.ActorClusteringEnabled:0]]
[2024.01.05-21.04.20:938][  0]LogConfig: Setting CVar [[gc.BlueprintClusteringEnabled:0]]
[2024.01.05-21.04.20:938][  0]LogConfig: Setting CVar [[gc.UseDisregardForGCOnDedicatedServers:0]]
[2024.01.05-21.04.20:938][  0]LogConfig: Setting CVar [[gc.MultithreadedDestructionEnabled:1]]
[2024.01.05-21.04.20:938][  0]LogConfig: Applying CVar settings from Section [/Script/Engine.NetworkSettings] File [C:/Users/Matth/Documents/UNI WORK/Actual Year 2/TechDemo4/MyProject2/Saved/Config/Windows/Engine.ini]
[2024.01.05-21.04.20:938][  0]LogConfig: Applying CVar settings from Section [/Script/UnrealEd.CookerSettings] File [C:/Users/Matth/Documents/UNI WORK/Actual Year 2/TechDemo4/MyProject2/Saved/Config/Windows/Engine.ini]
[2024.01.05-21.04.20:964][  0]LogConfig: Applying CVar settings from Section [ViewDistanceQuality@3] File [C:/Users/Matth/Documents/UNI WORK/Actual Year 2/TechDemo4/MyProject2/Saved/Config/Windows/Scalability.ini]
[2024.01.05-21.04.20:964][  0]LogConfig: Setting CVar [[r.SkeletalMeshLODBias:0]]
[2024.01.05-21.04.20:964][  0]LogConfig: Setting CVar [[r.ViewDistanceScale:1.0]]
[2024.01.05-21.04.20:965][  0]LogConfig: Applying CVar settings from Section [AntiAliasingQuality@3] File [C:/Users/Matth/Documents/UNI WORK/Actual Year 2/TechDemo4/MyProject2/Saved/Config/Windows/Scalability.ini]
[2024.01.05-21.04.20:965][  0]LogConfig: Setting CVar [[r.PostProcessAAQuality:4]]
[2024.01.05-21.04.20:965][  0]LogConfig: Applying CVar settings from Section [ShadowQuality@3] File [C:/Users/Matth/Documents/UNI WORK/Actual Year 2/TechDemo4/MyProject2/Saved/Config/Windows/Scalability.ini]
[2024.01.05-21.04.20:965][  0]LogConfig: Setting CVar [[r.LightFunctionQuality:1]]
[2024.01.05-21.04.20:965][  0]LogConfig: Setting CVar [[r.ShadowQuality:5]]
[2024.01.05-21.04.20:965][  0]LogConfig: Setting CVar [[r.Shadow.CSM.MaxCascades:10]]
[2024.01.05-21.04.20:965][  0]LogConfig: Setting CVar [[r.Shadow.MaxResolution:2048]]
[2024.01.05-21.04.20:965][  0]LogConfig: Setting CVar [[r.Shadow.MaxCSMResolution:2048]]
[2024.01.05-21.04.20:965][  0]LogConfig: Setting CVar [[r.Shadow.RadiusThreshold:0.01]]
[2024.01.05-21.04.20:965][  0]LogConfig: Setting CVar [[r.Shadow.DistanceScale:1.0]]
[2024.01.05-21.04.20:965][  0]LogConfig: Setting CVar [[r.Shadow.CSM.TransitionScale:1.0]]
[2024.01.05-21.04.20:965][  0]LogConfig: Setting CVar [[r.Shadow.PreShadowResolutionFactor:1.0]]
[2024.01.05-21.04.20:965][  0]LogConfig: Setting CVar [[r.DistanceFieldShadowing:1]]
[2024.01.05-21.04.20:965][  0]LogConfig: Setting CVar [[r.DistanceFieldAO:1]]
[2024.01.05-21.04.20:965][  0]LogConfig: Setting CVar [[r.AOQuality:2]]
[2024.01.05-21.04.20:965][  0]LogConfig: Setting CVar [[r.VolumetricFog:1]]
[2024.01.05-21.04.20:965][  0]LogConfig: Setting CVar [[r.VolumetricFog.GridPixelSize:8]]
[2024.01.05-21.04.20:965][  0]LogConfig: Setting CVar [[r.VolumetricFog.GridSizeZ:128]]
[2024.01.05-21.04.20:965][  0]LogConfig: Setting CVar [[r.VolumetricFog.HistoryMissSupersampleCount:4]]
[2024.01.05-21.04.20:965][  0]LogConfig: Setting CVar [[r.LightMaxDrawDistanceScale:1]]
[2024.01.05-21.04.20:965][  0]LogConfig: Setting CVar [[r.CapsuleShadows:1]]
[2024.01.05-21.04.20:965][  0]LogConfig: Applying CVar settings from Section [PostProcessQuality@3] File [C:/Users/Matth/Documents/UNI WORK/Actual Year 2/TechDemo4/MyProject2/Saved/Config/Windows/Scalability.ini]
[2024.01.05-21.04.20:965][  0]LogConfig: Setting CVar [[r.MotionBlurQuality:4]]
[2024.01.05-21.04.20:966][  0]LogConfig: Setting CVar [[r.AmbientOcclusionMipLevelFactor:0.4]]
[2024.01.05-21.04.20:966][  0]LogConfig: Setting CVar [[r.AmbientOcclusionMaxQuality:100]]
[2024.01.05-21.04.20:966][  0]LogConfig: Setting CVar [[r.AmbientOcclusionLevels:-1]]
[2024.01.05-21.04.20:966][  0]LogConfig: Setting CVar [[r.AmbientOcclusionRadiusScale:1.0]]
[2024.01.05-21.04.20:966][  0]LogConfig: Setting CVar [[r.DepthOfFieldQuality:2]]
[2024.01.05-21.04.20:966][  0]LogConfig: Setting CVar [[r.RenderTargetPoolMin:400]]
[2024.01.05-21.04.20:966][  0]LogConfig: Setting CVar [[r.LensFlareQuality:2]]
[2024.01.05-21.04.20:966][  0]LogConfig: Setting CVar [[r.SceneColorFringeQuality:1]]
[2024.01.05-21.04.20:966][  0]LogConfig: Setting CVar [[r.EyeAdaptationQuality:2]]
[2024.01.05-21.04.20:966][  0]LogConfig: Setting CVar [[r.BloomQuality:5]]
[2024.01.05-21.04.20:966][  0]LogConfig: Setting CVar [[r.FastBlurThreshold:100]]
[2024.01.05-21.04.20:966][  0]LogConfig: Setting CVar [[r.Upscale.Quality:3]]
[2024.01.05-21.04.20:966][  0]LogConfig: Setting CVar [[r.Tonemapper.GrainQuantization:1]]
[2024.01.05-21.04.20:966][  0]LogConfig: Setting CVar [[r.LightShaftQuality:1]]
[2024.01.05-21.04.20:966][  0]LogConfig: Setting CVar [[r.Filter.SizeScale:1]]
[2024.01.05-21.04.20:966][  0]LogConfig: Setting CVar [[r.Tonemapper.Quality:5]]
[2024.01.05-21.04.20:966][  0]LogConfig: Setting CVar [[r.DOF.Gather.AccumulatorQuality:1        ; higher gathering accumulator quality]]
[2024.01.05-21.04.20:966][  0]LogConfig: Setting CVar [[r.DOF.Gather.PostfilterMethod:1          ; Median3x3 postfilering method]]
[2024.01.05-21.04.20:966][  0]LogConfig: Setting CVar [[r.DOF.Gather.EnableBokehSettings:0       ; no bokeh simulation when gathering]]
[2024.01.05-21.04.20:966][  0]LogConfig: Setting CVar [[r.DOF.Gather.RingCount:4                 ; medium number of samples when gathering]]
[2024.01.05-21.04.20:966][  0]LogConfig: Setting CVar [[r.DOF.Scatter.ForegroundCompositing:1    ; additive foreground scattering]]
[2024.01.05-21.04.20:966][  0]LogConfig: Setting CVar [[r.DOF.Scatter.BackgroundCompositing:2    ; additive background scattering]]
[2024.01.05-21.04.20:967][  0]LogConfig: Setting CVar [[r.DOF.Scatter.EnableBokehSettings:1      ; bokeh simulation when scattering]]
[2024.01.05-21.04.20:967][  0]LogConfig: Setting CVar [[r.DOF.Scatter.MaxSpriteRatio:0.1         ; only a maximum of 10% of scattered bokeh]]
[2024.01.05-21.04.20:967][  0]LogConfig: Setting CVar [[r.DOF.Recombine.Quality:1                ; cheap slight out of focus]]
[2024.01.05-21.04.20:967][  0]LogConfig: Setting CVar [[r.DOF.Recombine.EnableBokehSettings:0    ; no bokeh simulation on slight out of focus]]
[2024.01.05-21.04.20:967][  0]LogConfig: Setting CVar [[r.DOF.TemporalAAQuality:1                ; more stable temporal accumulation]]
[2024.01.05-21.04.20:967][  0]LogConfig: Setting CVar [[r.DOF.Kernel.MaxForegroundRadius:0.025]]
[2024.01.05-21.04.20:967][  0]LogConfig: Setting CVar [[r.DOF.Kernel.MaxBackgroundRadius:0.025]]
[2024.01.05-21.04.20:967][  0]LogConfig: Applying CVar settings from Section [TextureQuality@3] File [C:/Users/Matth/Documents/UNI WORK/Actual Year 2/TechDemo4/MyProject2/Saved/Config/Windows/Scalability.ini]
[2024.01.05-21.04.20:967][  0]LogConfig: Setting CVar [[r.Streaming.MipBias:0]]
[2024.01.05-21.04.20:967][  0]LogConfig: Setting CVar [[r.Streaming.AmortizeCPUToGPUCopy:0]]
[2024.01.05-21.04.20:967][  0]LogConfig: Setting CVar [[r.Streaming.MaxNumTexturesToStreamPerFrame:0]]
[2024.01.05-21.04.20:967][  0]LogConfig: Setting CVar [[r.Streaming.Boost:1]]
[2024.01.05-21.04.20:967][  0]LogConfig: Setting CVar [[r.MaxAnisotropy:8]]
[2024.01.05-21.04.20:967][  0]LogConfig: Setting CVar [[r.VT.MaxAnisotropy:8]]
[2024.01.05-21.04.20:967][  0]LogConfig: Setting CVar [[r.Streaming.LimitPoolSizeToVRAM:0]]
[2024.01.05-21.04.20:967][  0]LogConfig: Setting CVar [[r.Streaming.PoolSize:1000]]
[2024.01.05-21.04.20:967][  0]LogConfig: Setting CVar [[r.Streaming.MaxEffectiveScreenSize:0]]
[2024.01.05-21.04.20:967][  0]LogConfig: Applying CVar settings from Section [EffectsQuality@3] File [C:/Users/Matth/Documents/UNI WORK/Actual Year 2/TechDemo4/MyProject2/Saved/Config/Windows/Scalability.ini]
[2024.01.05-21.04.20:967][  0]LogConfig: Setting CVar [[r.TranslucencyLightingVolumeDim:64]]
[2024.01.05-21.04.20:967][  0]LogConfig: Setting CVar [[r.RefractionQuality:2]]
[2024.01.05-21.04.20:967][  0]LogConfig: Setting CVar [[r.SSR.Quality:3]]
[2024.01.05-21.04.20:967][  0]LogConfig: Setting CVar [[r.SSR.HalfResSceneColor:0]]
[2024.01.05-21.04.20:967][  0]LogConfig: Setting CVar [[r.SceneColorFormat:4]]
[2024.01.05-21.04.20:968][  0]LogConfig: Setting CVar [[r.DetailMode:2]]
[2024.01.05-21.04.20:968][  0]LogConfig: Setting CVar [[r.TranslucencyVolumeBlur:1]]
[2024.01.05-21.04.20:968][  0]LogConfig: Setting CVar [[r.MaterialQualityLevel:1 ; High quality]]
[2024.01.05-21.04.20:968][  0]LogConfig: Setting CVar [[r.AnisotropicMaterials:1]]
[2024.01.05-21.04.20:968][  0]LogConfig: Setting CVar [[r.SSS.Scale:1]]
[2024.01.05-21.04.20:968][  0]LogConfig: Setting CVar [[r.SSS.SampleSet:2]]
[2024.01.05-21.04.20:968][  0]LogConfig: Setting CVar [[r.SSS.Quality:1]]
[2024.01.05-21.04.20:968][  0]LogConfig: Setting CVar [[r.SSS.HalfRes:0]]
[2024.01.05-21.04.20:968][  0]LogConfig: Setting CVar [[r.SSGI.Quality:3]]
[2024.01.05-21.04.20:968][  0]LogConfig: Setting CVar [[r.EmitterSpawnRateScale:1.0]]
[2024.01.05-21.04.20:968][  0]LogConfig: Setting CVar [[r.ParticleLightQuality:2]]
[2024.01.05-21.04.20:968][  0]LogConfig: Setting CVar [[r.SkyAtmosphere.AerialPerspectiveLUT.FastApplyOnOpaque:1 ; Always have FastSkyLUT 1 in this case to avoid wrong sky]]
[2024.01.05-21.04.20:968][  0]LogConfig: Setting CVar [[r.SkyAtmosphere.AerialPerspectiveLUT.SampleCountMaxPerSlice:4]]
[2024.01.05-21.04.20:968][  0]LogConfig: Setting CVar [[r.SkyAtmosphere.AerialPerspectiveLUT.DepthResolution:16.0]]
[2024.01.05-21.04.20:968][  0]LogConfig: Setting CVar [[r.SkyAtmosphere.FastSkyLUT:1]]
[2024.01.05-21.04.20:968][  0]LogConfig: Setting CVar [[r.SkyAtmosphere.FastSkyLUT.SampleCountMin:4.0]]
[2024.01.05-21.04.20:968][  0]LogConfig: Setting CVar [[r.SkyAtmosphere.FastSkyLUT.SampleCountMax:128.0]]
[2024.01.05-21.04.20:968][  0]LogConfig: Setting CVar [[r.SkyAtmosphere.SampleCountMin:4.0]]
[2024.01.05-21.04.20:968][  0]LogConfig: Setting CVar [[r.SkyAtmosphere.SampleCountMax:128.0]]
[2024.01.05-21.04.20:968][  0]LogConfig: Setting CVar [[r.SkyAtmosphere.TransmittanceLUT.UseSmallFormat:0]]
[2024.01.05-21.04.20:968][  0]LogConfig: Setting CVar [[r.SkyAtmosphere.TransmittanceLUT.SampleCount:10.0]]
[2024.01.05-21.04.20:968][  0]LogConfig: Setting CVar [[r.SkyAtmosphere.MultiScatteringLUT.SampleCount:15.0]]
[2024.01.05-21.04.20:968][  0]LogConfig: Setting CVar [[r.SkyLight.RealTimeReflectionCapture:1]]
[2024.01.05-21.04.20:969][  0]LogConfig: Applying CVar settings from Section [FoliageQuality@3] File [C:/Users/Matth/Documents/UNI WORK/Actual Year 2/TechDemo4/MyProject2/Saved/Config/Windows/Scalability.ini]
[2024.01.05-21.04.20:969][  0]LogConfig: Setting CVar [[foliage.DensityScale:1.0]]
[2024.01.05-21.04.20:969][  0]LogConfig: Setting CVar [[grass.DensityScale:1.0]]
[2024.01.05-21.04.20:969][  0]LogConfig: Applying CVar settings from Section [ShadingQuality@3] File [C:/Users/Matth/Documents/UNI WORK/Actual Year 2/TechDemo4/MyProject2/Saved/Config/Windows/Scalability.ini]
[2024.01.05-21.04.20:969][  0]LogConfig: Setting CVar [[r.HairStrands.SkyLighting.IntegrationType:2]]
[2024.01.05-21.04.20:969][  0]LogConfig: Setting CVar [[r.HairStrands.SkyAO.SampleCount:4]]
[2024.01.05-21.04.20:969][  0]LogConfig: Setting CVar [[r.HairStrands.Visibility.MSAA.SamplePerPixel:4]]
[2024.01.05-21.04.20:969][  0]LogInit: Selected Device Profile: [Windows]
[2024.01.05-21.04.20:969][  0]LogInit: Applying CVar settings loaded from the selected device profile: [Windows]
[2024.01.05-21.04.20:969][  0]LogHAL: Display: Platform has ~ 32 GB [34245427200 / 34359738368 / 32], which maps to Largest [LargestMinGB=32, LargerMinGB=12, DefaultMinGB=8, SmallerMinGB=6, SmallestMinGB=0)
[2024.01.05-21.04.20:969][  0]LogInit: Going up to parent DeviceProfile []
[2024.01.05-21.04.20:969][  0]LogConfig: Applying CVar settings from Section [ViewDistanceQuality@3] File [C:/Users/Matth/Documents/UNI WORK/Actual Year 2/TechDemo4/MyProject2/Saved/Config/Windows/Scalability.ini]
[2024.01.05-21.04.20:969][  0]LogConfig: Setting CVar [[r.SkeletalMeshLODBias:0]]
[2024.01.05-21.04.20:969][  0]LogConfig: Setting CVar [[r.ViewDistanceScale:1.0]]
[2024.01.05-21.04.20:969][  0]LogConfig: Applying CVar settings from Section [AntiAliasingQuality@3] File [C:/Users/Matth/Documents/UNI WORK/Actual Year 2/TechDemo4/MyProject2/Saved/Config/Windows/Scalability.ini]
[2024.01.05-21.04.20:969][  0]LogConfig: Setting CVar [[r.PostProcessAAQuality:4]]
[2024.01.05-21.04.20:969][  0]LogConfig: Applying CVar settings from Section [ShadowQuality@3] File [C:/Users/Matth/Documents/UNI WORK/Actual Year 2/TechDemo4/MyProject2/Saved/Config/Windows/Scalability.ini]
[2024.01.05-21.04.20:969][  0]LogConfig: Setting CVar [[r.LightFunctionQuality:1]]
[2024.01.05-21.04.20:969][  0]LogConfig: Setting CVar [[r.ShadowQuality:5]]
[2024.01.05-21.04.20:969][  0]LogConfig: Setting CVar [[r.Shadow.CSM.MaxCascades:10]]
[2024.01.05-21.04.20:969][  0]LogConfig: Setting CVar [[r.Shadow.MaxResolution:2048]]
[2024.01.05-21.04.20:969][  0]LogConfig: Setting CVar [[r.Shadow.MaxCSMResolution:2048]]
[2024.01.05-21.04.20:969][  0]LogConfig: Setting CVar [[r.Shadow.RadiusThreshold:0.01]]
[2024.01.05-21.04.20:970][  0]LogConfig: Setting CVar [[r.Shadow.DistanceScale:1.0]]
[2024.01.05-21.04.20:970][  0]LogConfig: Setting CVar [[r.Shadow.CSM.TransitionScale:1.0]]
[2024.01.05-21.04.20:970][  0]LogConfig: Setting CVar [[r.Shadow.PreShadowResolutionFactor:1.0]]
[2024.01.05-21.04.20:970][  0]LogConfig: Setting CVar [[r.DistanceFieldShadowing:1]]
[2024.01.05-21.04.20:970][  0]LogConfig: Setting CVar [[r.DistanceFieldAO:1]]
[2024.01.05-21.04.20:970][  0]LogConfig: Setting CVar [[r.AOQuality:2]]
[2024.01.05-21.04.20:970][  0]LogConfig: Setting CVar [[r.VolumetricFog:1]]
[2024.01.05-21.04.20:970][  0]LogConfig: Setting CVar [[r.VolumetricFog.GridPixelSize:8]]
[2024.01.05-21.04.20:970][  0]LogConfig: Setting CVar [[r.VolumetricFog.GridSizeZ:128]]
[2024.01.05-21.04.20:970][  0]LogConfig: Setting CVar [[r.VolumetricFog.HistoryMissSupersampleCount:4]]
[2024.01.05-21.04.20:970][  0]LogConfig: Setting CVar [[r.LightMaxDrawDistanceScale:1]]
[2024.01.05-21.04.20:970][  0]LogConfig: Setting CVar [[r.CapsuleShadows:1]]
[2024.01.05-21.04.20:970][  0]LogConfig: Applying CVar settings from Section [PostProcessQuality@3] File [C:/Users/Matth/Documents/UNI WORK/Actual Year 2/TechDemo4/MyProject2/Saved/Config/Windows/Scalability.ini]
[2024.01.05-21.04.20:970][  0]LogConfig: Setting CVar [[r.MotionBlurQuality:4]]
[2024.01.05-21.04.20:970][  0]LogConfig: Setting CVar [[r.AmbientOcclusionMipLevelFactor:0.4]]
[2024.01.05-21.04.20:970][  0]LogConfig: Setting CVar [[r.AmbientOcclusionMaxQuality:100]]
[2024.01.05-21.04.20:970][  0]LogConfig: Setting CVar [[r.AmbientOcclusionLevels:-1]]
[2024.01.05-21.04.20:970][  0]LogConfig: Setting CVar [[r.AmbientOcclusionRadiusScale:1.0]]
[2024.01.05-21.04.20:970][  0]LogConfig: Setting CVar [[r.DepthOfFieldQuality:2]]
[2024.01.05-21.04.20:970][  0]LogConfig: Setting CVar [[r.RenderTargetPoolMin:400]]
[2024.01.05-21.04.20:970][  0]LogConfig: Setting CVar [[r.LensFlareQuality:2]]
[2024.01.05-21.04.20:970][  0]LogConfig: Setting CVar [[r.SceneColorFringeQuality:1]]
[2024.01.05-21.04.20:970][  0]LogConfig: Setting CVar [[r.EyeAdaptationQuality:2]]
[2024.01.05-21.04.20:971][  0]LogConfig: Setting CVar [[r.BloomQuality:5]]
[2024.01.05-21.04.20:971][  0]LogConfig: Setting CVar [[r.FastBlurThreshold:100]]
[2024.01.05-21.04.20:971][  0]LogConfig: Setting CVar [[r.Upscale.Quality:3]]
[2024.01.05-21.04.20:971][  0]LogConfig: Setting CVar [[r.Tonemapper.GrainQuantization:1]]
[2024.01.05-21.04.20:971][  0]LogConfig: Setting CVar [[r.LightShaftQuality:1]]
[2024.01.05-21.04.20:971][  0]LogConfig: Setting CVar [[r.Filter.SizeScale:1]]
[2024.01.05-21.04.20:971][  0]LogConfig: Setting CVar [[r.Tonemapper.Quality:5]]
[2024.01.05-21.04.20:971][  0]LogConfig: Setting CVar [[r.DOF.Gather.AccumulatorQuality:1        ; higher gathering accumulator quality]]
[2024.01.05-21.04.20:971][  0]LogConfig: Setting CVar [[r.DOF.Gather.PostfilterMethod:1          ; Median3x3 postfilering method]]
[2024.01.05-21.04.20:971][  0]LogConfig: Setting CVar [[r.DOF.Gather.EnableBokehSettings:0       ; no bokeh simulation when gathering]]
[2024.01.05-21.04.20:971][  0]LogConfig: Setting CVar [[r.DOF.Gather.RingCount:4                 ; medium number of samples when gathering]]
[2024.01.05-21.04.20:971][  0]LogConfig: Setting CVar [[r.DOF.Scatter.ForegroundCompositing:1    ; additive foreground scattering]]
[2024.01.05-21.04.20:971][  0]LogConfig: Setting CVar [[r.DOF.Scatter.BackgroundCompositing:2    ; additive background scattering]]
[2024.01.05-21.04.20:971][  0]LogConfig: Setting CVar [[r.DOF.Scatter.EnableBokehSettings:1      ; bokeh simulation when scattering]]
[2024.01.05-21.04.20:971][  0]LogConfig: Setting CVar [[r.DOF.Scatter.MaxSpriteRatio:0.1         ; only a maximum of 10% of scattered bokeh]]
[2024.01.05-21.04.20:971][  0]LogConfig: Setting CVar [[r.DOF.Recombine.Quality:1                ; cheap slight out of focus]]
[2024.01.05-21.04.20:971][  0]LogConfig: Setting CVar [[r.DOF.Recombine.EnableBokehSettings:0    ; no bokeh simulation on slight out of focus]]
[2024.01.05-21.04.20:971][  0]LogConfig: Setting CVar [[r.DOF.TemporalAAQuality:1                ; more stable temporal accumulation]]
[2024.01.05-21.04.20:971][  0]LogConfig: Setting CVar [[r.DOF.Kernel.MaxForegroundRadius:0.025]]
[2024.01.05-21.04.20:971][  0]LogConfig: Setting CVar [[r.DOF.Kernel.MaxBackgroundRadius:0.025]]
[2024.01.05-21.04.20:972][  0]LogConfig: Applying CVar settings from Section [TextureQuality@3] File [C:/Users/Matth/Documents/UNI WORK/Actual Year 2/TechDemo4/MyProject2/Saved/Config/Windows/Scalability.ini]
[2024.01.05-21.04.20:972][  0]LogConfig: Setting CVar [[r.Streaming.MipBias:0]]
[2024.01.05-21.04.20:972][  0]LogConfig: Setting CVar [[r.Streaming.AmortizeCPUToGPUCopy:0]]
[2024.01.05-21.04.20:972][  0]LogConfig: Setting CVar [[r.Streaming.MaxNumTexturesToStreamPerFrame:0]]
[2024.01.05-21.04.20:972][  0]LogConfig: Setting CVar [[r.Streaming.Boost:1]]
[2024.01.05-21.04.20:972][  0]LogConfig: Setting CVar [[r.MaxAnisotropy:8]]
[2024.01.05-21.04.20:972][  0]LogConfig: Setting CVar [[r.VT.MaxAnisotropy:8]]
[2024.01.05-21.04.20:972][  0]LogConfig: Setting CVar [[r.Streaming.LimitPoolSizeToVRAM:0]]
[2024.01.05-21.04.20:972][  0]LogConfig: Setting CVar [[r.Streaming.PoolSize:1000]]
[2024.01.05-21.04.20:972][  0]LogConfig: Setting CVar [[r.Streaming.MaxEffectiveScreenSize:0]]
[2024.01.05-21.04.20:972][  0]LogConfig: Applying CVar settings from Section [EffectsQuality@3] File [C:/Users/Matth/Documents/UNI WORK/Actual Year 2/TechDemo4/MyProject2/Saved/Config/Windows/Scalability.ini]
[2024.01.05-21.04.20:972][  0]LogConfig: Setting CVar [[r.TranslucencyLightingVolumeDim:64]]
[2024.01.05-21.04.20:972][  0]LogConfig: Setting CVar [[r.RefractionQuality:2]]
[2024.01.05-21.04.20:972][  0]LogConfig: Setting CVar [[r.SSR.Quality:3]]
[2024.01.05-21.04.20:972][  0]LogConfig: Setting CVar [[r.SSR.HalfResSceneColor:0]]
[2024.01.05-21.04.20:972][  0]LogConfig: Setting CVar [[r.SceneColorFormat:4]]
[2024.01.05-21.04.20:972][  0]LogConfig: Setting CVar [[r.DetailMode:2]]
[2024.01.05-21.04.20:972][  0]LogConfig: Setting CVar [[r.TranslucencyVolumeBlur:1]]
[2024.01.05-21.04.20:972][  0]LogConfig: Setting CVar [[r.MaterialQualityLevel:1 ; High quality]]
[2024.01.05-21.04.20:972][  0]LogConfig: Setting CVar [[r.AnisotropicMaterials:1]]
[2024.01.05-21.04.20:972][  0]LogConfig: Setting CVar [[r.SSS.Scale:1]]
[2024.01.05-21.04.20:972][  0]LogConfig: Setting CVar [[r.SSS.SampleSet:2]]
[2024.01.05-21.04.20:972][  0]LogConfig: Setting CVar [[r.SSS.Quality:1]]
[2024.01.05-21.04.20:972][  0]LogConfig: Setting CVar [[r.SSS.HalfRes:0]]
[2024.01.05-21.04.20:973][  0]LogConfig: Setting CVar [[r.SSGI.Quality:3]]
[2024.01.05-21.04.20:973][  0]LogConfig: Setting CVar [[r.EmitterSpawnRateScale:1.0]]
[2024.01.05-21.04.20:973][  0]LogConfig: Setting CVar [[r.ParticleLightQuality:2]]
[2024.01.05-21.04.20:973][  0]LogConfig: Setting CVar [[r.SkyAtmosphere.AerialPerspectiveLUT.FastApplyOnOpaque:1 ; Always have FastSkyLUT 1 in this case to avoid wrong sky]]
[2024.01.05-21.04.20:973][  0]LogConfig: Setting CVar [[r.SkyAtmosphere.AerialPerspectiveLUT.SampleCountMaxPerSlice:4]]
[2024.01.05-21.04.20:973][  0]LogConfig: Setting CVar [[r.SkyAtmosphere.AerialPerspectiveLUT.DepthResolution:16.0]]
[2024.01.05-21.04.20:973][  0]LogConfig: Setting CVar [[r.SkyAtmosphere.FastSkyLUT:1]]
[2024.01.05-21.04.20:973][  0]LogConfig: Setting CVar [[r.SkyAtmosphere.FastSkyLUT.SampleCountMin:4.0]]
[2024.01.05-21.04.20:973][  0]LogConfig: Setting CVar [[r.SkyAtmosphere.FastSkyLUT.SampleCountMax:128.0]]
[2024.01.05-21.04.20:973][  0]LogConfig: Setting CVar [[r.SkyAtmosphere.SampleCountMin:4.0]]
[2024.01.05-21.04.20:973][  0]LogConfig: Setting CVar [[r.SkyAtmosphere.SampleCountMax:128.0]]
[2024.01.05-21.04.20:973][  0]LogConfig: Setting CVar [[r.SkyAtmosphere.TransmittanceLUT.UseSmallFormat:0]]
[2024.01.05-21.04.20:973][  0]LogConfig: Setting CVar [[r.SkyAtmosphere.TransmittanceLUT.SampleCount:10.0]]
[2024.01.05-21.04.20:973][  0]LogConfig: Setting CVar [[r.SkyAtmosphere.MultiScatteringLUT.SampleCount:15.0]]
[2024.01.05-21.04.20:973][  0]LogConfig: Setting CVar [[r.SkyLight.RealTimeReflectionCapture:1]]
[2024.01.05-21.04.20:973][  0]LogConfig: Applying CVar settings from Section [FoliageQuality@3] File [C:/Users/Matth/Documents/UNI WORK/Actual Year 2/TechDemo4/MyProject2/Saved/Config/Windows/Scalability.ini]
[2024.01.05-21.04.20:973][  0]LogConfig: Setting CVar [[foliage.DensityScale:1.0]]
[2024.01.05-21.04.20:973][  0]LogConfig: Setting CVar [[grass.DensityScale:1.0]]
[2024.01.05-21.04.20:973][  0]LogConfig: Applying CVar settings from Section [ShadingQuality@3] File [C:/Users/Matth/Documents/UNI WORK/Actual Year 2/TechDemo4/MyProject2/Saved/Config/Windows/Scalability.ini]
[2024.01.05-21.04.20:973][  0]LogConfig: Setting CVar [[r.HairStrands.SkyLighting.IntegrationType:2]]
[2024.01.05-21.04.20:973][  0]LogConfig: Setting CVar [[r.HairStrands.SkyAO.SampleCount:4]]
[2024.01.05-21.04.20:973][  0]LogConfig: Setting CVar [[r.HairStrands.Visibility.MSAA.SamplePerPixel:4]]
[2024.01.05-21.04.20:974][  0]LogConfig: Applying CVar settings from Section [Startup] File [../../../Engine/Config/ConsoleVariables.ini]
[2024.01.05-21.04.20:974][  0]LogConfig: Setting CVar [[net.UseAdaptiveNetUpdateFrequency:0]]
[2024.01.05-21.04.20:974][  0]LogConfig: Setting CVar [[p.chaos.AllowCreatePhysxBodies:1]]
[2024.01.05-21.04.20:974][  0]LogConfig: Setting CVar [[fx.SkipVectorVMBackendOptimizations:1]]
[2024.01.05-21.04.20:974][  0]LogConfig: Applying CVar settings from Section [ConsoleVariables] File [C:/Users/Matth/Documents/UNI WORK/Actual Year 2/TechDemo4/MyProject2/Saved/Config/Windows/Engine.ini]
[2024.01.05-21.04.20:974][  0]LogConfig: Applying CVar settings from Section [ConsoleVariables] File [C:/Users/Matth/Documents/UNI WORK/Actual Year 2/TechDemo4/MyProject2/Saved/Config/Windows/Editor.ini]
[2024.01.05-21.04.20:974][  0]LogInit: Computer: DESKTOP-RSHUQME
[2024.01.05-21.04.20:974][  0]LogInit: User: Matth
[2024.01.05-21.04.20:974][  0]LogInit: CPU Page size=4096, Cores=6
[2024.01.05-21.04.20:974][  0]LogInit: High frequency timer resolution =10.000000 MHz
[2024.01.05-21.04.20:974][  0]LogMemory: Memory total: Physical=31.9GB (32GB approx)
[2024.01.05-21.04.20:974][  0]LogMemory: Platform Memory Stats for Windows
[2024.01.05-21.04.20:974][  0]LogMemory: Process Physical Memory: 149.21 MB used, 149.22 MB peak
[2024.01.05-21.04.20:974][  0]LogMemory: Process Virtual Memory: 127.93 MB used, 127.93 MB peak
[2024.01.05-21.04.20:975][  0]LogMemory: Physical Memory: 15677.46 MB used,  16981.52 MB free, 32658.98 MB total
[2024.01.05-21.04.20:975][  0]LogMemory: Virtual Memory: 134203344.00 MB used,  14385.34 MB free, 134217728.00 MB total
[2024.01.05-21.04.20:985][  0]LogWindows: WindowsPlatformFeatures enabled
[2024.01.05-21.04.21:132][  0]LogInit: Physics initialised using underlying interface: PhysX
[2024.01.05-21.04.21:133][  0]LogInit: Using OS detected language (en-GB).
[2024.01.05-21.04.21:133][  0]LogInit: Using OS detected locale (en-GB).
[2024.01.05-21.04.21:140][  0]LogTextLocalizationManager: No specific localization for 'en-GB' exists, so the 'en' localization will be used.
[2024.01.05-21.04.21:280][  0]LogInit: Setting process to per monitor DPI aware
[2024.01.05-21.04.21:317][  0]LogWindowsTextInputMethodSystem: Display: IME system deactivated.
[2024.01.05-21.04.21:336][  0]LogSlate: New Slate User Created.  User Index 0, Is Virtual User: 0
[2024.01.05-21.04.21:336][  0]LogSlate: Slate User Registered.  User Index 0, Is Virtual User: 0
[2024.01.05-21.04.21:462][  0]LogD3D11RHI: Loaded GFSDK_Aftermath_Lib.x64.dll
[2024.01.05-21.04.21:467][  0]LogHMD: Failed to initialize OpenVR with code 110
[2024.01.05-21.04.21:467][  0]LogD3D11RHI: D3D11 min allowed feature level: 11_0
[2024.01.05-21.04.21:467][  0]LogD3D11RHI: D3D11 max allowed feature level: 11_0
[2024.01.05-21.04.21:467][  0]LogD3D11RHI: D3D11 adapters:
[2024.01.05-21.04.21:625][  0]LogD3D11RHI:    0. 'NVIDIA GeForce RTX 2060' (Feature Level 11_0)
[2024.01.05-21.04.21:625][  0]LogD3D11RHI:       5968/0/16329 MB DedicatedVideo/DedicatedSystem/SharedSystem, Outputs:2, VendorId:0x10de
[2024.01.05-21.04.21:630][  0]LogD3D11RHI:    1. 'Microsoft Basic Render Driver' (Feature Level 11_0)
[2024.01.05-21.04.21:630][  0]LogD3D11RHI:       0/0/16329 MB DedicatedVideo/DedicatedSystem/SharedSystem, Outputs:0, VendorId:0x1414
[2024.01.05-21.04.21:631][  0]LogD3D11RHI: Chosen D3D11 Adapter:
[2024.01.05-21.04.21:631][  0]LogD3D11RHI:     Description : NVIDIA GeForce RTX 2060
[2024.01.05-21.04.21:631][  0]LogD3D11RHI:     VendorId    : 10de
[2024.01.05-21.04.21:631][  0]LogD3D11RHI:     DeviceId    : 1f08
[2024.01.05-21.04.21:631][  0]LogD3D11RHI:     SubSysId    : 452019da
[2024.01.05-21.04.21:631][  0]LogD3D11RHI:     Revision    : 00a1
[2024.01.05-21.04.21:631][  0]LogD3D11RHI:     DedicatedVideoMemory : 6257901568 bytes
[2024.01.05-21.04.21:631][  0]LogD3D11RHI:     DedicatedSystemMemory : 0 bytes
[2024.01.05-21.04.21:631][  0]LogD3D11RHI:     SharedSystemMemory : 17122713600 bytes
[2024.01.05-21.04.21:631][  0]LogD3D11RHI:     AdapterLuid : 0 54841
[2024.01.05-21.04.21:636][  0]LogD3D11RHI: Creating new Direct3DDevice
[2024.01.05-21.04.21:636][  0]LogD3D11RHI:     GPU DeviceId: 0x1f08 (for the marketing name, search the web for "GPU Device Id")
[2024.01.05-21.04.21:636][  0]LogWindows: EnumDisplayDevices:
[2024.01.05-21.04.21:636][  0]LogWindows:    0. 'NVIDIA GeForce RTX 2060' (P:1 D:1)
[2024.01.05-21.04.21:636][  0]LogWindows:    1. 'NVIDIA GeForce RTX 2060' (P:0 D:1)
[2024.01.05-21.04.21:636][  0]LogWindows:    2. 'NVIDIA GeForce RTX 2060' (P:0 D:0)
[2024.01.05-21.04.21:636][  0]LogWindows:    3. 'NVIDIA GeForce RTX 2060' (P:0 D:0)
[2024.01.05-21.04.21:637][  0]LogWindows: DebugString: FoundDriverCount:4 
[2024.01.05-21.04.21:637][  0]LogD3D11RHI:     Adapter Name: NVIDIA GeForce RTX 2060
[2024.01.05-21.04.21:637][  0]LogD3D11RHI:   Driver Version: 536.23 (internal:31.0.15.3623, unified:536.23)
[2024.01.05-21.04.21:637][  0]LogD3D11RHI:      Driver Date: 6-8-2023
[2024.01.05-21.04.21:637][  0]LogRHI: Texture pool is 4177 MB (70% of 5968 MB)
[2024.01.05-21.04.21:637][  0]LogD3D11RHI: Creating D3DDevice using adapter:
[2024.01.05-21.04.21:637][  0]LogD3D11RHI:     Description : NVIDIA GeForce RTX 2060
[2024.01.05-21.04.21:637][  0]LogD3D11RHI:     VendorId    : 10de
[2024.01.05-21.04.21:637][  0]LogD3D11RHI:     DeviceId    : 1f08
[2024.01.05-21.04.21:637][  0]LogD3D11RHI:     SubSysId    : 452019da
[2024.01.05-21.04.21:637][  0]LogD3D11RHI:     Revision    : 00a1
[2024.01.05-21.04.21:637][  0]LogD3D11RHI:     DedicatedVideoMemory : 6257901568 bytes
[2024.01.05-21.04.21:637][  0]LogD3D11RHI:     DedicatedSystemMemory : 0 bytes
[2024.01.05-21.04.21:637][  0]LogD3D11RHI:     SharedSystemMemory : 17122713600 bytes
[2024.01.05-21.04.21:637][  0]LogD3D11RHI:     AdapterLuid : 0 54841
[2024.01.05-21.04.21:729][  0]LogD3D11RHI: RHI has support for 64 bit atomics
[2024.01.05-21.04.21:729][  0]LogD3D11RHI: Async texture creation enabled
[2024.01.05-21.04.21:729][  0]LogD3D11RHI: Array index from any shader is supported
[2024.01.05-21.04.21:730][  0]LogD3D11RHI: HDR output is supported on display 0 (NvId: 0x80061082).
[2024.01.05-21.04.21:745][  0]LogD3D11RHI: GPU Timing Frequency: 1000.000000 (Debug: 2 1)
[2024.01.05-21.04.21:797][  0]LogRHI: GeForceNow SDK initialized: 1
[2024.01.05-21.04.22:046][  0]LogTargetPlatformManager: Display: Loaded TargetPlatform 'AllDesktop'
[2024.01.05-21.04.22:069][  0]LogTargetPlatformManager: Display: Loaded TargetPlatform 'Android'
[2024.01.05-21.04.22:069][  0]LogTargetPlatformManager: Display: Loaded TargetPlatform 'Android_ASTC'
[2024.01.05-21.04.22:069][  0]LogTargetPlatformManager: Display: Loaded TargetPlatform 'Android_DXT'
[2024.01.05-21.04.22:069][  0]LogTargetPlatformManager: Display: Loaded TargetPlatform 'Android_ETC2'
[2024.01.05-21.04.22:069][  0]LogTargetPlatformManager: Display: Loaded TargetPlatform 'AndroidClient'
[2024.01.05-21.04.22:069][  0]LogTargetPlatformManager: Display: Loaded TargetPlatform 'Android_ASTCClient'
[2024.01.05-21.04.22:069][  0]LogTargetPlatformManager: Display: Loaded TargetPlatform 'Android_DXTClient'
[2024.01.05-21.04.22:069][  0]LogTargetPlatformManager: Display: Loaded TargetPlatform 'Android_ETC2Client'
[2024.01.05-21.04.22:069][  0]LogTargetPlatformManager: Display: Loaded TargetPlatform 'Android_Multi'
[2024.01.05-21.04.22:070][  0]LogTargetPlatformManager: Display: Loaded TargetPlatform 'Android_MultiClient'
[2024.01.05-21.04.22:099][  0]LogTargetPlatformManager: Display: Loaded TargetPlatform 'IOSClient'
[2024.01.05-21.04.22:099][  0]LogTargetPlatformManager: Display: Loaded TargetPlatform 'IOS'
[2024.01.05-21.04.22:113][  0]LogTargetPlatformManager: Display: Loaded TargetPlatform 'Linux'
[2024.01.05-21.04.22:122][  0]LogTargetPlatformManager: Display: Loaded TargetPlatform 'LinuxNoEditor'
[2024.01.05-21.04.22:130][  0]LogTargetPlatformManager: Display: Loaded TargetPlatform 'LinuxClient'
[2024.01.05-21.04.22:139][  0]LogTargetPlatformManager: Display: Loaded TargetPlatform 'LinuxServer'
[2024.01.05-21.04.22:153][  0]LogTargetPlatformManager: Display: Loaded TargetPlatform 'LinuxAArch64NoEditor'
[2024.01.05-21.04.22:162][  0]LogTargetPlatformManager: Display: Loaded TargetPlatform 'LinuxAArch64Client'
[2024.01.05-21.04.22:170][  0]LogTargetPlatformManager: Display: Loaded TargetPlatform 'LinuxAArch64Server'
[2024.01.05-21.04.22:196][  0]LogTargetPlatformManager: Display: Loaded TargetPlatform 'Lumin'
[2024.01.05-21.04.22:197][  0]LogTargetPlatformManager: Display: Loaded TargetPlatform 'LuminClient'
[2024.01.05-21.04.22:209][  0]LogTargetPlatformManager: Display: Loaded TargetPlatform 'MacNoEditor'
[2024.01.05-21.04.22:217][  0]LogTargetPlatformManager: Display: Loaded TargetPlatform 'Mac'
[2024.01.05-21.04.22:226][  0]LogTargetPlatformManager: Display: Loaded TargetPlatform 'MacClient'
[2024.01.05-21.04.22:234][  0]LogTargetPlatformManager: Display: Loaded TargetPlatform 'MacServer'
[2024.01.05-21.04.22:247][  0]LogTargetPlatformManager: Display: Loaded TargetPlatform 'TVOSClient'
[2024.01.05-21.04.22:247][  0]LogTargetPlatformManager: Display: Loaded TargetPlatform 'TVOS'
[2024.01.05-21.04.22:260][  0]LogTargetPlatformManager: Display: Loaded TargetPlatform 'WindowsNoEditor'
[2024.01.05-21.04.22:268][  0]LogTargetPlatformManager: Display: Loaded TargetPlatform 'Windows'
[2024.01.05-21.04.22:277][  0]LogTargetPlatformManager: Display: Loaded TargetPlatform 'WindowsClient'
[2024.01.05-21.04.22:286][  0]LogTargetPlatformManager: Display: Loaded TargetPlatform 'WindowsServer'
[2024.01.05-21.04.22:286][  0]LogTargetPlatformManager: Display: Building Assets For Windows
[2024.01.05-21.04.22:319][  0]LogAudioDebug: Display: Lib vorbis DLL was dynamically loaded.
[2024.01.05-21.04.22:415][  0]LogTextureFormatOodle: Display: Oodle Texture 2.9.0 init RDO Off
[2024.01.05-21.04.22:501][  0]LogRendererCore: Ray tracing is disabled. Reason: r.RayTracing=0.
[2024.01.05-21.04.22:501][  0]LogShaderCompilers: Guid format shader working directory is -38 characters bigger than the processId version (../../../../../../Users/Matth/Documents/UNI WORK/Actual Year 2/TechDemo4/MyProject2/Intermediate/Shaders/WorkingDirectory/22376/).
[2024.01.05-21.04.22:501][  0]LogShaderCompilers: Cleaned the shader compiler working directory 'C:/Users/Matth/AppData/Local/Temp/UnrealShaderWorkingDir/BFA782794DF127408F1ADBA80E127B99/'.
[2024.01.05-21.04.22:501][  0]LogXGEController: Cannot use XGE Controller as Incredibuild is not installed on this machine.
[2024.01.05-21.04.22:501][  0]LogShaderCompilers: Cannot use XGE Shader Compiler as Incredibuild is not installed on this machine.
[2024.01.05-21.04.22:501][  0]LogShaderCompilers: Display: Using Local Shader Compiler.
[2024.01.05-21.04.23:129][  0]LogDerivedDataCache: Display: Max Cache Size: 512 MB
[2024.01.05-21.04.23:171][  0]LogDerivedDataCache: Loaded boot cache 0.04s 94MB C:/Users/Matth/AppData/Local/UnrealEngine/4.27/DerivedDataCache/Boot.ddc.
[2024.01.05-21.04.23:171][  0]LogDerivedDataCache: Display: Loaded Boot cache: C:/Users/Matth/AppData/Local/UnrealEngine/4.27/DerivedDataCache/Boot.ddc
[2024.01.05-21.04.23:171][  0]LogDerivedDataCache: FDerivedDataBackendGraph:  Pak pak cache file ../../../../../../Users/Matth/Documents/UNI WORK/Actual Year 2/TechDemo4/MyProject2/DerivedDataCache/DDC.ddp not found, will not use a pak cache.
[2024.01.05-21.04.23:172][  0]LogDerivedDataCache: Unable to find inner node Pak for hierarchical cache Hierarchy.
[2024.01.05-21.04.23:172][  0]LogDerivedDataCache: FDerivedDataBackendGraph:  CompressedPak pak cache file ../../../../../../Users/Matth/Documents/UNI WORK/Actual Year 2/TechDemo4/MyProject2/DerivedDataCache/Compressed.ddp not found, will not use a pak cache.
[2024.01.05-21.04.23:172][  0]LogDerivedDataCache: Unable to find inner node CompressedPak for hierarchical cache Hierarchy.
[2024.01.05-21.04.23:185][  0]LogDerivedDataCache: Display: Pak cache opened for reading ../../../Engine/DerivedDataCache/Compressed.ddp.
[2024.01.05-21.04.23:185][  0]LogDerivedDataCache: FDerivedDataBackendGraph:  EnterprisePak pak cache file ../../../Enterprise/DerivedDataCache/Compressed.ddp not found, will not use a pak cache.
[2024.01.05-21.04.23:185][  0]LogDerivedDataCache: Unable to find inner node EnterprisePak for hierarchical cache Hierarchy.
[2024.01.05-21.04.23:195][  0]LogDerivedDataCache: Speed tests for C:/Users/Matth/AppData/Local/UnrealEngine/Common/DerivedDataCache took 0.01 seconds
[2024.01.05-21.04.23:196][  0]LogDerivedDataCache: Display: Performance to C:/Users/Matth/AppData/Local/UnrealEngine/Common/DerivedDataCache: Latency=0.04ms. RandomReadSpeed=1135.70MBs, RandomWriteSpeed=105.39MBs. Assigned SpeedClass 'Local'
[2024.01.05-21.04.23:196][  0]LogDerivedDataCache: Using Local data cache path C:/Users/Matth/AppData/Local/UnrealEngine/Common/DerivedDataCache: Writable
[2024.01.05-21.04.23:196][  0]LogDerivedDataCache: Shared data cache path not found in *engine.ini, will not use an Shared cache.
[2024.01.05-21.04.23:196][  0]LogDerivedDataCache: Unable to find inner node Shared for hierarchical cache Hierarchy.
[2024.01.05-21.04.23:234][  0]LogSlate: Using FreeType 2.10.0
[2024.01.05-21.04.23:234][  0]LogSlate: SlateFontServices - WITH_FREETYPE: 1, WITH_HARFBUZZ: 1
[2024.01.05-21.04.23:259][  0]LogAssetRegistry: FAssetRegistry took 0.0023 seconds to start up
[2024.01.05-21.04.23:446][  0]LogInit: Selected Device Profile: [Windows]
[2024.01.05-21.04.23:446][  0]LogInit: Active device profile: [000002E8B1857400][000002E8A3C88E80 49] Windows
[2024.01.05-21.04.23:446][  0]LogInit: Profiles: [000002E8B1857400][000002E8A3C88E80 49] Windows, [000002E8B1810E00][000002E8A3C8D000 49] WindowsNoEditor, [000002E8B1854E00][000002E8B0387180 49] WindowsServer, [000002E8B1812C00][000002E8B0393300 49] WindowsClient, [000002E8B1856B00][000002E8B0397480 49] IOS, [000002E8B1811700][000002E8A87B5600 49] iPadAir, [000002E8B1855600][000002E8AEE6B780 49] iPadAir2, [000002E8B29EBB00][000002E8AEEABA40 49] IPadPro, [000002E8B29EBC00][000002E8AEE73A80 49] iPadAir3, [000002E8B1856500][000002E8AEEAFC00 49] iPadAir4, [000002E8B29E9300][000002E8AEEB2200 49] iPadMini2, [000002E8B1855B00][000002E8AEEBA380 49] iPadMini3, [000002E8B29EA600][000002E8AEECA500 49] iPadMini4, [000002E8B1854800][000002E8AEEDA680 49] iPadMini5, [000002E8B2A6F400][000002E8AEEE2940 49] iPhone6, [000002E8B2A6F500][000002E8AEEDE980 49] iPodTouch6, [000002E8B29E8300][000002E8A399CC00 49] iPhone7, [000002E8B29E8200][000002E8AEEE6C40 49] iPodTouch7, [000002E8B2A6D200][000002E8AEEF2D80 49] iPhone5S, [000002E8B29E8E00][000002E8B266AEC0 49] iPhone6Plus, [000002E8B2A6E700][000002E8A87FF040 49] iPhone6S, [000002E8B29E9000][000002E8A88031C0 49] iPhone6SPlus, [000002E8B2A6DA00][000002E8A8827340 49] iPhone7Plus, [000002E8B29EA000][000002E8A882B4C0 49] iPhoneSE, [000002E8B2A6F700][000002E8A882F640 49] iPhone8, [000002E8B29EAB00][000002E8AB47B7C0 49] iPhone8Plus, [000002E8B2A6ED00][000002E8AB47F940 49] iPhoneX, [000002E8B29EBF00][000002E8A8CEFAC0 49] iPhoneXS, [000002E8B2A6C100][000002E8A8CF20C0 49] iPhoneXSMax, [000002E8B29EBE00][000002E8A8CF6240 49] iPhoneXR, [000002E8B2A6CC00][000002E8A8CFE3C0 49] iPhone11, [000002E8B29EA800][000002E8B3FC6540 49] iPhone11Pro, [000002E8B2A6EE00][000002E8A883E6C0 49] iPhone11ProMax, [000002E8B29E8B00][000002E8A8846840 49] iPhoneSE2, [000002E8B2A6DB00][000002E8A884A9C0 49] iPhone12Mini, [000002E8B29E8800][000002E8B277AB40 49] iPhone12, [000002E8B2A6D700][000002E8B277ECC0 49] iPhone12Pro, [000002E8B29E8100][000002E8A87FAE00 49] iPhone12ProMax, [000002E8B2A6EF00][000002E8B2782F40 49] iPadPro105, [000002E8B29EBD00][000002E8B2787080 49] iPadPro129, [000002E8B2A6D300][000002E8B278B1C0 49] iPadPro97, [000002E8B29EA500][000002E8B2793340 49] iPadPro2_129, [000002E8B2A6D100][000002E8B3B594C0 49] iPad5, [000002E8B29E8900][000002E8B3ACF640 49] iPad6, [000002E8B2A6D800][000002E8B3AD37C0 49] iPad7, [000002E8B29E8700][000002E8B3AD7940 49] iPad8, [000002E8B2A6DD00][000002E8B3ADBAC0 49] iPadPro11, [000002E8B29E9400][000002E8B3B700C0 49] iPadPro2_11, [000002E8B2A6C400][000002E8B3BB0240 49] iPadPro3_129, [000002E8B29EB000][000002E8B3BB43C0 49] iPadPro4_129, [000002E8B2A6E200][000002E8B3BB8540 49] AppleTV, [000002E8B29EA300][000002E8B3BBC6C0 49] AppleTV4K, [000002E8B2A6E000][000002E8AB428840 49] TVOS, [000002E8B29EAE00][000002E8AB42C9C0 49] Mac, [000002E8B2A6E400][000002E8AB434B40 49] MacClient, [000002E8B29E8D00][000002E8AB438CC0 49] MacNoEditor, [000002E8B2A6EC00][000002E8AB43CE40 49] MacServer, [000002E8B29E8C00][000002E8B278EF80 49] Linux, [000002E8B2A6F900][000002E8AB4310C0 49] LinuxAArch64, [000002E8B189C100][000002E8AB3E1200 49] LinuxNoEditor, [000002E8B1813700][000002E8A8CCF340 49] LinuxAArch64NoEditor, [000002E8B189D800][000002E8A8CD74C0 49] LinuxClient, [000002E8B1813E00][000002E8A8CDB640 49] LinuxAArch64Client, [000002E8B189CC00][000002E8A8CDF7C0 49] LinuxServer, [000002E8B1813000][000002E8A8CE3940 49] LinuxAArch64Server, [000002E8B189DC00][000002E8A8843AC0 49] Android, [000002E8B1813300][000002E8B3FC20C0 49] Android_Low, [000002E8B189C600][000002E8B3FBE240 49] Android_Mid, [000002E8B1810F00][000002E8B3FBA3C0 49] Android_High, [000002E8B189D100][000002E8B3FB6540 49] Android_Default, [000002E8B1810600][000002E8B3FB26C0 49] Android_Adreno4xx, [000002E8B189CD00][000002E8A8D02840 49] Android_Adreno5xx_Low, [000002E8B1812B00][000002E8A8CFA9C0 49] Android_Adreno5xx, [000002E8B189E100][000002E8AEEEAB40 49] Android_Adreno6xx, [000002E8B1812F00][000002E8AEEEECC0 49] Android_Adreno6xx_Vulkan, [000002E8B189DA00][000002E8A8CE6E40 49] Android_Mali_T6xx, [000002E8B1812200][000002E8A8CEAFC0 49] Android_Mali_T7xx, [000002E8B189C500][000002E8A8807140 49] Android_Mali_T8xx, [000002E8B1811400][000002E8A8CD3280 49] Android_Mali_G71, [000002E8B2A6FA00][000002E8A880B3C0 49] Android_Mali_G72, [000002E8B29E9C00][000002E8A880F500 49] Android_Mali_G72_Vulkan, [000002E8B2A6F600][000002E8A8817680 49] Android_Mali_G76, [000002E8B29E8500][000002E8A881B800 49] Android_Mali_G76_Vulkan, [000002E8B2A6D900][000002E8A881F980 49] Android_Mali_G77, [000002E8B29EA900][000002E8A8823B00 49] Android_Mali_G77_Vulkan, [000002E8B2A6CA00][000002E8B2628100 49] Android_Mali_G78, [000002E8B29E8A00][000002E8B262C280 49] Android_Mali_G78_Vulkan, [000002E8B2A6DC00][000002E8B2630400 49] Android_Mali_G710, [000002E8B29E9800][000002E8B2634580 49] Android_Mali_G710_Vulkan, [000002E8B189C800][000002E8B2638700 49] Android_Vulkan_SM5, [000002E8B29E9600][000002E8B263C880 49] Android_PowerVR_G6xxx, [000002E8B189D600][000002E8B2640A00 49] Android_PowerVR_GT7xxx, [000002E8B29E8600][000002E8B2644B80 49] Android_PowerVR_GE8xxx, [000002E8B189CF00][000002E8B2648D00 49] Android_PowerVR_GM9xxx, [000002E8B29EB800][000002E8B264CE80 49] Android_PowerVR_GM9xxx_Vulkan, [000002E8B189D400][000002E8A8C59000 49] Android_TegraK1, [000002E8B29EB400][000002E8A8C5D180 49] Android_Unknown_Vulkan, [000002E8B189DD00][000002E8A8C61300 49] Lumin, [000002E8B29E9200][000002E8A8813440 49] Lumin_Desktop, [000002E8B189D700][000002E8A8C65580 49] HoloLens, 
[2024.01.05-21.04.23:606][  0]LogMeshReduction: Using QuadricMeshReduction for automatic static mesh reduction
[2024.01.05-21.04.23:606][  0]LogMeshReduction: Using SimplygonMeshReduction for automatic skeletal mesh reduction
[2024.01.05-21.04.23:606][  0]LogMeshReduction: Using ProxyLODMeshReduction for automatic mesh merging
[2024.01.05-21.04.23:607][  0]LogMeshReduction: No distributed automatic mesh merging module available
[2024.01.05-21.04.23:607][  0]LogMeshMerging: No distributed automatic mesh merging module available
[2024.01.05-21.04.23:625][  0]LogNetVersion: MyProject2 1.0.0, NetCL: 17155196, EngineNetVer: 17, GameNetVer: 0 (Checksum: 1659861177)
[2024.01.05-21.04.23:912][  0]LogTexture: Default maximum texture size for cubemaps generated from long-lat sources has been changed from 512 to unlimited. In order to preserve old behaiour for '/Engine/MapTemplates/Sky/DaylightAmbientCubemap.DaylightAmbientCubemap', its maximum texture size has been explicitly set to 512.
[2024.01.05-21.04.23:954][  0]LogHMD: PokeAHoleMaterial loaded successfully
[2024.01.05-21.04.23:959][  0]LogUObjectArray: 17178 objects as part of root set at end of initial load.
[2024.01.05-21.04.23:959][  0]LogUObjectAllocator: 4302048 out of 0 bytes used by permanent object pool.
[2024.01.05-21.04.23:959][  0]LogUObjectArray: CloseDisregardForGC: 0/0 objects in disregard for GC pool
[2024.01.05-21.04.24:467][  0]LogNiagaraDebuggerClient: Niagara Debugger Client Initialized | Session: 86C4FFB94F6149C306A96FB5F6B2A530 | Instance: 93BB1E644EC3F3B5580132AFD52390EF (DESKTOP-RSHUQME-22376).
[2024.01.05-21.04.24:576][  0]LogPython: Using Python 3.7.7
[2024.01.05-21.04.25:152][  0]LogTcpMessaging: Initializing TcpMessaging bridge
[2024.01.05-21.04.25:162][  0]LogUdpMessaging: Initializing bridge on interface 0.0.0.0:0 to multicast group 230.0.0.1:6666.
[2024.01.05-21.04.26:154][  0]SourceControl: Source control is disabled
[2024.01.05-21.04.26:154][  0]SourceControl: Source control is disabled
[2024.01.05-21.04.26:163][  0]SourceControl: Source control is disabled
[2024.01.05-21.04.26:173][  0]SourceControl: Source control is disabled
[2024.01.05-21.04.26:192][  0]SourceControl: Source control is disabled
[2024.01.05-21.04.26:225][  0]LogUProjectInfo: Found projects:
[2024.01.05-21.04.26:330][  0]LogOpenImageDenoise: OIDN starting up
[2024.01.05-21.04.26:412][  0]LogAndroidPermission: UAndroidPermissionCallbackProxy::GetInstance
[2024.01.05-21.04.26:470][  0]LogAudioCaptureCore: Display: No Audio Capture implementations found. Audio input will be silent.
[2024.01.05-21.04.26:470][  0]LogAudioCaptureCore: Display: No Audio Capture implementations found. Audio input will be silent.
[2024.01.05-21.04.26:662][  0]LogCollectionManager: Loaded 0 collections in 0.001322 seconds
[2024.01.05-21.04.26:704][  0]LogFileCache: Scanning file cache for directory 'C:/Users/Matth/Documents/UNI WORK/Actual Year 2/TechDemo4/MyProject2/Saved/Collections/' took 0.00s
[2024.01.05-21.04.26:705][  0]LogFileCache: Scanning file cache for directory 'C:/Users/Matth/Documents/UNI WORK/Actual Year 2/TechDemo4/MyProject2/Content/Developers/Matth/Collections/' took 0.00s
[2024.01.05-21.04.26:705][  0]LogFileCache: Scanning file cache for directory 'C:/Users/Matth/Documents/UNI WORK/Actual Year 2/TechDemo4/MyProject2/Content/Collections/' took 0.00s
[2024.01.05-21.04.26:705][  0]LogOcInput: OculusInput pre-init called
[2024.01.05-21.04.26:911][  0]LogClass: Display: IntProperty FRegisteredDeviceInfo::Handle is not initialized properly. Module:RawInput File:Public/RawInputFunctionLibrary.h
[2024.01.05-21.04.26:911][  0]LogClass: Display: IntProperty FRegisteredDeviceInfo::VendorID is not initialized properly. Module:RawInput File:Public/RawInputFunctionLibrary.h
[2024.01.05-21.04.26:911][  0]LogClass: Display: IntProperty FRegisteredDeviceInfo::ProductID is not initialized properly. Module:RawInput File:Public/RawInputFunctionLibrary.h
[2024.01.05-21.04.26:912][  0]LogClass: Display: 3 Uninitialized script struct members found including 0 object properties
[2024.01.05-21.04.26:913][  0]LogEngine: Initializing Engine...
[2024.01.05-21.04.26:920][  0]LogHMD: Failed to enumerate extensions. Please check that you have a valid OpenXR runtime installed.
[2024.01.05-21.04.26:921][  0]LogHMD: Failed to initialize OpenVR with code 110
[2024.01.05-21.04.26:921][  0]LogMagicLeap: Warning: VR disabled because ZI is not enabled.  To enable, in the editor, Edit -> Project Settings -> Plugins -> Magic Leap Plugin -> Enable Zero Iteration
[2024.01.05-21.04.26:921][  0]LogStats: UGameplayTagsManager::InitializeManager -  0.000 s
[2024.01.05-21.04.27:012][  0]LogInit: Initializing FReadOnlyCVARCache
[2024.01.05-21.04.27:026][  0]LogAIModule: Creating AISystem for world Untitled
[2024.01.05-21.04.27:028][  0]LogAudio: Display: Initializing Audio Device Manager...
[2024.01.05-21.04.27:036][  0]LogAudio: Display: Loading Default Audio Settings Objects...
[2024.01.05-21.04.27:036][  0]LogAudio: Display: No default SoundConcurrencyObject specified (or failed to load).
[2024.01.05-21.04.27:037][  0]LogAudio: Display: Audio Device Manager Initialized
[2024.01.05-21.04.27:037][  0]LogAudio: Display: Creating Audio Device:                 Id: 1, Scope: Shared, Realtime: True
[2024.01.05-21.04.27:037][  0]LogAudioMixer: Display: Audio Mixer Platform Settings:
[2024.01.05-21.04.27:037][  0]LogAudioMixer: Display: 	Sample Rate:						  48000
[2024.01.05-21.04.27:037][  0]LogAudioMixer: Display: 	Callback Buffer Frame Size Requested: 1024
[2024.01.05-21.04.27:037][  0]LogAudioMixer: Display: 	Callback Buffer Frame Size To Use:	  1024
[2024.01.05-21.04.27:037][  0]LogAudioMixer: Display: 	Number of buffers to queue:			  2
[2024.01.05-21.04.27:037][  0]LogAudioMixer: Display: 	Max Channels (voices):				  32
[2024.01.05-21.04.27:037][  0]LogAudioMixer: Display: 	Number of Async Source Workers:		  0
[2024.01.05-21.04.27:037][  0]LogAudio: Display: AudioDevice MaxSources: 32
[2024.01.05-21.04.27:037][  0]LogAudio: Display: Audio Spatialization Plugin: None (built-in).
[2024.01.05-21.04.27:037][  0]LogAudio: Display: Audio Reverb Plugin: None (built-in).
[2024.01.05-21.04.27:038][  0]LogAudio: Display: Audio Occlusion Plugin: None (built-in).
[2024.01.05-21.04.27:038][  0]LogAudioMixer: Display: Initializing audio mixer.
[2024.01.05-21.04.27:064][  0]LogAudioMixer: Display: 0: FrontLeft
[2024.01.05-21.04.27:064][  0]LogAudioMixer: Display: 1: FrontRight
[2024.01.05-21.04.27:119][  0]LogAudioMixer: Display: Using Audio Device PL2466H (NVIDIA High Definition Audio)
[2024.01.05-21.04.27:121][  0]LogAudioMixer: Display: Initializing Sound Submixes...
[2024.01.05-21.04.27:123][  0]LogAudioMixer: Display: Creating Master Submix 'MasterSubmixDefault'
[2024.01.05-21.04.27:124][  0]LogAudioMixer: Display: Creating Master Submix 'MasterReverbSubmixDefault'
[2024.01.05-21.04.27:124][  0]LogAudioMixer: Display: Creating Master Submix 'MasterEQSubmixDefault'
[2024.01.05-21.04.27:124][  0]LogAudioMixer: FMixerPlatformXAudio2::StartAudioStream() called
[2024.01.05-21.04.27:124][  0]LogAudioMixer: Display: Output buffers initialized: Frames=1024, Channels=2, Samples=2048
[2024.01.05-21.04.27:126][  0]LogAudioMixer: Display: Starting AudioMixerPlatformInterface::RunInternal()
[2024.01.05-21.04.27:126][  0]LogAudioMixer: Display: FMixerPlatformXAudio2::SubmitBuffer() called for the first time
[2024.01.05-21.04.27:126][  0]LogInit: FAudioDevice initialized.
[2024.01.05-21.04.27:126][  0]LogAudio: Display: Audio Device (ID: 1) registered with world 'Untitled'.
[2024.01.05-21.04.27:126][  0]LogNetVersion: Set ProjectVersion to 1.0.0.0. Version Checksum will be recalculated on next use.
[2024.01.05-21.04.27:165][  0]LogDerivedDataCache: Saved boot cache 0.04s 94MB C:/Users/Matth/AppData/Local/UnrealEngine/4.27/DerivedDataCache/Boot.ddc.
[2024.01.05-21.04.27:166][  0]LogInit: Texture streaming: Enabled
[2024.01.05-21.04.27:190][  0]LogAnalytics: Display: [UEEditor.Rocket.Release] APIServer = https://datarouter.ol.epicgames.com/. AppVersion = 4.27.2-18319896+++UE4+Release-4.27
[2024.01.05-21.04.27:200][  0]LogEngineSessionManager: EngineSessionManager initialized
[2024.01.05-21.04.27:200][  0]LogEditorSessionSummary: Verbose: Initializing EditorSessionSummaryWriter for editor session tracking
[2024.01.05-21.04.27:204][  0]LogEditorSessionSummary: EditorSessionSummaryWriter initialized
[2024.01.05-21.04.27:250][  0]LogInit: Transaction tracking system initialized
[2024.01.05-21.04.27:297][  0]BlueprintLog: New page: Editor Load
[2024.01.05-21.04.27:419][  0]LocalizationService: Localization service is disabled
[2024.01.05-21.04.27:472][  0]TimingProfiler: Initialize
[2024.01.05-21.04.27:473][  0]TimingProfiler: OnSessionChanged
[2024.01.05-21.04.27:473][  0]LoadingProfiler: Initialize
[2024.01.05-21.04.27:473][  0]LoadingProfiler: OnSessionChanged
[2024.01.05-21.04.27:473][  0]NetworkingProfiler: Initialize
[2024.01.05-21.04.27:473][  0]NetworkingProfiler: OnSessionChanged
[2024.01.05-21.04.27:473][  0]MemoryProfiler: Initialize
[2024.01.05-21.04.27:473][  0]MemoryProfiler: OnSessionChanged
[2024.01.05-21.04.27:673][  0]LogCook: Display: CookSettings for Memory: MemoryMaxUsedVirtual 0MiB, MemoryMaxUsedPhysical 16384MiB, MemoryMinFreeVirtual 0MiB, MemoryMinFreePhysical 1024MiB
[2024.01.05-21.04.27:673][  0]LogCook: Display: Mobile HDR setting 1
[2024.01.05-21.04.28:035][  0]LogFileCache: Scanning file cache for directory 'C:/Users/Matth/Documents/UNI WORK/Actual Year 2/TechDemo4/MyProject2/Content/' took 0.01s
[2024.01.05-21.04.28:179][  0]LogInit: Display: Engine is initialized. Leaving FEngineLoop::Init()
[2024.01.05-21.04.28:183][  0]SourceControl: Source control is disabled
[2024.01.05-21.04.28:183][  0]LogUnrealEdMisc: Loading editor; pre map load, took 8.762
[2024.01.05-21.04.28:183][  0]Cmd: MAP LOAD FILE="../../../../../../Users/Matth/Documents/UNI WORK/Actual Year 2/TechDemo4/MyProject2/Content/StarterContent/Maps/Minimal_Default.umap" TEMPLATE=0 SHOWPROGRESS=1 FEATURELEVEL=3
[2024.01.05-21.04.28:183][  0]LogEditorServer: Warning: Can't find file '../../../../../../Users/Matth/Documents/UNI WORK/Actual Year 2/TechDemo4/MyProject2/Content/StarterContent/Maps/Minimal_Default.umap'
[2024.01.05-21.04.28:184][  0]Cmd: MAP CHECKDEP NOCLEARLOG
[2024.01.05-21.04.28:184][  0]MapCheck: Map check complete: 0 Error(s), 0 Warning(s), took 0.156ms to complete.
[2024.01.05-21.04.28:184][  0]LogFileHelpers: Loading map 'Minimal_Default' took 0.001
[2024.01.05-21.04.28:186][  0]LogUnrealEdMisc: Total Editor Startup Time, took 8.765
[2024.01.05-21.04.28:293][  0]LogSlate: Updating window title bar state: overlay mode, drag disabled, window buttons hidden, title bar hidden
[2024.01.05-21.04.28:298][  0]LogSlate: Updating window title bar state: overlay mode, drag disabled, window buttons hidden, title bar hidden
[2024.01.05-21.04.28:303][  0]LogSlate: Updating window title bar state: overlay mode, drag disabled, window buttons hidden, title bar hidden
[2024.01.05-21.04.28:308][  0]LogSlate: Updating window title bar state: overlay mode, drag disabled, window buttons hidden, title bar hidden
[2024.01.05-21.04.28:322][  0]LogNativeClassHierarchy: Verbose: Native class hierarchy populated in 0.0074 seconds. Added 3832 classes and 933 folders.
[2024.01.05-21.04.28:324][  0]LogNativeClassHierarchy: Verbose: Native class hierarchy updated for 'WidgetCarousel' in 0.0002 seconds. Added 0 classes and 0 folders.
[2024.01.05-21.04.28:325][  0]LogPakFile: PakFile PrimaryIndexSize=187
[2024.01.05-21.04.28:326][  0]LogPakFile: PakFile PathHashIndexSize=101
[2024.01.05-21.04.28:326][  0]LogPakFile: PakFile FullDirectoryIndexSize=148
[2024.01.05-21.04.28:326][  0]LogShaderLibrary: Display: ShaderCodeLibraryPakFileMountedCallback: PakFile 'C:/Program Files/Epic Games/UE_4.27/FeaturePacks/FP_FirstPerson.upack' (chunk index -1, root 'root:/') mounted
[2024.01.05-21.04.28:326][  0]LogShaderLibrary: Display: ShaderCodeLibraryPakFileMountedCallback: pending pak file info (ChunkID:-1 Root:root:/ File:C:/Program Files/Epic Games/UE_4.27/FeaturePacks/FP_FirstPerson.upack)
[2024.01.05-21.04.28:326][  0]LogPakFile: OnPakFileMounted2Time == 0.000161
[2024.01.05-21.04.28:326][  0]LogPakFile: PakFile PrimaryIndexSize=189
[2024.01.05-21.04.28:327][  0]LogPakFile: PakFile PathHashIndexSize=101
[2024.01.05-21.04.28:327][  0]LogPakFile: PakFile FullDirectoryIndexSize=152
[2024.01.05-21.04.28:327][  0]LogShaderLibrary: Display: ShaderCodeLibraryPakFileMountedCallback: PakFile 'C:/Program Files/Epic Games/UE_4.27/FeaturePacks/FP_FirstPersonBP.upack' (chunk index -1, root 'root:/') mounted
[2024.01.05-21.04.28:327][  0]LogShaderLibrary: Display: ShaderCodeLibraryPakFileMountedCallback: pending pak file info (ChunkID:-1 Root:root:/ File:C:/Program Files/Epic Games/UE_4.27/FeaturePacks/FP_FirstPersonBP.upack)
[2024.01.05-21.04.28:327][  0]LogPakFile: OnPakFileMounted2Time == 0.000134
[2024.01.05-21.04.28:327][  0]LogPakFile: PakFile PrimaryIndexSize=191
[2024.01.05-21.04.28:327][  0]LogPakFile: PakFile PathHashIndexSize=101
[2024.01.05-21.04.28:327][  0]LogPakFile: PakFile FullDirectoryIndexSize=160
[2024.01.05-21.04.28:327][  0]LogShaderLibrary: Display: ShaderCodeLibraryPakFileMountedCallback: PakFile 'C:/Program Files/Epic Games/UE_4.27/FeaturePacks/MobileStarterContent.upack' (chunk index -1, root 'root:/') mounted
[2024.01.05-21.04.28:328][  0]LogShaderLibrary: Display: ShaderCodeLibraryPakFileMountedCallback: pending pak file info (ChunkID:-1 Root:root:/ File:C:/Program Files/Epic Games/UE_4.27/FeaturePacks/MobileStarterContent.upack)
[2024.01.05-21.04.28:328][  0]LogPakFile: OnPakFileMounted2Time == 0.000118
[2024.01.05-21.04.28:328][  0]LogPakFile: PakFile PrimaryIndexSize=185
[2024.01.05-21.04.28:328][  0]LogPakFile: PakFile PathHashIndexSize=101
[2024.01.05-21.04.28:328][  0]LogPakFile: PakFile FullDirectoryIndexSize=148
[2024.01.05-21.04.28:328][  0]LogShaderLibrary: Display: ShaderCodeLibraryPakFileMountedCallback: PakFile 'C:/Program Files/Epic Games/UE_4.27/FeaturePacks/StarterContent.upack' (chunk index -1, root 'root:/') mounted
[2024.01.05-21.04.28:328][  0]LogShaderLibrary: Display: ShaderCodeLibraryPakFileMountedCallback: pending pak file info (ChunkID:-1 Root:root:/ File:C:/Program Files/Epic Games/UE_4.27/FeaturePacks/StarterContent.upack)
[2024.01.05-21.04.28:328][  0]LogPakFile: OnPakFileMounted2Time == 0.000105
[2024.01.05-21.04.28:329][  0]LogPakFile: PakFile PrimaryIndexSize=190
[2024.01.05-21.04.28:329][  0]LogPakFile: PakFile PathHashIndexSize=101
[2024.01.05-21.04.28:329][  0]LogPakFile: PakFile FullDirectoryIndexSize=154
[2024.01.05-21.04.28:329][  0]LogShaderLibrary: Display: ShaderCodeLibraryPakFileMountedCallback: PakFile 'C:/Program Files/Epic Games/UE_4.27/FeaturePacks/TP_2DSideScroller.upack' (chunk index -1, root 'root:/') mounted
[2024.01.05-21.04.28:329][  0]LogShaderLibrary: Display: ShaderCodeLibraryPakFileMountedCallback: pending pak file info (ChunkID:-1 Root:root:/ File:C:/Program Files/Epic Games/UE_4.27/FeaturePacks/TP_2DSideScroller.upack)
[2024.01.05-21.04.28:329][  0]LogPakFile: OnPakFileMounted2Time == 0.000121
[2024.01.05-21.04.28:330][  0]LogPakFile: PakFile PrimaryIndexSize=192
[2024.01.05-21.04.28:330][  0]LogPakFile: PakFile PathHashIndexSize=101
[2024.01.05-21.04.28:330][  0]LogPakFile: PakFile FullDirectoryIndexSize=158
[2024.01.05-21.04.28:330][  0]LogShaderLibrary: Display: ShaderCodeLibraryPakFileMountedCallback: PakFile 'C:/Program Files/Epic Games/UE_4.27/FeaturePacks/TP_2DSideScrollerBP.upack' (chunk index -1, root 'root:/') mounted
[2024.01.05-21.04.28:330][  0]LogShaderLibrary: Display: ShaderCodeLibraryPakFileMountedCallback: pending pak file info (ChunkID:-1 Root:root:/ File:C:/Program Files/Epic Games/UE_4.27/FeaturePacks/TP_2DSideScrollerBP.upack)
[2024.01.05-21.04.28:330][  0]LogPakFile: OnPakFileMounted2Time == 0.000109
[2024.01.05-21.04.28:331][  0]LogPakFile: PakFile PrimaryIndexSize=182
[2024.01.05-21.04.28:331][  0]LogPakFile: PakFile PathHashIndexSize=101
[2024.01.05-21.04.28:331][  0]LogPakFile: PakFile FullDirectoryIndexSize=138
[2024.01.05-21.04.28:331][  0]LogShaderLibrary: Display: ShaderCodeLibraryPakFileMountedCallback: PakFile 'C:/Program Files/Epic Games/UE_4.27/FeaturePacks/TP_Flying.upack' (chunk index -1, root 'root:/') mounted
[2024.01.05-21.04.28:331][  0]LogShaderLibrary: Display: ShaderCodeLibraryPakFileMountedCallback: pending pak file info (ChunkID:-1 Root:root:/ File:C:/Program Files/Epic Games/UE_4.27/FeaturePacks/TP_Flying.upack)
[2024.01.05-21.04.28:331][  0]LogPakFile: OnPakFileMounted2Time == 0.000121
[2024.01.05-21.04.28:331][  0]LogPakFile: PakFile PrimaryIndexSize=184
[2024.01.05-21.04.28:331][  0]LogPakFile: PakFile PathHashIndexSize=101
[2024.01.05-21.04.28:331][  0]LogPakFile: PakFile FullDirectoryIndexSize=142
[2024.01.05-21.04.28:332][  0]LogShaderLibrary: Display: ShaderCodeLibraryPakFileMountedCallback: PakFile 'C:/Program Files/Epic Games/UE_4.27/FeaturePacks/TP_FlyingBP.upack' (chunk index -1, root 'root:/') mounted
[2024.01.05-21.04.28:332][  0]LogShaderLibrary: Display: ShaderCodeLibraryPakFileMountedCallback: pending pak file info (ChunkID:-1 Root:root:/ File:C:/Program Files/Epic Games/UE_4.27/FeaturePacks/TP_FlyingBP.upack)
[2024.01.05-21.04.28:332][  0]LogPakFile: OnPakFileMounted2Time == 0.000116
[2024.01.05-21.04.28:332][  0]LogPakFile: PakFile PrimaryIndexSize=188
[2024.01.05-21.04.28:332][  0]LogPakFile: PakFile PathHashIndexSize=101
[2024.01.05-21.04.28:332][  0]LogPakFile: PakFile FullDirectoryIndexSize=150
[2024.01.05-21.04.28:332][  0]LogShaderLibrary: Display: ShaderCodeLibraryPakFileMountedCallback: PakFile 'C:/Program Files/Epic Games/UE_4.27/FeaturePacks/TP_HandheldARBP.upack' (chunk index -1, root 'root:/') mounted
[2024.01.05-21.04.28:332][  0]LogShaderLibrary: Display: ShaderCodeLibraryPakFileMountedCallback: pending pak file info (ChunkID:-1 Root:root:/ File:C:/Program Files/Epic Games/UE_4.27/FeaturePacks/TP_HandheldARBP.upack)
[2024.01.05-21.04.28:332][  0]LogPakFile: OnPakFileMounted2Time == 0.000112
[2024.01.05-21.04.28:333][  0]LogPakFile: PakFile PrimaryIndexSize=182
[2024.01.05-21.04.28:333][  0]LogPakFile: PakFile PathHashIndexSize=101
[2024.01.05-21.04.28:333][  0]LogPakFile: PakFile FullDirectoryIndexSize=138
[2024.01.05-21.04.28:333][  0]LogShaderLibrary: Display: ShaderCodeLibraryPakFileMountedCallback: PakFile 'C:/Program Files/Epic Games/UE_4.27/FeaturePacks/TP_Puzzle.upack' (chunk index -1, root 'root:/') mounted
[2024.01.05-21.04.28:333][  0]LogShaderLibrary: Display: ShaderCodeLibraryPakFileMountedCallback: pending pak file info (ChunkID:-1 Root:root:/ File:C:/Program Files/Epic Games/UE_4.27/FeaturePacks/TP_Puzzle.upack)
[2024.01.05-21.04.28:333][  0]LogPakFile: OnPakFileMounted2Time == 0.000105
[2024.01.05-21.04.28:334][  0]LogPakFile: PakFile PrimaryIndexSize=184
[2024.01.05-21.04.28:334][  0]LogPakFile: PakFile PathHashIndexSize=101
[2024.01.05-21.04.28:334][  0]LogPakFile: PakFile FullDirectoryIndexSize=142
[2024.01.05-21.04.28:334][  0]LogShaderLibrary: Display: ShaderCodeLibraryPakFileMountedCallback: PakFile 'C:/Program Files/Epic Games/UE_4.27/FeaturePacks/TP_PuzzleBP.upack' (chunk index -1, root 'root:/') mounted
[2024.01.05-21.04.28:334][  0]LogShaderLibrary: Display: ShaderCodeLibraryPakFileMountedCallback: pending pak file info (ChunkID:-1 Root:root:/ File:C:/Program Files/Epic Games/UE_4.27/FeaturePacks/TP_PuzzleBP.upack)
[2024.01.05-21.04.28:334][  0]LogPakFile: OnPakFileMounted2Time == 0.000107
[2024.01.05-21.04.28:335][  0]LogPakFile: PakFile PrimaryIndexSize=183
[2024.01.05-21.04.28:335][  0]LogPakFile: PakFile PathHashIndexSize=101
[2024.01.05-21.04.28:335][  0]LogPakFile: PakFile FullDirectoryIndexSize=140
[2024.01.05-21.04.28:335][  0]LogShaderLibrary: Display: ShaderCodeLibraryPakFileMountedCallback: PakFile 'C:/Program Files/Epic Games/UE_4.27/FeaturePacks/TP_Rolling.upack' (chunk index -1, root 'root:/') mounted
[2024.01.05-21.04.28:335][  0]LogShaderLibrary: Display: ShaderCodeLibraryPakFileMountedCallback: pending pak file info (ChunkID:-1 Root:root:/ File:C:/Program Files/Epic Games/UE_4.27/FeaturePacks/TP_Rolling.upack)
[2024.01.05-21.04.28:335][  0]LogPakFile: OnPakFileMounted2Time == 0.000115
[2024.01.05-21.04.28:336][  0]LogPakFile: PakFile PrimaryIndexSize=185
[2024.01.05-21.04.28:336][  0]LogPakFile: PakFile PathHashIndexSize=101
[2024.01.05-21.04.28:336][  0]LogPakFile: PakFile FullDirectoryIndexSize=144
[2024.01.05-21.04.28:336][  0]LogShaderLibrary: Display: ShaderCodeLibraryPakFileMountedCallback: PakFile 'C:/Program Files/Epic Games/UE_4.27/FeaturePacks/TP_RollingBP.upack' (chunk index -1, root 'root:/') mounted
[2024.01.05-21.04.28:336][  0]LogShaderLibrary: Display: ShaderCodeLibraryPakFileMountedCallback: pending pak file info (ChunkID:-1 Root:root:/ File:C:/Program Files/Epic Games/UE_4.27/FeaturePacks/TP_RollingBP.upack)
[2024.01.05-21.04.28:336][  0]LogPakFile: OnPakFileMounted2Time == 0.000124
[2024.01.05-21.04.28:336][  0]LogPakFile: PakFile PrimaryIndexSize=188
[2024.01.05-21.04.28:336][  0]LogPakFile: PakFile PathHashIndexSize=101
[2024.01.05-21.04.28:337][  0]LogPakFile: PakFile FullDirectoryIndexSize=150
[2024.01.05-21.04.28:337][  0]LogShaderLibrary: Display: ShaderCodeLibraryPakFileMountedCallback: PakFile 'C:/Program Files/Epic Games/UE_4.27/FeaturePacks/TP_SideScroller.upack' (chunk index -1, root 'root:/') mounted
[2024.01.05-21.04.28:337][  0]LogShaderLibrary: Display: ShaderCodeLibraryPakFileMountedCallback: pending pak file info (ChunkID:-1 Root:root:/ File:C:/Program Files/Epic Games/UE_4.27/FeaturePacks/TP_SideScroller.upack)
[2024.01.05-21.04.28:337][  0]LogPakFile: OnPakFileMounted2Time == 0.000117
[2024.01.05-21.04.28:337][  0]LogPakFile: PakFile PrimaryIndexSize=190
[2024.01.05-21.04.28:337][  0]LogPakFile: PakFile PathHashIndexSize=101
[2024.01.05-21.04.28:337][  0]LogPakFile: PakFile FullDirectoryIndexSize=154
[2024.01.05-21.04.28:337][  0]LogShaderLibrary: Display: ShaderCodeLibraryPakFileMountedCallback: PakFile 'C:/Program Files/Epic Games/UE_4.27/FeaturePacks/TP_SideScrollerBP.upack' (chunk index -1, root 'root:/') mounted
[2024.01.05-21.04.28:337][  0]LogShaderLibrary: Display: ShaderCodeLibraryPakFileMountedCallback: pending pak file info (ChunkID:-1 Root:root:/ File:C:/Program Files/Epic Games/UE_4.27/FeaturePacks/TP_SideScrollerBP.upack)
[2024.01.05-21.04.28:338][  0]LogPakFile: OnPakFileMounted2Time == 0.000124
[2024.01.05-21.04.28:338][  0]LogPakFile: PakFile PrimaryIndexSize=187
[2024.01.05-21.04.28:338][  0]LogPakFile: PakFile PathHashIndexSize=101
[2024.01.05-21.04.28:338][  0]LogPakFile: PakFile FullDirectoryIndexSize=148
[2024.01.05-21.04.28:338][  0]LogShaderLibrary: Display: ShaderCodeLibraryPakFileMountedCallback: PakFile 'C:/Program Files/Epic Games/UE_4.27/FeaturePacks/TP_ThirdPerson.upack' (chunk index -1, root 'root:/') mounted
[2024.01.05-21.04.28:338][  0]LogShaderLibrary: Display: ShaderCodeLibraryPakFileMountedCallback: pending pak file info (ChunkID:-1 Root:root:/ File:C:/Program Files/Epic Games/UE_4.27/FeaturePacks/TP_ThirdPerson.upack)
[2024.01.05-21.04.28:338][  0]LogPakFile: OnPakFileMounted2Time == 0.000106
[2024.01.05-21.04.28:339][  0]LogPakFile: PakFile PrimaryIndexSize=189
[2024.01.05-21.04.28:339][  0]LogPakFile: PakFile PathHashIndexSize=101
[2024.01.05-21.04.28:339][  0]LogPakFile: PakFile FullDirectoryIndexSize=152
[2024.01.05-21.04.28:339][  0]LogShaderLibrary: Display: ShaderCodeLibraryPakFileMountedCallback: PakFile 'C:/Program Files/Epic Games/UE_4.27/FeaturePacks/TP_ThirdPersonBP.upack' (chunk index -1, root 'root:/') mounted
[2024.01.05-21.04.28:339][  0]LogShaderLibrary: Display: ShaderCodeLibraryPakFileMountedCallback: pending pak file info (ChunkID:-1 Root:root:/ File:C:/Program Files/Epic Games/UE_4.27/FeaturePacks/TP_ThirdPersonBP.upack)
[2024.01.05-21.04.28:339][  0]LogPakFile: OnPakFileMounted2Time == 0.000106
[2024.01.05-21.04.28:340][  0]LogPakFile: PakFile PrimaryIndexSize=183
[2024.01.05-21.04.28:340][  0]LogPakFile: PakFile PathHashIndexSize=101
[2024.01.05-21.04.28:340][  0]LogPakFile: PakFile FullDirectoryIndexSize=140
[2024.01.05-21.04.28:340][  0]LogShaderLibrary: Display: ShaderCodeLibraryPakFileMountedCallback: PakFile 'C:/Program Files/Epic Games/UE_4.27/FeaturePacks/TP_TopDown.upack' (chunk index -1, root 'root:/') mounted
[2024.01.05-21.04.28:340][  0]LogShaderLibrary: Display: ShaderCodeLibraryPakFileMountedCallback: pending pak file info (ChunkID:-1 Root:root:/ File:C:/Program Files/Epic Games/UE_4.27/FeaturePacks/TP_TopDown.upack)
[2024.01.05-21.04.28:340][  0]LogPakFile: OnPakFileMounted2Time == 0.000124
[2024.01.05-21.04.28:340][  0]LogPakFile: PakFile PrimaryIndexSize=185
[2024.01.05-21.04.28:340][  0]LogPakFile: PakFile PathHashIndexSize=101
[2024.01.05-21.04.28:341][  0]LogPakFile: PakFile FullDirectoryIndexSize=144
[2024.01.05-21.04.28:341][  0]LogShaderLibrary: Display: ShaderCodeLibraryPakFileMountedCallback: PakFile 'C:/Program Files/Epic Games/UE_4.27/FeaturePacks/TP_TopDownBP.upack' (chunk index -1, root 'root:/') mounted
[2024.01.05-21.04.28:341][  0]LogShaderLibrary: Display: ShaderCodeLibraryPakFileMountedCallback: pending pak file info (ChunkID:-1 Root:root:/ File:C:/Program Files/Epic Games/UE_4.27/FeaturePacks/TP_TopDownBP.upack)
[2024.01.05-21.04.28:341][  0]LogPakFile: OnPakFileMounted2Time == 0.000113
[2024.01.05-21.04.28:341][  0]LogPakFile: PakFile PrimaryIndexSize=185
[2024.01.05-21.04.28:341][  0]LogPakFile: PakFile PathHashIndexSize=101
[2024.01.05-21.04.28:341][  0]LogPakFile: PakFile FullDirectoryIndexSize=144
[2024.01.05-21.04.28:341][  0]LogShaderLibrary: Display: ShaderCodeLibraryPakFileMountedCallback: PakFile 'C:/Program Files/Epic Games/UE_4.27/FeaturePacks/TP_TwinStick.upack' (chunk index -1, root 'root:/') mounted
[2024.01.05-21.04.28:341][  0]LogShaderLibrary: Display: ShaderCodeLibraryPakFileMountedCallback: pending pak file info (ChunkID:-1 Root:root:/ File:C:/Program Files/Epic Games/UE_4.27/FeaturePacks/TP_TwinStick.upack)
[2024.01.05-21.04.28:342][  0]LogPakFile: OnPakFileMounted2Time == 0.000118
[2024.01.05-21.04.28:342][  0]LogPakFile: PakFile PrimaryIndexSize=187
[2024.01.05-21.04.28:342][  0]LogPakFile: PakFile PathHashIndexSize=101
[2024.01.05-21.04.28:342][  0]LogPakFile: PakFile FullDirectoryIndexSize=148
[2024.01.05-21.04.28:342][  0]LogShaderLibrary: Display: ShaderCodeLibraryPakFileMountedCallback: PakFile 'C:/Program Files/Epic Games/UE_4.27/FeaturePacks/TP_TwinStickBP.upack' (chunk index -1, root 'root:/') mounted
[2024.01.05-21.04.28:342][  0]LogShaderLibrary: Display: ShaderCodeLibraryPakFileMountedCallback: pending pak file info (ChunkID:-1 Root:root:/ File:C:/Program Files/Epic Games/UE_4.27/FeaturePacks/TP_TwinStickBP.upack)
[2024.01.05-21.04.28:342][  0]LogPakFile: OnPakFileMounted2Time == 0.000108
[2024.01.05-21.04.28:343][  0]LogPakFile: PakFile PrimaryIndexSize=183
[2024.01.05-21.04.28:343][  0]LogPakFile: PakFile PathHashIndexSize=101
[2024.01.05-21.04.28:343][  0]LogPakFile: PakFile FullDirectoryIndexSize=140
[2024.01.05-21.04.28:343][  0]LogShaderLibrary: Display: ShaderCodeLibraryPakFileMountedCallback: PakFile 'C:/Program Files/Epic Games/UE_4.27/FeaturePacks/TP_Vehicle.upack' (chunk index -1, root 'root:/') mounted
[2024.01.05-21.04.28:343][  0]LogShaderLibrary: Display: ShaderCodeLibraryPakFileMountedCallback: pending pak file info (ChunkID:-1 Root:root:/ File:C:/Program Files/Epic Games/UE_4.27/FeaturePacks/TP_Vehicle.upack)
[2024.01.05-21.04.28:343][  0]LogPakFile: OnPakFileMounted2Time == 0.000118
[2024.01.05-21.04.28:344][  0]LogPakFile: PakFile PrimaryIndexSize=186
[2024.01.05-21.04.28:344][  0]LogPakFile: PakFile PathHashIndexSize=101
[2024.01.05-21.04.28:344][  0]LogPakFile: PakFile FullDirectoryIndexSize=146
[2024.01.05-21.04.28:344][  0]LogShaderLibrary: Display: ShaderCodeLibraryPakFileMountedCallback: PakFile 'C:/Program Files/Epic Games/UE_4.27/FeaturePacks/TP_VehicleAdv.upack' (chunk index -1, root 'root:/') mounted
[2024.01.05-21.04.28:344][  0]LogShaderLibrary: Display: ShaderCodeLibraryPakFileMountedCallback: pending pak file info (ChunkID:-1 Root:root:/ File:C:/Program Files/Epic Games/UE_4.27/FeaturePacks/TP_VehicleAdv.upack)
[2024.01.05-21.04.28:344][  0]LogPakFile: OnPakFileMounted2Time == 0.000122
[2024.01.05-21.04.28:344][  0]LogPakFile: PakFile PrimaryIndexSize=188
[2024.01.05-21.04.28:345][  0]LogPakFile: PakFile PathHashIndexSize=101
[2024.01.05-21.04.28:345][  0]LogPakFile: PakFile FullDirectoryIndexSize=150
[2024.01.05-21.04.28:345][  0]LogShaderLibrary: Display: ShaderCodeLibraryPakFileMountedCallback: PakFile 'C:/Program Files/Epic Games/UE_4.27/FeaturePacks/TP_VehicleAdvBP.upack' (chunk index -1, root 'root:/') mounted
[2024.01.05-21.04.28:345][  0]LogShaderLibrary: Display: ShaderCodeLibraryPakFileMountedCallback: pending pak file info (ChunkID:-1 Root:root:/ File:C:/Program Files/Epic Games/UE_4.27/FeaturePacks/TP_VehicleAdvBP.upack)
[2024.01.05-21.04.28:345][  0]LogPakFile: OnPakFileMounted2Time == 0.000104
[2024.01.05-21.04.28:345][  0]LogPakFile: PakFile PrimaryIndexSize=185
[2024.01.05-21.04.28:345][  0]LogPakFile: PakFile PathHashIndexSize=101
[2024.01.05-21.04.28:345][  0]LogPakFile: PakFile FullDirectoryIndexSize=144
[2024.01.05-21.04.28:345][  0]LogShaderLibrary: Display: ShaderCodeLibraryPakFileMountedCallback: PakFile 'C:/Program Files/Epic Games/UE_4.27/FeaturePacks/TP_VehicleBP.upack' (chunk index -1, root 'root:/') mounted
[2024.01.05-21.04.28:345][  0]LogShaderLibrary: Display: ShaderCodeLibraryPakFileMountedCallback: pending pak file info (ChunkID:-1 Root:root:/ File:C:/Program Files/Epic Games/UE_4.27/FeaturePacks/TP_VehicleBP.upack)
[2024.01.05-21.04.28:346][  0]LogPakFile: OnPakFileMounted2Time == 0.000117
[2024.01.05-21.04.28:346][  0]LogPakFile: PakFile PrimaryIndexSize=192
[2024.01.05-21.04.28:346][  0]LogPakFile: PakFile PathHashIndexSize=101
[2024.01.05-21.04.28:346][  0]LogPakFile: PakFile FullDirectoryIndexSize=158
[2024.01.05-21.04.28:346][  0]LogShaderLibrary: Display: ShaderCodeLibraryPakFileMountedCallback: PakFile 'C:/Program Files/Epic Games/UE_4.27/FeaturePacks/TP_VirtualRealityBP.upack' (chunk index -1, root 'root:/') mounted
[2024.01.05-21.04.28:346][  0]LogShaderLibrary: Display: ShaderCodeLibraryPakFileMountedCallback: pending pak file info (ChunkID:-1 Root:root:/ File:C:/Program Files/Epic Games/UE_4.27/FeaturePacks/TP_VirtualRealityBP.upack)
[2024.01.05-21.04.28:346][  0]LogPakFile: OnPakFileMounted2Time == 0.000101
[2024.01.05-21.04.28:393][  0]LogNativeClassHierarchy: Verbose: Native class hierarchy updated for 'AddContentDialog' in 0.0002 seconds. Added 0 classes and 0 folders.
[2024.01.05-21.04.28:394][  0]LogNativeClassHierarchy: Verbose: Native class hierarchy updated for 'SceneOutliner' in 0.0002 seconds. Added 2 classes and 0 folders.
[2024.01.05-21.04.28:439][  0]LogSlate: Took 0.000136 seconds to synchronously load lazily loaded font '../../../Engine/Content/Slate/Fonts/Roboto-Regular.ttf' (155K)
[2024.01.05-21.04.28:440][  0]LogSlate: Took 0.000140 seconds to synchronously load lazily loaded font '../../../Engine/Content/Editor/Slate/Fonts/FontAwesome.ttf' (139K)
[2024.01.05-21.04.28:441][  0]LogSlate: Took 0.000123 seconds to synchronously load lazily loaded font '../../../Engine/Content/Slate/Fonts/Roboto-Bold.ttf' (160K)
[2024.01.05-21.04.28:513][  0]LogRenderer: Reallocating scene render targets to support 1132x572 Format 10 NumSamples 1 (Frame:1).
[2024.01.05-21.04.28:570][  0]LogNativeClassHierarchy: Verbose: Native class hierarchy updated for 'HierarchicalLODOutliner' in 0.0002 seconds. Added 0 classes and 0 folders.
[2024.01.05-21.04.28:570][  0]LogLoad: (Engine Initialization) Total time: 9.15 seconds
[2024.01.05-21.04.28:570][  0]LogLoad: (Engine Initialization) Total Blueprint compile time: 0.00 seconds
[2024.01.05-21.04.28:583][  0]LogRawInputWindows: Warning: Found device 10 devices
[2024.01.05-21.04.28:583][  0]LogRawInputWindows: Warning: Found device 10 devices
[2024.01.05-21.04.28:583][  0]LogRawInputWindows: Warning: Device was registered succesfully but not connected (Usage:4 UsagePage:1)
[2024.01.05-21.04.28:583][  0]LogRawInputWindows: Warning: Found device 10 devices
[2024.01.05-21.04.28:583][  0]LogRawInputWindows: VenderID:54c ProductID:ce6
[2024.01.05-21.04.28:583][  0]LogRawInputWindows: Device was registered succesfully and is connected (Usage:5 UsagePage:1)
[2024.01.05-21.04.28:612][  0]LogAssetRegistry: Asset discovery search completed in 5.3532 seconds
[2024.01.05-21.04.28:616][  0]LogCollectionManager: Fixed up redirectors for 0 collections in 0.000002 seconds (updated 0 objects)
[2024.01.05-21.04.28:617][  0]LogContentStreaming: Texture pool size now 1000 MB
[2024.01.05-21.04.28:688][  7]LogSlate: Took 0.000130 seconds to synchronously load lazily loaded font '../../../Engine/Content/Slate/Fonts/Roboto-Light.ttf' (167K)
[2024.01.05-21.05.15:884][584]LogTemp: Repeating last play command: Selected Viewport
[2024.01.05-21.05.15:892][584]LogPlayLevel: PlayLevel: No blueprints needed recompiling
[2024.01.05-21.05.15:893][584]PIE: New page: PIE session: Untitled_0 (5 Jan 2024, 21:05:15)
[2024.01.05-21.05.15:894][584]LogOnline: OSS: Creating online subsystem instance for: NULL
[2024.01.05-21.05.15:895][584]LogOnline: OSS: TryLoadSubsystemAndSetDefault: Loaded subsystem for module [NULL]
[2024.01.05-21.05.15:895][584]LogPlayLevel: Creating play world package: /Temp/UEDPIE_0_Untitled_0
[2024.01.05-21.05.15:896][584]LogPlayLevel: PIE: StaticDuplicateObject took: (0.000520s)
[2024.01.05-21.05.15:896][584]LogAIModule: Creating AISystem for world Untitled
[2024.01.05-21.05.15:896][584]LogPlayLevel: PIE: World Init took: (0.000817s)
[2024.01.05-21.05.15:897][584]LogPlayLevel: PIE: Created PIE world by copying editor world from /Temp/Untitled_0.Untitled to /Temp/UEDPIE_0_Untitled_0.Untitled (0.001541s)
[2024.01.05-21.05.15:902][584]LogUObjectHash: Compacting FUObjectHashTables data took   0.65ms
[2024.01.05-21.05.15:903][584]LogAudio: Display: Creating Audio Device:                 Id: 2, Scope: Unique, Realtime: True
[2024.01.05-21.05.15:903][584]LogAudioMixer: Display: Audio Mixer Platform Settings:
[2024.01.05-21.05.15:903][584]LogAudioMixer: Display: 	Sample Rate:						  48000
[2024.01.05-21.05.15:903][584]LogAudioMixer: Display: 	Callback Buffer Frame Size Requested: 1024
[2024.01.05-21.05.15:903][584]LogAudioMixer: Display: 	Callback Buffer Frame Size To Use:	  1024
[2024.01.05-21.05.15:903][584]LogAudioMixer: Display: 	Number of buffers to queue:			  2
[2024.01.05-21.05.15:903][584]LogAudioMixer: Display: 	Max Channels (voices):				  32
[2024.01.05-21.05.15:903][584]LogAudioMixer: Display: 	Number of Async Source Workers:		  0
[2024.01.05-21.05.15:903][584]LogAudio: Display: AudioDevice MaxSources: 32
[2024.01.05-21.05.15:904][584]LogAudio: Display: Audio Spatialization Plugin: None (built-in).
[2024.01.05-21.05.15:904][584]LogAudio: Display: Audio Reverb Plugin: None (built-in).
[2024.01.05-21.05.15:904][584]LogAudio: Display: Audio Occlusion Plugin: None (built-in).
[2024.01.05-21.05.15:904][584]LogAudioMixer: Display: Initializing audio mixer.
[2024.01.05-21.05.15:906][584]LogAudioMixer: Display: 0: FrontLeft
[2024.01.05-21.05.15:907][584]LogAudioMixer: Display: 1: FrontRight
[2024.01.05-21.05.15:913][584]LogAudioMixer: Display: Using Audio Device PL2466H (NVIDIA High Definition Audio)
[2024.01.05-21.05.15:913][584]LogAudioMixer: Display: Initializing Sound Submixes...
[2024.01.05-21.05.15:913][584]LogAudioMixer: Display: Creating Master Submix 'MasterSubmixDefault'
[2024.01.05-21.05.15:913][584]LogAudioMixer: Display: Creating Master Submix 'MasterReverbSubmixDefault'
[2024.01.05-21.05.15:914][584]LogAudioMixer: Display: Creating Master Submix 'MasterEQSubmixDefault'
[2024.01.05-21.05.15:914][584]LogAudioMixer: FMixerPlatformXAudio2::StartAudioStream() called
[2024.01.05-21.05.15:914][584]LogAudioMixer: Display: Output buffers initialized: Frames=1024, Channels=2, Samples=2048
[2024.01.05-21.05.15:914][584]LogAudioMixer: Display: Starting AudioMixerPlatformInterface::RunInternal()
[2024.01.05-21.05.15:914][584]LogAudioMixer: Display: FMixerPlatformXAudio2::SubmitBuffer() called for the first time
[2024.01.05-21.05.15:914][584]LogInit: FAudioDevice initialized.
[2024.01.05-21.05.15:914][584]LogAudio: Display: Audio Device (ID: 2) registered with world 'Untitled'.
[2024.01.05-21.05.15:936][584]LogBlueprint: Warning: [AssetLog] C:\Users\Matth\Documents\UNI WORK\Actual Year 2\TechDemo4\MyProject2\Content\ABP_Soldier.uasset: [Compiler] Node  AimOffset 'AimOffset'  uses potentially thread-unsafe call  Try Get Pawn Owner . Disable threaded update or use a thread-safe call. Function may need BlueprintThreadSafe metadata adding.
[2024.01.05-21.05.15:937][584]LogBlueprint: Warning: [AssetLog] C:\Users\Matth\Documents\UNI WORK\Actual Year 2\TechDemo4\MyProject2\Content\ABP_Soldier.uasset: [Compiler] Node  AimOffset 'AimOffset'  uses potentially thread-unsafe call  Try Get Pawn Owner . Disable threaded update or use a thread-safe call. Function may need BlueprintThreadSafe metadata adding.
[2024.01.05-21.05.16:177][584]LogLoad: Game class is 'Shooter_GameMode_BP_C'
[2024.01.05-21.05.16:178][584]LogWorld: Bringing World /Temp/UEDPIE_0_Untitled_0.Untitled up for play (max tick rate 0) at 2024.01.05-21.05.16
[2024.01.05-21.05.16:178][584]LogWorld: Bringing up level for play took: 0.000342
[2024.01.05-21.05.16:178][584]LogOnline: OSS: Creating online subsystem instance for: :Context_1
[2024.01.05-21.05.16:181][584]LogNativeClassHierarchy: Verbose: Native class hierarchy updated for 'MovieSceneCapture' in 0.0003 seconds. Added 20 classes and 0 folders.
