Log file open, 01/05/24 17:39:04
LogWindows: Failed to load 'aqProf.dll' (GetLastError=126)
LogWindows: File 'aqProf.dll' does not exist
LogWindows: Failed to load 'VtuneApi.dll' (GetLastError=126)
LogWindows: File 'VtuneApi.dll' does not exist
LogWindows: Failed to load 'VtuneApi32e.dll' (GetLastError=126)
LogWindows: File 'VtuneApi32e.dll' does not exist
LogConsoleResponse: Display: Failed to find resolution value strings in scalability ini. Falling back to default.
LogConsoleResponse: Display: Failed to find resolution value strings in scalability ini. Falling back to default.
LogInit: Display: Running engine for game: MyProject2
LogPlatformFile: Not using cached read wrapper
LogTaskGraph: Started task graph with 5 named threads and 35 total threads with 3 sets of task threads.
LogStats: Stats thread started at 0.224515
LogICUInternationalization: ICU TimeZone Detection - Raw Offset: +0:00, Platform Override: ''
LogInit: Display: Loading text-based GConfig....
LogPluginManager: Mounting plugin MeshPainting
LogPluginManager: Mounting plugin XGEController
LogPluginManager: Mounting plugin Paper2D
LogPluginManager: Mounting plugin LightPropagationVolume
LogPluginManager: Mounting plugin GameplayCameras
LogPluginManager: Mounting plugin CameraShakePreviewer
LogPluginManager: Mounting plugin OodleData
LogPluginManager: Mounting plugin OodleNetwork
LogPluginManager: Mounting plugin AnimationSharing
LogPluginManager: Mounting plugin CodeLiteSourceCodeAccess
LogPluginManager: Mounting plugin CLionSourceCodeAccess
LogPluginManager: Mounting plugin GitSourceControl
LogPluginManager: Mounting plugin NullSourceCodeAccess
LogPluginManager: Mounting plugin KDevelopSourceCodeAccess
LogPluginManager: Mounting plugin PerforceSourceControl
LogPluginManager: Mounting plugin PixWinPlugin
LogPluginManager: Mounting plugin PlasticSourceControl
LogPluginManager: Mounting plugin PluginUtils
LogPluginManager: Mounting plugin RiderSourceCodeAccess
LogPluginManager: Mounting plugin TextureFormatOodle
LogPluginManager: Mounting plugin UObjectPlugin
LogPluginManager: Mounting plugin VisualStudioCodeSourceCodeAccess
LogPluginManager: Mounting plugin VisualStudioSourceCodeAccess
LogPluginManager: Mounting plugin PropertyAccessNode
LogPluginManager: Mounting plugin XCodeSourceCodeAccess
LogPluginManager: Mounting plugin Niagara
LogPluginManager: Mounting plugin DatasmithContent
LogPluginManager: Mounting plugin VariantManagerContent
LogPluginManager: Mounting plugin AlembicImporter
LogPluginManager: Mounting plugin BackChannel
LogPluginManager: Mounting plugin ChaosCloth
LogPluginManager: Mounting plugin ChaosClothEditor
LogPluginManager: Mounting plugin ChaosEditor
LogPluginManager: Mounting plugin ChaosNiagara
LogPluginManager: Mounting plugin ChaosSolverPlugin
LogPluginManager: Mounting plugin AssetManagerEditor
LogPluginManager: Mounting plugin CharacterAI
LogPluginManager: Mounting plugin AutomationUtils
LogPluginManager: Mounting plugin GeometryCache
LogPluginManager: Mounting plugin CryptoKeys
LogPluginManager: Mounting plugin CurveEditorTools
LogPluginManager: Mounting plugin DataValidation
LogPluginManager: Mounting plugin GeometryCollectionPlugin
LogPluginManager: Mounting plugin SubversionSourceControl
LogPluginManager: Mounting plugin FacialAnimation
LogPluginManager: Mounting plugin GameplayTagsEditor
LogPluginManager: Mounting plugin MacGraphicsSwitching
LogPluginManager: Mounting plugin GeometryMode
LogPluginManager: Mounting plugin MaterialAnalyzer
LogPluginManager: Mounting plugin PluginBrowser
LogPluginManager: Mounting plugin SpeedTreeImporter
LogPluginManager: Mounting plugin GeometryProcessing
LogPluginManager: Mounting plugin MotoSynth
LogPluginManager: Mounting plugin OpenImageDenoise
LogPluginManager: Mounting plugin PlanarCut
LogPluginManager: Mounting plugin ProxyLODPlugin
LogPluginManager: Mounting plugin PythonScriptPlugin
LogPluginManager: Mounting plugin RawInput
LogPluginManager: Mounting plugin PlatformCrypto
LogPluginManager: Mounting plugin SkeletalReduction
LogPluginManager: Mounting plugin AndroidMedia
LogPluginManager: Mounting plugin AvfMedia
LogPluginManager: Mounting plugin MobileLauncherProfileWizard
LogPluginManager: Mounting plugin ImgMedia
LogPluginManager: Mounting plugin LuminPlatformFeatures
LogPluginManager: Mounting plugin MediaPlayerEditor
LogPluginManager: Mounting plugin MagicLeap
LogPluginManager: Mounting plugin MediaCompositing
LogPluginManager: Mounting plugin WebMMedia
LogPluginManager: Mounting plugin WmfMedia
LogPluginManager: Mounting plugin MagicLeapLightEstimation
LogPluginManager: Mounting plugin MagicLeapMedia
LogPluginManager: Mounting plugin MagicLeapPassableWorld
LogPluginManager: Mounting plugin MLSDK
LogPluginManager: Mounting plugin TcpMessaging
LogPluginManager: Mounting plugin UdpMessaging
LogPluginManager: Mounting plugin ActorSequence
LogPluginManager: Mounting plugin LevelSequenceEditor
LogPluginManager: Mounting plugin MatineeToLevelSequence
LogPluginManager: Mounting plugin TemplateSequence
LogPluginManager: Mounting plugin LauncherChunkInstaller
LogPluginManager: Mounting plugin ActorLayerUtilities
LogPluginManager: Mounting plugin AndroidDeviceProfileSelector
LogPluginManager: Mounting plugin AndroidPermission
LogPluginManager: Mounting plugin AndroidMoviePlayer
LogPluginManager: Mounting plugin AppleImageUtils
LogPluginManager: Mounting plugin AppleMoviePlayer
LogPluginManager: Mounting plugin ArchVisCharacter
LogPluginManager: Mounting plugin AssetTags
LogPluginManager: Mounting plugin AudioSynesthesia
LogPluginManager: Mounting plugin ChunkDownloader
LogPluginManager: Mounting plugin CableComponent
LogPluginManager: Mounting plugin CustomMeshComponent
LogPluginManager: Mounting plugin EditableMesh
LogPluginManager: Mounting plugin ExampleDeviceProfileSelector
LogPluginManager: Mounting plugin AudioCapture
LogPluginManager: Mounting plugin GooglePAD
LogPluginManager: Mounting plugin ScreenshotTools
LogPluginManager: Mounting plugin GoogleCloudMessaging
LogPluginManager: Mounting plugin IOSDeviceProfileSelector
LogPluginManager: Mounting plugin LinuxDeviceProfileSelector
LogPluginManager: Mounting plugin LocationServicesBPLibrary
LogPluginManager: Mounting plugin MobilePatchingUtils
LogPluginManager: Mounting plugin OpenXR
LogPluginManager: Mounting plugin OpenXREyeTracker
LogPluginManager: Mounting plugin OpenXRHandTracking
LogPluginManager: Mounting plugin PhysXVehicles
LogPluginManager: Mounting plugin PostSplashScreen
LogPluginManager: Mounting plugin PropertyAccessEditor
LogPluginManager: Mounting plugin RuntimePhysXCooking
LogPluginManager: Mounting plugin SignificanceManager
LogPluginManager: Mounting plugin Takes
LogPluginManager: Mounting plugin SoundFields
LogPluginManager: Mounting plugin Synthesis
LogPluginManager: Mounting plugin WebMMoviePlayer
LogPluginManager: Mounting plugin WindowsMoviePlayer
LogPluginManager: Mounting plugin OnlineSubsystemNull
LogPluginManager: Mounting plugin OnlineSubsystem
LogPluginManager: Mounting plugin OnlineSubsystemUtils
LogPluginManager: Mounting plugin LiveLink
LogPluginManager: Mounting plugin AISupport
LogPluginManager: Mounting plugin EnvironmentQueryEditor
LogPluginManager: Mounting plugin ProceduralMeshComponent
LogPluginManager: Mounting plugin ContentBrowserClassDataSource
LogPluginManager: Mounting plugin ContentBrowserFileDataSource
LogPluginManager: Mounting plugin ContentBrowserAssetDataSource
LogPluginManager: Mounting plugin OculusVR
LogPluginManager: Mounting plugin SteamVR
LogPluginManager: Mounting plugin OnlineSubsystemGooglePlay
LogPluginManager: Mounting plugin OnlineSubsystemIOS
PixWinPlugin: PIX capture plugin failed to initialize! Check that the process is launched from PIX.
LogInit: Using libcurl 7.55.1-DEV
LogInit:  - built for x86_64-pc-win32
LogInit:  - supports SSL with OpenSSL/1.1.1
LogInit:  - supports HTTP deflate (compression) using libz 1.2.8
LogInit:  - other features:
LogInit:      CURL_VERSION_SSL
LogInit:      CURL_VERSION_LIBZ
LogInit:      CURL_VERSION_IPV6
LogInit:      CURL_VERSION_ASYNCHDNS
LogInit:      CURL_VERSION_LARGEFILE
LogInit:      CURL_VERSION_IDN
LogInit:  CurlRequestOptions (configurable via config and command line):
LogInit:  - bVerifyPeer = true  - Libcurl will verify peer certificate
LogInit:  - bUseHttpProxy = false  - Libcurl will NOT use HTTP proxy
LogInit:  - bDontReuseConnections = false  - Libcurl will reuse connections
LogInit:  - MaxHostConnections = 16  - Libcurl will limit the number of connections to a host
LogInit:  - LocalHostAddr = Default
LogInit:  - BufferSize = 65536
LogOnline: OSS: Creating online subsystem instance for: NULL
LogInit: WinSock: version 1.1 (2.2), MaxSocks=32767, MaxUdp=65467
LogOnline: OSS: TryLoadSubsystemAndSetDefault: Loaded subsystem for module [NULL]
LogOculusPluginWrapper: OculusPlugin initialized successfully
LogHMD: Failed initializing OVRPlugin 1.59.0
LogInit: Build: ++UE4+Release-4.27-CL-18319896
LogInit: Engine Version: 4.27.2-18319896+++UE4+Release-4.27
LogInit: Compatible Engine Version: 4.27.0-17155196+++UE4+Release-4.27
LogInit: Net CL: 17155196
LogInit: OS: Windows 10 (Release 2009) (), CPU: Intel(R) Core(TM) i5-10600K CPU @ 4.10GHz, GPU: NVIDIA GeForce RTX 2060
LogInit: Compiled (64-bit): Nov 30 2021 07:12:08
LogInit: Compiled with Visual C++: 19.24.28315.00
LogInit: Build Configuration: Development
LogInit: Branch Name: ++UE4+Release-4.27
LogInit: Command Line:  -skipcompile
LogInit: Base Directory: C:/Program Files/Epic Games/UE_4.27/Engine/Binaries/Win64/
LogInit: Allocator: TBB
LogInit: Installed Engine Build: 1
LogDevObjectVersion: Number of dev versions registered: 29
LogDevObjectVersion:   Dev-Blueprints (B0D832E4-1F89-4F0D-ACCF-7EB736FD4AA2): 10
LogDevObjectVersion:   Dev-Build (E1C64328-A22C-4D53-A36C-8E866417BD8C): 0
LogDevObjectVersion:   Dev-Core (375EC13C-06E4-48FB-B500-84F0262A717E): 4
LogDevObjectVersion:   Dev-Editor (E4B068ED-F494-42E9-A231-DA0B2E46BB41): 40
LogDevObjectVersion:   Dev-Framework (CFFC743F-43B0-4480-9391-14DF171D2073): 37
LogDevObjectVersion:   Dev-Mobile (B02B49B5-BB20-44E9-A304-32B752E40360): 3
LogDevObjectVersion:   Dev-Networking (A4E4105C-59A1-49B5-A7C5-40C4547EDFEE): 0
LogDevObjectVersion:   Dev-Online (39C831C9-5AE6-47DC-9A44-9C173E1C8E7C): 0
LogDevObjectVersion:   Dev-Physics (78F01B33-EBEA-4F98-B9B4-84EACCB95AA2): 14
LogDevObjectVersion:   Dev-Platform (6631380F-2D4D-43E0-8009-CF276956A95A): 0
LogDevObjectVersion:   Dev-Rendering (12F88B9F-8875-4AFC-A67C-D90C383ABD29): 45
LogDevObjectVersion:   Dev-Sequencer (7B5AE74C-D270-4C10-A958-57980B212A5A): 13
LogDevObjectVersion:   Dev-VR (D7296918-1DD6-4BDD-9DE2-64A83CC13884): 3
LogDevObjectVersion:   Dev-LoadTimes (C2A15278-BFE7-4AFE-6C17-90FF531DF755): 1
LogDevObjectVersion:   Private-Geometry (6EACA3D4-40EC-4CC1-B786-8BED09428FC5): 3
LogDevObjectVersion:   Dev-AnimPhys (29E575DD-E0A3-4627-9D10-D276232CDCEA): 17
LogDevObjectVersion:   Dev-Anim (AF43A65D-7FD3-4947-9873-3E8ED9C1BB05): 15
LogDevObjectVersion:   Dev-ReflectionCapture (6B266CEC-1EC7-4B8F-A30B-E4D90942FC07): 1
LogDevObjectVersion:   Dev-Automation (0DF73D61-A23F-47EA-B727-89E90C41499A): 1
LogDevObjectVersion:   FortniteMain (601D1886-AC64-4F84-AA16-D3DE0DEAC7D6): 47
LogDevObjectVersion:   FortniteRelease (E7086368-6B23-4C58-8439-1B7016265E91): 1
LogDevObjectVersion:   Dev-Enterprise (9DFFBCD6-494F-0158-E221-12823C92A888): 10
LogDevObjectVersion:   Dev-Niagara (F2AED0AC-9AFE-416F-8664-AA7FFA26D6FC): 1
LogDevObjectVersion:   Dev-Destruction (174F1F0B-B4C6-45A5-B13F-2EE8D0FB917D): 10
LogDevObjectVersion:   Dev-Physics-Ext (35F94A83-E258-406C-A318-09F59610247C): 41
LogDevObjectVersion:   Dev-PhysicsMaterial-Chaos (B68FC16E-8B1B-42E2-B453-215C058844FE): 1
LogDevObjectVersion:   Dev-CineCamera (B2E18506-4273-CFC2-A54E-F4BB758BBA07): 1
LogDevObjectVersion:   Dev-VirtualProduction (64F58936-FD1B-42BA-BA96-7289D5D0FA4E): 1
LogDevObjectVersion:   Dev-MediaFramework (6F0ED827-A609-4895-9C91-998D90180EA4): 2
LogInit: Presizing for max 25165824 objects, including 0 objects not considered by GC, pre-allocating 0 bytes for permanent pool.
LogConfig: Applying CVar settings from Section [/Script/Engine.StreamingSettings] File [C:/Users/Matth/Documents/UNI WORK/Actual Year 2/TechDemo4/MyProject2/Saved/Config/Windows/Engine.ini]
LogConfig: Setting CVar [[s.MinBulkDataSizeForAsyncLoading:131072]]
LogConfig: Setting CVar [[s.AsyncLoadingThreadEnabled:0]]
LogConfig: Setting CVar [[s.EventDrivenLoaderEnabled:1]]
LogConfig: Setting CVar [[s.WarnIfTimeLimitExceeded:0]]
LogConfig: Setting CVar [[s.TimeLimitExceededMultiplier:1.5]]
LogConfig: Setting CVar [[s.TimeLimitExceededMinTime:0.005]]
LogConfig: Setting CVar [[s.UseBackgroundLevelStreaming:1]]
LogConfig: Setting CVar [[s.PriorityAsyncLoadingExtraTime:15.0]]
LogConfig: Setting CVar [[s.LevelStreamingActorsUpdateTimeLimit:5.0]]
LogConfig: Setting CVar [[s.PriorityLevelStreamingActorsUpdateExtraTime:5.0]]
LogConfig: Setting CVar [[s.LevelStreamingComponentsRegistrationGranularity:10]]
LogConfig: Setting CVar [[s.UnregisterComponentsTimeLimit:1.0]]
LogConfig: Setting CVar [[s.LevelStreamingComponentsUnregistrationGranularity:5]]
LogConfig: Setting CVar [[s.FlushStreamingOnExit:1]]
LogInit: Object subsystem initialized
LogConfig: Setting CVar [[con.DebugEarlyDefault:1]]
LogConfig: Setting CVar [[r.setres:1280x720]]
[2024.01.05-17.39.05:234][  0]LogConfig: Setting CVar [[r.VSync:0]]
[2024.01.05-17.39.05:234][  0]LogConfig: Setting CVar [[r.RHICmdBypass:0]]
[2024.01.05-17.39.05:234][  0]LogConfig: Applying CVar settings from Section [/Script/Engine.RendererSettings] File [C:/Users/Matth/Documents/UNI WORK/Actual Year 2/TechDemo4/MyProject2/Saved/Config/Windows/Engine.ini]
[2024.01.05-17.39.05:234][  0]LogConfig: Setting CVar [[r.GPUCrashDebugging:0]]
[2024.01.05-17.39.05:234][  0]LogConfig: Applying CVar settings from Section [/Script/Engine.RendererOverrideSettings] File [C:/Users/Matth/Documents/UNI WORK/Actual Year 2/TechDemo4/MyProject2/Saved/Config/Windows/Engine.ini]
[2024.01.05-17.39.05:234][  0]LogConfig: Applying CVar settings from Section [/Script/Engine.StreamingSettings] File [C:/Users/Matth/Documents/UNI WORK/Actual Year 2/TechDemo4/MyProject2/Saved/Config/Windows/Engine.ini]
[2024.01.05-17.39.05:234][  0]LogConfig: Setting CVar [[s.MinBulkDataSizeForAsyncLoading:131072]]
[2024.01.05-17.39.05:234][  0]LogConfig: Setting CVar [[s.AsyncLoadingThreadEnabled:0]]
[2024.01.05-17.39.05:234][  0]LogConfig: Setting CVar [[s.EventDrivenLoaderEnabled:1]]
[2024.01.05-17.39.05:234][  0]LogConfig: Setting CVar [[s.WarnIfTimeLimitExceeded:0]]
[2024.01.05-17.39.05:234][  0]LogConfig: Setting CVar [[s.TimeLimitExceededMultiplier:1.5]]
[2024.01.05-17.39.05:234][  0]LogConfig: Setting CVar [[s.TimeLimitExceededMinTime:0.005]]
[2024.01.05-17.39.05:234][  0]LogConfig: Setting CVar [[s.UseBackgroundLevelStreaming:1]]
[2024.01.05-17.39.05:234][  0]LogConfig: Setting CVar [[s.PriorityAsyncLoadingExtraTime:15.0]]
[2024.01.05-17.39.05:234][  0]LogConfig: Setting CVar [[s.LevelStreamingActorsUpdateTimeLimit:5.0]]
[2024.01.05-17.39.05:234][  0]LogConfig: Setting CVar [[s.PriorityLevelStreamingActorsUpdateExtraTime:5.0]]
[2024.01.05-17.39.05:234][  0]LogConfig: Setting CVar [[s.LevelStreamingComponentsRegistrationGranularity:10]]
[2024.01.05-17.39.05:234][  0]LogConfig: Setting CVar [[s.UnregisterComponentsTimeLimit:1.0]]
[2024.01.05-17.39.05:235][  0]LogConfig: Setting CVar [[s.LevelStreamingComponentsUnregistrationGranularity:5]]
[2024.01.05-17.39.05:235][  0]LogConfig: Setting CVar [[s.FlushStreamingOnExit:1]]
[2024.01.05-17.39.05:235][  0]LogConfig: Applying CVar settings from Section [/Script/Engine.GarbageCollectionSettings] File [C:/Users/Matth/Documents/UNI WORK/Actual Year 2/TechDemo4/MyProject2/Saved/Config/Windows/Engine.ini]
[2024.01.05-17.39.05:235][  0]LogConfig: Setting CVar [[gc.MaxObjectsNotConsideredByGC:1]]
[2024.01.05-17.39.05:235][  0]LogConfig: Setting CVar [[gc.SizeOfPermanentObjectPool:0]]
[2024.01.05-17.39.05:235][  0]LogConfig: Setting CVar [[gc.FlushStreamingOnGC:0]]
[2024.01.05-17.39.05:235][  0]LogConfig: Setting CVar [[gc.NumRetriesBeforeForcingGC:10]]
[2024.01.05-17.39.05:235][  0]LogConfig: Setting CVar [[gc.AllowParallelGC:1]]
[2024.01.05-17.39.05:235][  0]LogConfig: Setting CVar [[gc.TimeBetweenPurgingPendingKillObjects:61.1]]
[2024.01.05-17.39.05:235][  0]LogConfig: Setting CVar [[gc.MaxObjectsInEditor:25165824]]
[2024.01.05-17.39.05:235][  0]LogConfig: Setting CVar [[gc.IncrementalBeginDestroyEnabled:1]]
[2024.01.05-17.39.05:235][  0]LogConfig: Setting CVar [[gc.CreateGCClusters:1]]
[2024.01.05-17.39.05:235][  0]LogConfig: Setting CVar [[gc.MinGCClusterSize:5]]
[2024.01.05-17.39.05:235][  0]LogConfig: Setting CVar [[gc.ActorClusteringEnabled:0]]
[2024.01.05-17.39.05:235][  0]LogConfig: Setting CVar [[gc.BlueprintClusteringEnabled:0]]
[2024.01.05-17.39.05:235][  0]LogConfig: Setting CVar [[gc.UseDisregardForGCOnDedicatedServers:0]]
[2024.01.05-17.39.05:235][  0]LogConfig: Setting CVar [[gc.MultithreadedDestructionEnabled:1]]
[2024.01.05-17.39.05:235][  0]LogConfig: Applying CVar settings from Section [/Script/Engine.NetworkSettings] File [C:/Users/Matth/Documents/UNI WORK/Actual Year 2/TechDemo4/MyProject2/Saved/Config/Windows/Engine.ini]
[2024.01.05-17.39.05:235][  0]LogConfig: Applying CVar settings from Section [/Script/UnrealEd.CookerSettings] File [C:/Users/Matth/Documents/UNI WORK/Actual Year 2/TechDemo4/MyProject2/Saved/Config/Windows/Engine.ini]
[2024.01.05-17.39.05:262][  0]LogConfig: Applying CVar settings from Section [ViewDistanceQuality@3] File [C:/Users/Matth/Documents/UNI WORK/Actual Year 2/TechDemo4/MyProject2/Saved/Config/Windows/Scalability.ini]
[2024.01.05-17.39.05:262][  0]LogConfig: Setting CVar [[r.SkeletalMeshLODBias:0]]
[2024.01.05-17.39.05:262][  0]LogConfig: Setting CVar [[r.ViewDistanceScale:1.0]]
[2024.01.05-17.39.05:262][  0]LogConfig: Applying CVar settings from Section [AntiAliasingQuality@3] File [C:/Users/Matth/Documents/UNI WORK/Actual Year 2/TechDemo4/MyProject2/Saved/Config/Windows/Scalability.ini]
[2024.01.05-17.39.05:263][  0]LogConfig: Setting CVar [[r.PostProcessAAQuality:4]]
[2024.01.05-17.39.05:263][  0]LogConfig: Applying CVar settings from Section [ShadowQuality@3] File [C:/Users/Matth/Documents/UNI WORK/Actual Year 2/TechDemo4/MyProject2/Saved/Config/Windows/Scalability.ini]
[2024.01.05-17.39.05:263][  0]LogConfig: Setting CVar [[r.LightFunctionQuality:1]]
[2024.01.05-17.39.05:263][  0]LogConfig: Setting CVar [[r.ShadowQuality:5]]
[2024.01.05-17.39.05:263][  0]LogConfig: Setting CVar [[r.Shadow.CSM.MaxCascades:10]]
[2024.01.05-17.39.05:263][  0]LogConfig: Setting CVar [[r.Shadow.MaxResolution:2048]]
[2024.01.05-17.39.05:263][  0]LogConfig: Setting CVar [[r.Shadow.MaxCSMResolution:2048]]
[2024.01.05-17.39.05:263][  0]LogConfig: Setting CVar [[r.Shadow.RadiusThreshold:0.01]]
[2024.01.05-17.39.05:263][  0]LogConfig: Setting CVar [[r.Shadow.DistanceScale:1.0]]
[2024.01.05-17.39.05:263][  0]LogConfig: Setting CVar [[r.Shadow.CSM.TransitionScale:1.0]]
[2024.01.05-17.39.05:263][  0]LogConfig: Setting CVar [[r.Shadow.PreShadowResolutionFactor:1.0]]
[2024.01.05-17.39.05:263][  0]LogConfig: Setting CVar [[r.DistanceFieldShadowing:1]]
[2024.01.05-17.39.05:263][  0]LogConfig: Setting CVar [[r.DistanceFieldAO:1]]
[2024.01.05-17.39.05:263][  0]LogConfig: Setting CVar [[r.AOQuality:2]]
[2024.01.05-17.39.05:263][  0]LogConfig: Setting CVar [[r.VolumetricFog:1]]
[2024.01.05-17.39.05:263][  0]LogConfig: Setting CVar [[r.VolumetricFog.GridPixelSize:8]]
[2024.01.05-17.39.05:263][  0]LogConfig: Setting CVar [[r.VolumetricFog.GridSizeZ:128]]
[2024.01.05-17.39.05:263][  0]LogConfig: Setting CVar [[r.VolumetricFog.HistoryMissSupersampleCount:4]]
[2024.01.05-17.39.05:263][  0]LogConfig: Setting CVar [[r.LightMaxDrawDistanceScale:1]]
[2024.01.05-17.39.05:263][  0]LogConfig: Setting CVar [[r.CapsuleShadows:1]]
[2024.01.05-17.39.05:264][  0]LogConfig: Applying CVar settings from Section [PostProcessQuality@3] File [C:/Users/Matth/Documents/UNI WORK/Actual Year 2/TechDemo4/MyProject2/Saved/Config/Windows/Scalability.ini]
[2024.01.05-17.39.05:264][  0]LogConfig: Setting CVar [[r.MotionBlurQuality:4]]
[2024.01.05-17.39.05:264][  0]LogConfig: Setting CVar [[r.AmbientOcclusionMipLevelFactor:0.4]]
[2024.01.05-17.39.05:264][  0]LogConfig: Setting CVar [[r.AmbientOcclusionMaxQuality:100]]
[2024.01.05-17.39.05:264][  0]LogConfig: Setting CVar [[r.AmbientOcclusionLevels:-1]]
[2024.01.05-17.39.05:264][  0]LogConfig: Setting CVar [[r.AmbientOcclusionRadiusScale:1.0]]
[2024.01.05-17.39.05:264][  0]LogConfig: Setting CVar [[r.DepthOfFieldQuality:2]]
[2024.01.05-17.39.05:264][  0]LogConfig: Setting CVar [[r.RenderTargetPoolMin:400]]
[2024.01.05-17.39.05:264][  0]LogConfig: Setting CVar [[r.LensFlareQuality:2]]
[2024.01.05-17.39.05:264][  0]LogConfig: Setting CVar [[r.SceneColorFringeQuality:1]]
[2024.01.05-17.39.05:264][  0]LogConfig: Setting CVar [[r.EyeAdaptationQuality:2]]
[2024.01.05-17.39.05:264][  0]LogConfig: Setting CVar [[r.BloomQuality:5]]
[2024.01.05-17.39.05:264][  0]LogConfig: Setting CVar [[r.FastBlurThreshold:100]]
[2024.01.05-17.39.05:264][  0]LogConfig: Setting CVar [[r.Upscale.Quality:3]]
[2024.01.05-17.39.05:264][  0]LogConfig: Setting CVar [[r.Tonemapper.GrainQuantization:1]]
[2024.01.05-17.39.05:264][  0]LogConfig: Setting CVar [[r.LightShaftQuality:1]]
[2024.01.05-17.39.05:264][  0]LogConfig: Setting CVar [[r.Filter.SizeScale:1]]
[2024.01.05-17.39.05:264][  0]LogConfig: Setting CVar [[r.Tonemapper.Quality:5]]
[2024.01.05-17.39.05:264][  0]LogConfig: Setting CVar [[r.DOF.Gather.AccumulatorQuality:1        ; higher gathering accumulator quality]]
[2024.01.05-17.39.05:264][  0]LogConfig: Setting CVar [[r.DOF.Gather.PostfilterMethod:1          ; Median3x3 postfilering method]]
[2024.01.05-17.39.05:265][  0]LogConfig: Setting CVar [[r.DOF.Gather.EnableBokehSettings:0       ; no bokeh simulation when gathering]]
[2024.01.05-17.39.05:265][  0]LogConfig: Setting CVar [[r.DOF.Gather.RingCount:4                 ; medium number of samples when gathering]]
[2024.01.05-17.39.05:265][  0]LogConfig: Setting CVar [[r.DOF.Scatter.ForegroundCompositing:1    ; additive foreground scattering]]
[2024.01.05-17.39.05:265][  0]LogConfig: Setting CVar [[r.DOF.Scatter.BackgroundCompositing:2    ; additive background scattering]]
[2024.01.05-17.39.05:265][  0]LogConfig: Setting CVar [[r.DOF.Scatter.EnableBokehSettings:1      ; bokeh simulation when scattering]]
[2024.01.05-17.39.05:265][  0]LogConfig: Setting CVar [[r.DOF.Scatter.MaxSpriteRatio:0.1         ; only a maximum of 10% of scattered bokeh]]
[2024.01.05-17.39.05:265][  0]LogConfig: Setting CVar [[r.DOF.Recombine.Quality:1                ; cheap slight out of focus]]
[2024.01.05-17.39.05:265][  0]LogConfig: Setting CVar [[r.DOF.Recombine.EnableBokehSettings:0    ; no bokeh simulation on slight out of focus]]
[2024.01.05-17.39.05:265][  0]LogConfig: Setting CVar [[r.DOF.TemporalAAQuality:1                ; more stable temporal accumulation]]
[2024.01.05-17.39.05:265][  0]LogConfig: Setting CVar [[r.DOF.Kernel.MaxForegroundRadius:0.025]]
[2024.01.05-17.39.05:265][  0]LogConfig: Setting CVar [[r.DOF.Kernel.MaxBackgroundRadius:0.025]]
[2024.01.05-17.39.05:265][  0]LogConfig: Applying CVar settings from Section [TextureQuality@3] File [C:/Users/Matth/Documents/UNI WORK/Actual Year 2/TechDemo4/MyProject2/Saved/Config/Windows/Scalability.ini]
[2024.01.05-17.39.05:265][  0]LogConfig: Setting CVar [[r.Streaming.MipBias:0]]
[2024.01.05-17.39.05:265][  0]LogConfig: Setting CVar [[r.Streaming.AmortizeCPUToGPUCopy:0]]
[2024.01.05-17.39.05:265][  0]LogConfig: Setting CVar [[r.Streaming.MaxNumTexturesToStreamPerFrame:0]]
[2024.01.05-17.39.05:265][  0]LogConfig: Setting CVar [[r.Streaming.Boost:1]]
[2024.01.05-17.39.05:265][  0]LogConfig: Setting CVar [[r.MaxAnisotropy:8]]
[2024.01.05-17.39.05:265][  0]LogConfig: Setting CVar [[r.VT.MaxAnisotropy:8]]
[2024.01.05-17.39.05:265][  0]LogConfig: Setting CVar [[r.Streaming.LimitPoolSizeToVRAM:0]]
[2024.01.05-17.39.05:265][  0]LogConfig: Setting CVar [[r.Streaming.PoolSize:1000]]
[2024.01.05-17.39.05:265][  0]LogConfig: Setting CVar [[r.Streaming.MaxEffectiveScreenSize:0]]
[2024.01.05-17.39.05:265][  0]LogConfig: Applying CVar settings from Section [EffectsQuality@3] File [C:/Users/Matth/Documents/UNI WORK/Actual Year 2/TechDemo4/MyProject2/Saved/Config/Windows/Scalability.ini]
[2024.01.05-17.39.05:266][  0]LogConfig: Setting CVar [[r.TranslucencyLightingVolumeDim:64]]
[2024.01.05-17.39.05:266][  0]LogConfig: Setting CVar [[r.RefractionQuality:2]]
[2024.01.05-17.39.05:266][  0]LogConfig: Setting CVar [[r.SSR.Quality:3]]
[2024.01.05-17.39.05:266][  0]LogConfig: Setting CVar [[r.SSR.HalfResSceneColor:0]]
[2024.01.05-17.39.05:266][  0]LogConfig: Setting CVar [[r.SceneColorFormat:4]]
[2024.01.05-17.39.05:266][  0]LogConfig: Setting CVar [[r.DetailMode:2]]
[2024.01.05-17.39.05:266][  0]LogConfig: Setting CVar [[r.TranslucencyVolumeBlur:1]]
[2024.01.05-17.39.05:266][  0]LogConfig: Setting CVar [[r.MaterialQualityLevel:1 ; High quality]]
[2024.01.05-17.39.05:266][  0]LogConfig: Setting CVar [[r.AnisotropicMaterials:1]]
[2024.01.05-17.39.05:266][  0]LogConfig: Setting CVar [[r.SSS.Scale:1]]
[2024.01.05-17.39.05:266][  0]LogConfig: Setting CVar [[r.SSS.SampleSet:2]]
[2024.01.05-17.39.05:266][  0]LogConfig: Setting CVar [[r.SSS.Quality:1]]
[2024.01.05-17.39.05:266][  0]LogConfig: Setting CVar [[r.SSS.HalfRes:0]]
[2024.01.05-17.39.05:266][  0]LogConfig: Setting CVar [[r.SSGI.Quality:3]]
[2024.01.05-17.39.05:266][  0]LogConfig: Setting CVar [[r.EmitterSpawnRateScale:1.0]]
[2024.01.05-17.39.05:266][  0]LogConfig: Setting CVar [[r.ParticleLightQuality:2]]
[2024.01.05-17.39.05:266][  0]LogConfig: Setting CVar [[r.SkyAtmosphere.AerialPerspectiveLUT.FastApplyOnOpaque:1 ; Always have FastSkyLUT 1 in this case to avoid wrong sky]]
[2024.01.05-17.39.05:266][  0]LogConfig: Setting CVar [[r.SkyAtmosphere.AerialPerspectiveLUT.SampleCountMaxPerSlice:4]]
[2024.01.05-17.39.05:266][  0]LogConfig: Setting CVar [[r.SkyAtmosphere.AerialPerspectiveLUT.DepthResolution:16.0]]
[2024.01.05-17.39.05:266][  0]LogConfig: Setting CVar [[r.SkyAtmosphere.FastSkyLUT:1]]
[2024.01.05-17.39.05:266][  0]LogConfig: Setting CVar [[r.SkyAtmosphere.FastSkyLUT.SampleCountMin:4.0]]
[2024.01.05-17.39.05:266][  0]LogConfig: Setting CVar [[r.SkyAtmosphere.FastSkyLUT.SampleCountMax:128.0]]
[2024.01.05-17.39.05:266][  0]LogConfig: Setting CVar [[r.SkyAtmosphere.SampleCountMin:4.0]]
[2024.01.05-17.39.05:266][  0]LogConfig: Setting CVar [[r.SkyAtmosphere.SampleCountMax:128.0]]
[2024.01.05-17.39.05:267][  0]LogConfig: Setting CVar [[r.SkyAtmosphere.TransmittanceLUT.UseSmallFormat:0]]
[2024.01.05-17.39.05:267][  0]LogConfig: Setting CVar [[r.SkyAtmosphere.TransmittanceLUT.SampleCount:10.0]]
[2024.01.05-17.39.05:267][  0]LogConfig: Setting CVar [[r.SkyAtmosphere.MultiScatteringLUT.SampleCount:15.0]]
[2024.01.05-17.39.05:267][  0]LogConfig: Setting CVar [[r.SkyLight.RealTimeReflectionCapture:1]]
[2024.01.05-17.39.05:267][  0]LogConfig: Applying CVar settings from Section [FoliageQuality@3] File [C:/Users/Matth/Documents/UNI WORK/Actual Year 2/TechDemo4/MyProject2/Saved/Config/Windows/Scalability.ini]
[2024.01.05-17.39.05:267][  0]LogConfig: Setting CVar [[foliage.DensityScale:1.0]]
[2024.01.05-17.39.05:267][  0]LogConfig: Setting CVar [[grass.DensityScale:1.0]]
[2024.01.05-17.39.05:267][  0]LogConfig: Applying CVar settings from Section [ShadingQuality@3] File [C:/Users/Matth/Documents/UNI WORK/Actual Year 2/TechDemo4/MyProject2/Saved/Config/Windows/Scalability.ini]
[2024.01.05-17.39.05:267][  0]LogConfig: Setting CVar [[r.HairStrands.SkyLighting.IntegrationType:2]]
[2024.01.05-17.39.05:267][  0]LogConfig: Setting CVar [[r.HairStrands.SkyAO.SampleCount:4]]
[2024.01.05-17.39.05:267][  0]LogConfig: Setting CVar [[r.HairStrands.Visibility.MSAA.SamplePerPixel:4]]
[2024.01.05-17.39.05:267][  0]LogInit: Selected Device Profile: [Windows]
[2024.01.05-17.39.05:267][  0]LogInit: Applying CVar settings loaded from the selected device profile: [Windows]
[2024.01.05-17.39.05:267][  0]LogHAL: Display: Platform has ~ 32 GB [34245427200 / 34359738368 / 32], which maps to Largest [LargestMinGB=32, LargerMinGB=12, DefaultMinGB=8, SmallerMinGB=6, SmallestMinGB=0)
[2024.01.05-17.39.05:267][  0]LogInit: Going up to parent DeviceProfile []
[2024.01.05-17.39.05:267][  0]LogConfig: Applying CVar settings from Section [ViewDistanceQuality@3] File [C:/Users/Matth/Documents/UNI WORK/Actual Year 2/TechDemo4/MyProject2/Saved/Config/Windows/Scalability.ini]
[2024.01.05-17.39.05:267][  0]LogConfig: Setting CVar [[r.SkeletalMeshLODBias:0]]
[2024.01.05-17.39.05:267][  0]LogConfig: Setting CVar [[r.ViewDistanceScale:1.0]]
[2024.01.05-17.39.05:267][  0]LogConfig: Applying CVar settings from Section [AntiAliasingQuality@3] File [C:/Users/Matth/Documents/UNI WORK/Actual Year 2/TechDemo4/MyProject2/Saved/Config/Windows/Scalability.ini]
[2024.01.05-17.39.05:267][  0]LogConfig: Setting CVar [[r.PostProcessAAQuality:4]]
[2024.01.05-17.39.05:267][  0]LogConfig: Applying CVar settings from Section [ShadowQuality@3] File [C:/Users/Matth/Documents/UNI WORK/Actual Year 2/TechDemo4/MyProject2/Saved/Config/Windows/Scalability.ini]
[2024.01.05-17.39.05:268][  0]LogConfig: Setting CVar [[r.LightFunctionQuality:1]]
[2024.01.05-17.39.05:268][  0]LogConfig: Setting CVar [[r.ShadowQuality:5]]
[2024.01.05-17.39.05:268][  0]LogConfig: Setting CVar [[r.Shadow.CSM.MaxCascades:10]]
[2024.01.05-17.39.05:268][  0]LogConfig: Setting CVar [[r.Shadow.MaxResolution:2048]]
[2024.01.05-17.39.05:268][  0]LogConfig: Setting CVar [[r.Shadow.MaxCSMResolution:2048]]
[2024.01.05-17.39.05:268][  0]LogConfig: Setting CVar [[r.Shadow.RadiusThreshold:0.01]]
[2024.01.05-17.39.05:268][  0]LogConfig: Setting CVar [[r.Shadow.DistanceScale:1.0]]
[2024.01.05-17.39.05:268][  0]LogConfig: Setting CVar [[r.Shadow.CSM.TransitionScale:1.0]]
[2024.01.05-17.39.05:268][  0]LogConfig: Setting CVar [[r.Shadow.PreShadowResolutionFactor:1.0]]
[2024.01.05-17.39.05:268][  0]LogConfig: Setting CVar [[r.DistanceFieldShadowing:1]]
[2024.01.05-17.39.05:268][  0]LogConfig: Setting CVar [[r.DistanceFieldAO:1]]
[2024.01.05-17.39.05:268][  0]LogConfig: Setting CVar [[r.AOQuality:2]]
[2024.01.05-17.39.05:268][  0]LogConfig: Setting CVar [[r.VolumetricFog:1]]
[2024.01.05-17.39.05:268][  0]LogConfig: Setting CVar [[r.VolumetricFog.GridPixelSize:8]]
[2024.01.05-17.39.05:268][  0]LogConfig: Setting CVar [[r.VolumetricFog.GridSizeZ:128]]
[2024.01.05-17.39.05:268][  0]LogConfig: Setting CVar [[r.VolumetricFog.HistoryMissSupersampleCount:4]]
[2024.01.05-17.39.05:268][  0]LogConfig: Setting CVar [[r.LightMaxDrawDistanceScale:1]]
[2024.01.05-17.39.05:268][  0]LogConfig: Setting CVar [[r.CapsuleShadows:1]]
[2024.01.05-17.39.05:268][  0]LogConfig: Applying CVar settings from Section [PostProcessQuality@3] File [C:/Users/Matth/Documents/UNI WORK/Actual Year 2/TechDemo4/MyProject2/Saved/Config/Windows/Scalability.ini]
[2024.01.05-17.39.05:268][  0]LogConfig: Setting CVar [[r.MotionBlurQuality:4]]
[2024.01.05-17.39.05:268][  0]LogConfig: Setting CVar [[r.AmbientOcclusionMipLevelFactor:0.4]]
[2024.01.05-17.39.05:268][  0]LogConfig: Setting CVar [[r.AmbientOcclusionMaxQuality:100]]
[2024.01.05-17.39.05:268][  0]LogConfig: Setting CVar [[r.AmbientOcclusionLevels:-1]]
[2024.01.05-17.39.05:269][  0]LogConfig: Setting CVar [[r.AmbientOcclusionRadiusScale:1.0]]
[2024.01.05-17.39.05:269][  0]LogConfig: Setting CVar [[r.DepthOfFieldQuality:2]]
[2024.01.05-17.39.05:269][  0]LogConfig: Setting CVar [[r.RenderTargetPoolMin:400]]
[2024.01.05-17.39.05:269][  0]LogConfig: Setting CVar [[r.LensFlareQuality:2]]
[2024.01.05-17.39.05:269][  0]LogConfig: Setting CVar [[r.SceneColorFringeQuality:1]]
[2024.01.05-17.39.05:269][  0]LogConfig: Setting CVar [[r.EyeAdaptationQuality:2]]
[2024.01.05-17.39.05:269][  0]LogConfig: Setting CVar [[r.BloomQuality:5]]
[2024.01.05-17.39.05:269][  0]LogConfig: Setting CVar [[r.FastBlurThreshold:100]]
[2024.01.05-17.39.05:269][  0]LogConfig: Setting CVar [[r.Upscale.Quality:3]]
[2024.01.05-17.39.05:269][  0]LogConfig: Setting CVar [[r.Tonemapper.GrainQuantization:1]]
[2024.01.05-17.39.05:269][  0]LogConfig: Setting CVar [[r.LightShaftQuality:1]]
[2024.01.05-17.39.05:269][  0]LogConfig: Setting CVar [[r.Filter.SizeScale:1]]
[2024.01.05-17.39.05:269][  0]LogConfig: Setting CVar [[r.Tonemapper.Quality:5]]
[2024.01.05-17.39.05:269][  0]LogConfig: Setting CVar [[r.DOF.Gather.AccumulatorQuality:1        ; higher gathering accumulator quality]]
[2024.01.05-17.39.05:269][  0]LogConfig: Setting CVar [[r.DOF.Gather.PostfilterMethod:1          ; Median3x3 postfilering method]]
[2024.01.05-17.39.05:269][  0]LogConfig: Setting CVar [[r.DOF.Gather.EnableBokehSettings:0       ; no bokeh simulation when gathering]]
[2024.01.05-17.39.05:269][  0]LogConfig: Setting CVar [[r.DOF.Gather.RingCount:4                 ; medium number of samples when gathering]]
[2024.01.05-17.39.05:269][  0]LogConfig: Setting CVar [[r.DOF.Scatter.ForegroundCompositing:1    ; additive foreground scattering]]
[2024.01.05-17.39.05:269][  0]LogConfig: Setting CVar [[r.DOF.Scatter.BackgroundCompositing:2    ; additive background scattering]]
[2024.01.05-17.39.05:269][  0]LogConfig: Setting CVar [[r.DOF.Scatter.EnableBokehSettings:1      ; bokeh simulation when scattering]]
[2024.01.05-17.39.05:269][  0]LogConfig: Setting CVar [[r.DOF.Scatter.MaxSpriteRatio:0.1         ; only a maximum of 10% of scattered bokeh]]
[2024.01.05-17.39.05:269][  0]LogConfig: Setting CVar [[r.DOF.Recombine.Quality:1                ; cheap slight out of focus]]
[2024.01.05-17.39.05:270][  0]LogConfig: Setting CVar [[r.DOF.Recombine.EnableBokehSettings:0    ; no bokeh simulation on slight out of focus]]
[2024.01.05-17.39.05:270][  0]LogConfig: Setting CVar [[r.DOF.TemporalAAQuality:1                ; more stable temporal accumulation]]
[2024.01.05-17.39.05:270][  0]LogConfig: Setting CVar [[r.DOF.Kernel.MaxForegroundRadius:0.025]]
[2024.01.05-17.39.05:270][  0]LogConfig: Setting CVar [[r.DOF.Kernel.MaxBackgroundRadius:0.025]]
[2024.01.05-17.39.05:270][  0]LogConfig: Applying CVar settings from Section [TextureQuality@3] File [C:/Users/Matth/Documents/UNI WORK/Actual Year 2/TechDemo4/MyProject2/Saved/Config/Windows/Scalability.ini]
[2024.01.05-17.39.05:270][  0]LogConfig: Setting CVar [[r.Streaming.MipBias:0]]
[2024.01.05-17.39.05:270][  0]LogConfig: Setting CVar [[r.Streaming.AmortizeCPUToGPUCopy:0]]
[2024.01.05-17.39.05:270][  0]LogConfig: Setting CVar [[r.Streaming.MaxNumTexturesToStreamPerFrame:0]]
[2024.01.05-17.39.05:270][  0]LogConfig: Setting CVar [[r.Streaming.Boost:1]]
[2024.01.05-17.39.05:270][  0]LogConfig: Setting CVar [[r.MaxAnisotropy:8]]
[2024.01.05-17.39.05:270][  0]LogConfig: Setting CVar [[r.VT.MaxAnisotropy:8]]
[2024.01.05-17.39.05:270][  0]LogConfig: Setting CVar [[r.Streaming.LimitPoolSizeToVRAM:0]]
[2024.01.05-17.39.05:270][  0]LogConfig: Setting CVar [[r.Streaming.PoolSize:1000]]
[2024.01.05-17.39.05:270][  0]LogConfig: Setting CVar [[r.Streaming.MaxEffectiveScreenSize:0]]
[2024.01.05-17.39.05:270][  0]LogConfig: Applying CVar settings from Section [EffectsQuality@3] File [C:/Users/Matth/Documents/UNI WORK/Actual Year 2/TechDemo4/MyProject2/Saved/Config/Windows/Scalability.ini]
[2024.01.05-17.39.05:270][  0]LogConfig: Setting CVar [[r.TranslucencyLightingVolumeDim:64]]
[2024.01.05-17.39.05:270][  0]LogConfig: Setting CVar [[r.RefractionQuality:2]]
[2024.01.05-17.39.05:270][  0]LogConfig: Setting CVar [[r.SSR.Quality:3]]
[2024.01.05-17.39.05:270][  0]LogConfig: Setting CVar [[r.SSR.HalfResSceneColor:0]]
[2024.01.05-17.39.05:270][  0]LogConfig: Setting CVar [[r.SceneColorFormat:4]]
[2024.01.05-17.39.05:270][  0]LogConfig: Setting CVar [[r.DetailMode:2]]
[2024.01.05-17.39.05:270][  0]LogConfig: Setting CVar [[r.TranslucencyVolumeBlur:1]]
[2024.01.05-17.39.05:270][  0]LogConfig: Setting CVar [[r.MaterialQualityLevel:1 ; High quality]]
[2024.01.05-17.39.05:270][  0]LogConfig: Setting CVar [[r.AnisotropicMaterials:1]]
[2024.01.05-17.39.05:270][  0]LogConfig: Setting CVar [[r.SSS.Scale:1]]
[2024.01.05-17.39.05:271][  0]LogConfig: Setting CVar [[r.SSS.SampleSet:2]]
[2024.01.05-17.39.05:271][  0]LogConfig: Setting CVar [[r.SSS.Quality:1]]
[2024.01.05-17.39.05:271][  0]LogConfig: Setting CVar [[r.SSS.HalfRes:0]]
[2024.01.05-17.39.05:271][  0]LogConfig: Setting CVar [[r.SSGI.Quality:3]]
[2024.01.05-17.39.05:271][  0]LogConfig: Setting CVar [[r.EmitterSpawnRateScale:1.0]]
[2024.01.05-17.39.05:271][  0]LogConfig: Setting CVar [[r.ParticleLightQuality:2]]
[2024.01.05-17.39.05:271][  0]LogConfig: Setting CVar [[r.SkyAtmosphere.AerialPerspectiveLUT.FastApplyOnOpaque:1 ; Always have FastSkyLUT 1 in this case to avoid wrong sky]]
[2024.01.05-17.39.05:271][  0]LogConfig: Setting CVar [[r.SkyAtmosphere.AerialPerspectiveLUT.SampleCountMaxPerSlice:4]]
[2024.01.05-17.39.05:271][  0]LogConfig: Setting CVar [[r.SkyAtmosphere.AerialPerspectiveLUT.DepthResolution:16.0]]
[2024.01.05-17.39.05:271][  0]LogConfig: Setting CVar [[r.SkyAtmosphere.FastSkyLUT:1]]
[2024.01.05-17.39.05:271][  0]LogConfig: Setting CVar [[r.SkyAtmosphere.FastSkyLUT.SampleCountMin:4.0]]
[2024.01.05-17.39.05:271][  0]LogConfig: Setting CVar [[r.SkyAtmosphere.FastSkyLUT.SampleCountMax:128.0]]
[2024.01.05-17.39.05:271][  0]LogConfig: Setting CVar [[r.SkyAtmosphere.SampleCountMin:4.0]]
[2024.01.05-17.39.05:271][  0]LogConfig: Setting CVar [[r.SkyAtmosphere.SampleCountMax:128.0]]
[2024.01.05-17.39.05:271][  0]LogConfig: Setting CVar [[r.SkyAtmosphere.TransmittanceLUT.UseSmallFormat:0]]
[2024.01.05-17.39.05:271][  0]LogConfig: Setting CVar [[r.SkyAtmosphere.TransmittanceLUT.SampleCount:10.0]]
[2024.01.05-17.39.05:271][  0]LogConfig: Setting CVar [[r.SkyAtmosphere.MultiScatteringLUT.SampleCount:15.0]]
[2024.01.05-17.39.05:271][  0]LogConfig: Setting CVar [[r.SkyLight.RealTimeReflectionCapture:1]]
[2024.01.05-17.39.05:271][  0]LogConfig: Applying CVar settings from Section [FoliageQuality@3] File [C:/Users/Matth/Documents/UNI WORK/Actual Year 2/TechDemo4/MyProject2/Saved/Config/Windows/Scalability.ini]
[2024.01.05-17.39.05:271][  0]LogConfig: Setting CVar [[foliage.DensityScale:1.0]]
[2024.01.05-17.39.05:271][  0]LogConfig: Setting CVar [[grass.DensityScale:1.0]]
[2024.01.05-17.39.05:271][  0]LogConfig: Applying CVar settings from Section [ShadingQuality@3] File [C:/Users/Matth/Documents/UNI WORK/Actual Year 2/TechDemo4/MyProject2/Saved/Config/Windows/Scalability.ini]
[2024.01.05-17.39.05:271][  0]LogConfig: Setting CVar [[r.HairStrands.SkyLighting.IntegrationType:2]]
[2024.01.05-17.39.05:272][  0]LogConfig: Setting CVar [[r.HairStrands.SkyAO.SampleCount:4]]
[2024.01.05-17.39.05:272][  0]LogConfig: Setting CVar [[r.HairStrands.Visibility.MSAA.SamplePerPixel:4]]
[2024.01.05-17.39.05:272][  0]LogConfig: Applying CVar settings from Section [Startup] File [../../../Engine/Config/ConsoleVariables.ini]
[2024.01.05-17.39.05:272][  0]LogConfig: Setting CVar [[net.UseAdaptiveNetUpdateFrequency:0]]
[2024.01.05-17.39.05:272][  0]LogConfig: Setting CVar [[p.chaos.AllowCreatePhysxBodies:1]]
[2024.01.05-17.39.05:272][  0]LogConfig: Setting CVar [[fx.SkipVectorVMBackendOptimizations:1]]
[2024.01.05-17.39.05:272][  0]LogConfig: Applying CVar settings from Section [ConsoleVariables] File [C:/Users/Matth/Documents/UNI WORK/Actual Year 2/TechDemo4/MyProject2/Saved/Config/Windows/Engine.ini]
[2024.01.05-17.39.05:272][  0]LogConfig: Applying CVar settings from Section [ConsoleVariables] File [C:/Users/Matth/Documents/UNI WORK/Actual Year 2/TechDemo4/MyProject2/Saved/Config/Windows/Editor.ini]
[2024.01.05-17.39.05:272][  0]LogInit: Computer: DESKTOP-RSHUQME
[2024.01.05-17.39.05:272][  0]LogInit: User: Matth
[2024.01.05-17.39.05:272][  0]LogInit: CPU Page size=4096, Cores=6
[2024.01.05-17.39.05:272][  0]LogInit: High frequency timer resolution =10.000000 MHz
[2024.01.05-17.39.05:272][  0]LogMemory: Memory total: Physical=31.9GB (32GB approx)
[2024.01.05-17.39.05:272][  0]LogMemory: Platform Memory Stats for Windows
[2024.01.05-17.39.05:272][  0]LogMemory: Process Physical Memory: 143.75 MB used, 143.76 MB peak
[2024.01.05-17.39.05:273][  0]LogMemory: Process Virtual Memory: 125.79 MB used, 125.79 MB peak
[2024.01.05-17.39.05:273][  0]LogMemory: Physical Memory: 14981.65 MB used,  17677.33 MB free, 32658.98 MB total
[2024.01.05-17.39.05:273][  0]LogMemory: Virtual Memory: 134201936.00 MB used,  15793.16 MB free, 134217728.00 MB total
[2024.01.05-17.39.05:283][  0]LogWindows: WindowsPlatformFeatures enabled
[2024.01.05-17.39.05:432][  0]LogInit: Physics initialised using underlying interface: PhysX
[2024.01.05-17.39.05:433][  0]LogInit: Using OS detected language (en-GB).
[2024.01.05-17.39.05:433][  0]LogInit: Using OS detected locale (en-GB).
[2024.01.05-17.39.05:439][  0]LogTextLocalizationManager: No specific localization for 'en-GB' exists, so the 'en' localization will be used.
[2024.01.05-17.39.05:578][  0]LogInit: Setting process to per monitor DPI aware
[2024.01.05-17.39.05:614][  0]LogWindowsTextInputMethodSystem: Display: IME system deactivated.
[2024.01.05-17.39.05:635][  0]LogSlate: New Slate User Created.  User Index 0, Is Virtual User: 0
[2024.01.05-17.39.05:635][  0]LogSlate: Slate User Registered.  User Index 0, Is Virtual User: 0
[2024.01.05-17.39.05:759][  0]LogD3D11RHI: Loaded GFSDK_Aftermath_Lib.x64.dll
[2024.01.05-17.39.05:765][  0]LogHMD: Failed to initialize OpenVR with code 110
[2024.01.05-17.39.05:765][  0]LogD3D11RHI: D3D11 min allowed feature level: 11_0
[2024.01.05-17.39.05:765][  0]LogD3D11RHI: D3D11 max allowed feature level: 11_0
[2024.01.05-17.39.05:765][  0]LogD3D11RHI: D3D11 adapters:
[2024.01.05-17.39.05:917][  0]LogD3D11RHI:    0. 'NVIDIA GeForce RTX 2060' (Feature Level 11_0)
[2024.01.05-17.39.05:917][  0]LogD3D11RHI:       5968/0/16329 MB DedicatedVideo/DedicatedSystem/SharedSystem, Outputs:2, VendorId:0x10de
[2024.01.05-17.39.05:922][  0]LogD3D11RHI:    1. 'Microsoft Basic Render Driver' (Feature Level 11_0)
[2024.01.05-17.39.05:922][  0]LogD3D11RHI:       0/0/16329 MB DedicatedVideo/DedicatedSystem/SharedSystem, Outputs:0, VendorId:0x1414
[2024.01.05-17.39.05:922][  0]LogD3D11RHI: Chosen D3D11 Adapter:
[2024.01.05-17.39.05:922][  0]LogD3D11RHI:     Description : NVIDIA GeForce RTX 2060
[2024.01.05-17.39.05:922][  0]LogD3D11RHI:     VendorId    : 10de
[2024.01.05-17.39.05:922][  0]LogD3D11RHI:     DeviceId    : 1f08
[2024.01.05-17.39.05:922][  0]LogD3D11RHI:     SubSysId    : 452019da
[2024.01.05-17.39.05:922][  0]LogD3D11RHI:     Revision    : 00a1
[2024.01.05-17.39.05:922][  0]LogD3D11RHI:     DedicatedVideoMemory : 6257901568 bytes
[2024.01.05-17.39.05:923][  0]LogD3D11RHI:     DedicatedSystemMemory : 0 bytes
[2024.01.05-17.39.05:923][  0]LogD3D11RHI:     SharedSystemMemory : 17122713600 bytes
[2024.01.05-17.39.05:923][  0]LogD3D11RHI:     AdapterLuid : 0 54841
[2024.01.05-17.39.05:927][  0]LogD3D11RHI: Creating new Direct3DDevice
[2024.01.05-17.39.05:927][  0]LogD3D11RHI:     GPU DeviceId: 0x1f08 (for the marketing name, search the web for "GPU Device Id")
[2024.01.05-17.39.05:927][  0]LogWindows: EnumDisplayDevices:
[2024.01.05-17.39.05:927][  0]LogWindows:    0. 'NVIDIA GeForce RTX 2060' (P:1 D:1)
[2024.01.05-17.39.05:928][  0]LogWindows:    1. 'NVIDIA GeForce RTX 2060' (P:0 D:1)
[2024.01.05-17.39.05:928][  0]LogWindows:    2. 'NVIDIA GeForce RTX 2060' (P:0 D:0)
[2024.01.05-17.39.05:928][  0]LogWindows:    3. 'NVIDIA GeForce RTX 2060' (P:0 D:0)
[2024.01.05-17.39.05:928][  0]LogWindows: DebugString: FoundDriverCount:4 
[2024.01.05-17.39.05:928][  0]LogD3D11RHI:     Adapter Name: NVIDIA GeForce RTX 2060
[2024.01.05-17.39.05:928][  0]LogD3D11RHI:   Driver Version: 536.23 (internal:31.0.15.3623, unified:536.23)
[2024.01.05-17.39.05:928][  0]LogD3D11RHI:      Driver Date: 6-8-2023
[2024.01.05-17.39.05:928][  0]LogRHI: Texture pool is 4177 MB (70% of 5968 MB)
[2024.01.05-17.39.05:928][  0]LogD3D11RHI: Creating D3DDevice using adapter:
[2024.01.05-17.39.05:929][  0]LogD3D11RHI:     Description : NVIDIA GeForce RTX 2060
[2024.01.05-17.39.05:929][  0]LogD3D11RHI:     VendorId    : 10de
[2024.01.05-17.39.05:929][  0]LogD3D11RHI:     DeviceId    : 1f08
[2024.01.05-17.39.05:929][  0]LogD3D11RHI:     SubSysId    : 452019da
[2024.01.05-17.39.05:929][  0]LogD3D11RHI:     Revision    : 00a1
[2024.01.05-17.39.05:929][  0]LogD3D11RHI:     DedicatedVideoMemory : 6257901568 bytes
[2024.01.05-17.39.05:929][  0]LogD3D11RHI:     DedicatedSystemMemory : 0 bytes
[2024.01.05-17.39.05:929][  0]LogD3D11RHI:     SharedSystemMemory : 17122713600 bytes
[2024.01.05-17.39.05:929][  0]LogD3D11RHI:     AdapterLuid : 0 54841
[2024.01.05-17.39.06:014][  0]LogD3D11RHI: RHI has support for 64 bit atomics
[2024.01.05-17.39.06:015][  0]LogD3D11RHI: Async texture creation enabled
[2024.01.05-17.39.06:015][  0]LogD3D11RHI: Array index from any shader is supported
[2024.01.05-17.39.06:016][  0]LogD3D11RHI: HDR output is supported on display 0 (NvId: 0x80061082).
[2024.01.05-17.39.06:037][  0]LogD3D11RHI: GPU Timing Frequency: 1000.000000 (Debug: 2 2)
[2024.01.05-17.39.06:089][  0]LogRHI: GeForceNow SDK initialized: 1
[2024.01.05-17.39.06:326][  0]LogTargetPlatformManager: Display: Loaded TargetPlatform 'AllDesktop'
[2024.01.05-17.39.06:347][  0]LogTargetPlatformManager: Display: Loaded TargetPlatform 'Android'
[2024.01.05-17.39.06:348][  0]LogTargetPlatformManager: Display: Loaded TargetPlatform 'Android_ASTC'
[2024.01.05-17.39.06:348][  0]LogTargetPlatformManager: Display: Loaded TargetPlatform 'Android_DXT'
[2024.01.05-17.39.06:348][  0]LogTargetPlatformManager: Display: Loaded TargetPlatform 'Android_ETC2'
[2024.01.05-17.39.06:348][  0]LogTargetPlatformManager: Display: Loaded TargetPlatform 'AndroidClient'
[2024.01.05-17.39.06:348][  0]LogTargetPlatformManager: Display: Loaded TargetPlatform 'Android_ASTCClient'
[2024.01.05-17.39.06:348][  0]LogTargetPlatformManager: Display: Loaded TargetPlatform 'Android_DXTClient'
[2024.01.05-17.39.06:348][  0]LogTargetPlatformManager: Display: Loaded TargetPlatform 'Android_ETC2Client'
[2024.01.05-17.39.06:348][  0]LogTargetPlatformManager: Display: Loaded TargetPlatform 'Android_Multi'
[2024.01.05-17.39.06:348][  0]LogTargetPlatformManager: Display: Loaded TargetPlatform 'Android_MultiClient'
[2024.01.05-17.39.06:378][  0]LogTargetPlatformManager: Display: Loaded TargetPlatform 'IOSClient'
[2024.01.05-17.39.06:378][  0]LogTargetPlatformManager: Display: Loaded TargetPlatform 'IOS'
[2024.01.05-17.39.06:391][  0]LogTargetPlatformManager: Display: Loaded TargetPlatform 'Linux'
[2024.01.05-17.39.06:400][  0]LogTargetPlatformManager: Display: Loaded TargetPlatform 'LinuxNoEditor'
[2024.01.05-17.39.06:409][  0]LogTargetPlatformManager: Display: Loaded TargetPlatform 'LinuxClient'
[2024.01.05-17.39.06:418][  0]LogTargetPlatformManager: Display: Loaded TargetPlatform 'LinuxServer'
[2024.01.05-17.39.06:431][  0]LogTargetPlatformManager: Display: Loaded TargetPlatform 'LinuxAArch64NoEditor'
[2024.01.05-17.39.06:440][  0]LogTargetPlatformManager: Display: Loaded TargetPlatform 'LinuxAArch64Client'
[2024.01.05-17.39.06:449][  0]LogTargetPlatformManager: Display: Loaded TargetPlatform 'LinuxAArch64Server'
[2024.01.05-17.39.06:475][  0]LogTargetPlatformManager: Display: Loaded TargetPlatform 'Lumin'
[2024.01.05-17.39.06:475][  0]LogTargetPlatformManager: Display: Loaded TargetPlatform 'LuminClient'
[2024.01.05-17.39.06:487][  0]LogTargetPlatformManager: Display: Loaded TargetPlatform 'MacNoEditor'
[2024.01.05-17.39.06:496][  0]LogTargetPlatformManager: Display: Loaded TargetPlatform 'Mac'
[2024.01.05-17.39.06:504][  0]LogTargetPlatformManager: Display: Loaded TargetPlatform 'MacClient'
[2024.01.05-17.39.06:512][  0]LogTargetPlatformManager: Display: Loaded TargetPlatform 'MacServer'
[2024.01.05-17.39.06:526][  0]LogTargetPlatformManager: Display: Loaded TargetPlatform 'TVOSClient'
[2024.01.05-17.39.06:526][  0]LogTargetPlatformManager: Display: Loaded TargetPlatform 'TVOS'
[2024.01.05-17.39.06:539][  0]LogTargetPlatformManager: Display: Loaded TargetPlatform 'WindowsNoEditor'
[2024.01.05-17.39.06:547][  0]LogTargetPlatformManager: Display: Loaded TargetPlatform 'Windows'
[2024.01.05-17.39.06:556][  0]LogTargetPlatformManager: Display: Loaded TargetPlatform 'WindowsClient'
[2024.01.05-17.39.06:564][  0]LogTargetPlatformManager: Display: Loaded TargetPlatform 'WindowsServer'
[2024.01.05-17.39.06:564][  0]LogTargetPlatformManager: Display: Building Assets For Windows
[2024.01.05-17.39.06:597][  0]LogAudioDebug: Display: Lib vorbis DLL was dynamically loaded.
[2024.01.05-17.39.06:692][  0]LogTextureFormatOodle: Display: Oodle Texture 2.9.0 init RDO Off
[2024.01.05-17.39.06:777][  0]LogRendererCore: Ray tracing is disabled. Reason: r.RayTracing=0.
[2024.01.05-17.39.06:777][  0]LogShaderCompilers: Guid format shader working directory is -38 characters bigger than the processId version (../../../../../../Users/Matth/Documents/UNI WORK/Actual Year 2/TechDemo4/MyProject2/Intermediate/Shaders/WorkingDirectory/18128/).
[2024.01.05-17.39.06:777][  0]LogShaderCompilers: Cleaned the shader compiler working directory 'C:/Users/Matth/AppData/Local/Temp/UnrealShaderWorkingDir/FDBC2E804EF7288A594AF8A7E9E4112B/'.
[2024.01.05-17.39.06:778][  0]LogXGEController: Cannot use XGE Controller as Incredibuild is not installed on this machine.
[2024.01.05-17.39.06:778][  0]LogShaderCompilers: Cannot use XGE Shader Compiler as Incredibuild is not installed on this machine.
[2024.01.05-17.39.06:778][  0]LogShaderCompilers: Display: Using Local Shader Compiler.
[2024.01.05-17.39.07:390][  0]LogDerivedDataCache: Display: Max Cache Size: 512 MB
[2024.01.05-17.39.07:432][  0]LogDerivedDataCache: Loaded boot cache 0.04s 94MB C:/Users/Matth/AppData/Local/UnrealEngine/4.27/DerivedDataCache/Boot.ddc.
[2024.01.05-17.39.07:432][  0]LogDerivedDataCache: Display: Loaded Boot cache: C:/Users/Matth/AppData/Local/UnrealEngine/4.27/DerivedDataCache/Boot.ddc
[2024.01.05-17.39.07:432][  0]LogDerivedDataCache: FDerivedDataBackendGraph:  Pak pak cache file ../../../../../../Users/Matth/Documents/UNI WORK/Actual Year 2/TechDemo4/MyProject2/DerivedDataCache/DDC.ddp not found, will not use a pak cache.
[2024.01.05-17.39.07:432][  0]LogDerivedDataCache: Unable to find inner node Pak for hierarchical cache Hierarchy.
[2024.01.05-17.39.07:432][  0]LogDerivedDataCache: FDerivedDataBackendGraph:  CompressedPak pak cache file ../../../../../../Users/Matth/Documents/UNI WORK/Actual Year 2/TechDemo4/MyProject2/DerivedDataCache/Compressed.ddp not found, will not use a pak cache.
[2024.01.05-17.39.07:432][  0]LogDerivedDataCache: Unable to find inner node CompressedPak for hierarchical cache Hierarchy.
[2024.01.05-17.39.07:446][  0]LogDerivedDataCache: Display: Pak cache opened for reading ../../../Engine/DerivedDataCache/Compressed.ddp.
[2024.01.05-17.39.07:446][  0]LogDerivedDataCache: FDerivedDataBackendGraph:  EnterprisePak pak cache file ../../../Enterprise/DerivedDataCache/Compressed.ddp not found, will not use a pak cache.
[2024.01.05-17.39.07:446][  0]LogDerivedDataCache: Unable to find inner node EnterprisePak for hierarchical cache Hierarchy.
[2024.01.05-17.39.07:457][  0]LogDerivedDataCache: Speed tests for C:/Users/Matth/AppData/Local/UnrealEngine/Common/DerivedDataCache took 0.01 seconds
[2024.01.05-17.39.07:457][  0]LogDerivedDataCache: Display: Performance to C:/Users/Matth/AppData/Local/UnrealEngine/Common/DerivedDataCache: Latency=0.04ms. RandomReadSpeed=1157.34MBs, RandomWriteSpeed=99.10MBs. Assigned SpeedClass 'Local'
[2024.01.05-17.39.07:458][  0]LogDerivedDataCache: Using Local data cache path C:/Users/Matth/AppData/Local/UnrealEngine/Common/DerivedDataCache: Writable
[2024.01.05-17.39.07:458][  0]LogDerivedDataCache: Shared data cache path not found in *engine.ini, will not use an Shared cache.
[2024.01.05-17.39.07:458][  0]LogDerivedDataCache: Unable to find inner node Shared for hierarchical cache Hierarchy.
[2024.01.05-17.39.07:494][  0]LogSlate: Using FreeType 2.10.0
[2024.01.05-17.39.07:494][  0]LogSlate: SlateFontServices - WITH_FREETYPE: 1, WITH_HARFBUZZ: 1
[2024.01.05-17.39.07:518][  0]LogAssetRegistry: FAssetRegistry took 0.0024 seconds to start up
[2024.01.05-17.39.07:716][  0]LogInit: Selected Device Profile: [Windows]
[2024.01.05-17.39.07:716][  0]LogInit: Active device profile: [00000194B063F400][00000194AEB8CE80 49] Windows
[2024.01.05-17.39.07:717][  0]LogInit: Profiles: [00000194B063F400][00000194AEB8CE80 49] Windows, [00000194B05ECE00][00000194A63E1000 49] WindowsNoEditor, [00000194B063CE00][00000194AEB25180 49] WindowsServer, [00000194B05EEC00][00000194AFF69300 49] WindowsClient, [00000194B063EB00][00000194AFC75480 49] IOS, [00000194B05ED700][00000194AFC7D600 49] iPadAir, [00000194B063D600][00000194AFCC1780 49] iPadAir2, [00000194B055BB00][00000194AFCC9A40 49] IPadPro, [00000194B055BC00][00000194AFCC5A80 49] iPadAir3, [00000194B063E500][00000194AFCCDC00 49] iPadAir4, [00000194B0559300][00000194AFCD0200 49] iPadMini2, [00000194B063DB00][00000194AFCD4380 49] iPadMini3, [00000194B055A600][00000194AFCD8500 49] iPadMini4, [00000194B063C800][00000194AFCDC680 49] iPadMini5, [00000194B05E3400][00000194B136A940 49] iPhone6, [00000194B05E3500][00000194B1366980 49] iPodTouch6, [00000194B0558300][00000194AFF9CC00 49] iPhone7, [00000194B0558200][00000194B136EC40 49] iPodTouch7, [00000194B05E1200][00000194B13ACD80 49] iPhone5S, [00000194B0558E00][00000194AFD08EC0 49] iPhone6Plus, [00000194B05E2700][00000194A8C11040 49] iPhone6S, [00000194B0559000][00000194A8C151C0 49] iPhone6SPlus, [00000194B05E1A00][00000194A8C19340 49] iPhone7Plus, [00000194B055A000][00000194A8C1D4C0 49] iPhoneSE, [00000194B05E3700][00000194AFD11640 49] iPhone8, [00000194B055AB00][00000194AFD157C0 49] iPhone8Plus, [00000194B05E2D00][00000194AFD1D940 49] iPhoneX, [00000194B055BF00][00000194AFD21AC0 49] iPhoneXS, [00000194B05E0100][00000194AFD180C0 49] iPhoneXSMax, [00000194B055BE00][00000194AFD0C240 49] iPhoneXR, [00000194B05E0C00][00000194AFD243C0 49] iPhone11, [00000194B055A800][00000194AFD28540 49] iPhone11Pro, [00000194B05E2E00][00000194A8C2C6C0 49] iPhone11ProMax, [00000194B0558B00][00000194A8C30840 49] iPhoneSE2, [00000194B05E1B00][00000194A8C349C0 49] iPhone12Mini, [00000194B0558800][00000194A8C38B40 49] iPhone12, [00000194B05E1700][00000194AFC78CC0 49] iPhone12Pro, [00000194B0558100][00000194A8C0CE00 49] iPhone12ProMax, [00000194B05E2F00][00000194AFF58F40 49] iPadPro105, [00000194B055BD00][00000194B1087080 49] iPadPro129, [00000194B05E1300][00000194B10831C0 49] iPadPro97, [00000194B055A500][00000194AEB29340 49] iPadPro2_129, [00000194B05E1100][00000194A8C554C0 49] iPad5, [00000194B0558900][00000194A8C51640 49] iPad6, [00000194B05E1800][00000194A63D97C0 49] iPad7, [00000194B0558700][00000194A63DD940 49] iPad8, [00000194B05E1D00][00000194A8C3DAC0 49] iPadPro11, [00000194B0559400][00000194B179A0C0 49] iPadPro2_11, [00000194B05E0400][00000194B179E240 49] iPadPro3_129, [00000194B055B000][00000194B17A23C0 49] iPadPro4_129, [00000194B05E2200][00000194B17A6540 49] AppleTV, [00000194B055A300][00000194B17AA6C0 49] AppleTV4K, [00000194B05E2000][00000194B17AE840 49] TVOS, [00000194B055AE00][00000194B17B29C0 49] Mac, [00000194B05E2400][00000194B17B6B40 49] MacClient, [00000194B0558D00][00000194B17BACC0 49] MacNoEditor, [00000194B05E2C00][00000194AFC08E40 49] MacServer, [00000194B0558C00][00000194B107EF80 49] Linux, [00000194B05E3900][00000194AFC0D0C0 49] LinuxAArch64, [00000194B06A4100][00000194AFC11200 49] LinuxNoEditor, [00000194B05EF700][00000194AFC15340 49] LinuxAArch64NoEditor, [00000194B06A5800][00000194AFC1D4C0 49] LinuxClient, [00000194B05EFE00][00000194AFC21640 49] LinuxAArch64Client, [00000194B06A4C00][00000194AFC257C0 49] LinuxServer, [00000194B05EF000][00000194AFC29940 49] LinuxAArch64Server, [00000194B06A5C00][00000194AFC2DAC0 49] Android, [00000194B05EF300][00000194AC73A0C0 49] Android_Low, [00000194B06A4600][00000194AC73E240 49] Android_Mid, [00000194B05ECF00][00000194AC7423C0 49] Android_High, [00000194B06A5100][00000194AC746540 49] Android_Default, [00000194B05EC600][00000194AC74A6C0 49] Android_Adreno4xx, [00000194B06A4D00][00000194AC74E840 49] Android_Adreno5xx_Low, [00000194B05EEB00][00000194AC7529C0 49] Android_Adreno5xx, [00000194B06A6100][00000194AC756B40 49] Android_Adreno6xx, [00000194B05EEF00][00000194AC75ACC0 49] Android_Adreno6xx_Vulkan, [00000194B06A5A00][00000194AC75EE40 49] Android_Mali_T6xx, [00000194B05EE200][00000194AC762FC0 49] Android_Mali_T7xx, [00000194B06A4500][00000194AC767140 49] Android_Mali_T8xx, [00000194B05ED400][00000194AFC19280 49] Android_Mali_G71, [00000194B05E3A00][00000194AC76B3C0 49] Android_Mali_G72, [00000194B0559C00][00000194AC76F500 49] Android_Mali_G72_Vulkan, [00000194B05E3600][00000194B12F7680 49] Android_Mali_G76, [00000194B0558500][00000194B12FB800 49] Android_Mali_G76_Vulkan, [00000194B05E1900][00000194B12FF980 49] Android_Mali_G77, [00000194B055A900][00000194B1303B00 49] Android_Mali_G77_Vulkan, [00000194B05E0A00][00000194B1306100 49] Android_Mali_G78, [00000194B0558A00][00000194B130A280 49] Android_Mali_G78_Vulkan, [00000194B05E1C00][00000194B130E400 49] Android_Mali_G710, [00000194B0559800][00000194B1312580 49] Android_Mali_G710_Vulkan, [00000194B06A4800][00000194B1316700 49] Android_Vulkan_SM5, [00000194B0559600][00000194B131A880 49] Android_PowerVR_G6xxx, [00000194B06A5600][00000194B131EA00 49] Android_PowerVR_GT7xxx, [00000194B0558600][00000194B1322B80 49] Android_PowerVR_GE8xxx, [00000194B06A4F00][00000194B1326D00 49] Android_PowerVR_GM9xxx, [00000194B055B800][00000194B132AE80 49] Android_PowerVR_GM9xxx_Vulkan, [00000194B06A5400][00000194B132F000 49] Android_TegraK1, [00000194B055B400][00000194B1333180 49] Android_Unknown_Vulkan, [00000194B06A5D00][00000194B1337300 49] Lumin, [00000194B0559200][00000194AC773440 49] Lumin_Desktop, [00000194B06A5700][00000194B133B580 49] HoloLens, 
[2024.01.05-17.39.07:873][  0]LogMeshReduction: Using QuadricMeshReduction for automatic static mesh reduction
[2024.01.05-17.39.07:874][  0]LogMeshReduction: Using SimplygonMeshReduction for automatic skeletal mesh reduction
[2024.01.05-17.39.07:874][  0]LogMeshReduction: Using ProxyLODMeshReduction for automatic mesh merging
[2024.01.05-17.39.07:874][  0]LogMeshReduction: No distributed automatic mesh merging module available
[2024.01.05-17.39.07:874][  0]LogMeshMerging: No distributed automatic mesh merging module available
[2024.01.05-17.39.07:893][  0]LogNetVersion: MyProject2 1.0.0, NetCL: 17155196, EngineNetVer: 17, GameNetVer: 0 (Checksum: 1659861177)
[2024.01.05-17.39.08:181][  0]LogTexture: Default maximum texture size for cubemaps generated from long-lat sources has been changed from 512 to unlimited. In order to preserve old behaiour for '/Engine/MapTemplates/Sky/DaylightAmbientCubemap.DaylightAmbientCubemap', its maximum texture size has been explicitly set to 512.
[2024.01.05-17.39.08:223][  0]LogHMD: PokeAHoleMaterial loaded successfully
[2024.01.05-17.39.08:227][  0]LogUObjectArray: 17178 objects as part of root set at end of initial load.
[2024.01.05-17.39.08:228][  0]LogUObjectAllocator: 4302048 out of 0 bytes used by permanent object pool.
[2024.01.05-17.39.08:228][  0]LogUObjectArray: CloseDisregardForGC: 0/0 objects in disregard for GC pool
[2024.01.05-17.39.08:591][  0]LogNiagaraDebuggerClient: Niagara Debugger Client Initialized | Session: 66CB2F68433184C5659E00A6AD9B4327 | Instance: 41EEE70845EF60E81E5927A6035F241A (DESKTOP-RSHUQME-18128).
[2024.01.05-17.39.08:822][  0]LogPython: Using Python 3.7.7
[2024.01.05-17.39.09:414][  0]LogTcpMessaging: Initializing TcpMessaging bridge
[2024.01.05-17.39.09:424][  0]LogUdpMessaging: Initializing bridge on interface 0.0.0.0:0 to multicast group 230.0.0.1:6666.
[2024.01.05-17.39.10:168][  0]SourceControl: Source control is disabled
[2024.01.05-17.39.10:168][  0]SourceControl: Source control is disabled
[2024.01.05-17.39.10:177][  0]SourceControl: Source control is disabled
[2024.01.05-17.39.10:186][  0]SourceControl: Source control is disabled
[2024.01.05-17.39.10:221][  0]LogUProjectInfo: Found projects:
[2024.01.05-17.39.10:591][  0]SourceControl: Source control is disabled
[2024.01.05-17.39.10:669][  0]LogOpenImageDenoise: OIDN starting up
[2024.01.05-17.39.10:792][  0]LogAndroidPermission: UAndroidPermissionCallbackProxy::GetInstance
[2024.01.05-17.39.10:884][  0]LogAudioCaptureCore: Display: No Audio Capture implementations found. Audio input will be silent.
[2024.01.05-17.39.10:884][  0]LogAudioCaptureCore: Display: No Audio Capture implementations found. Audio input will be silent.
[2024.01.05-17.39.11:158][  0]LogCollectionManager: Loaded 0 collections in 0.001304 seconds
[2024.01.05-17.39.11:202][  0]LogFileCache: Scanning file cache for directory 'C:/Users/Matth/Documents/UNI WORK/Actual Year 2/TechDemo4/MyProject2/Saved/Collections/' took 0.00s
[2024.01.05-17.39.11:202][  0]LogFileCache: Scanning file cache for directory 'C:/Users/Matth/Documents/UNI WORK/Actual Year 2/TechDemo4/MyProject2/Content/Developers/Matth/Collections/' took 0.00s
[2024.01.05-17.39.11:202][  0]LogFileCache: Scanning file cache for directory 'C:/Users/Matth/Documents/UNI WORK/Actual Year 2/TechDemo4/MyProject2/Content/Collections/' took 0.00s
[2024.01.05-17.39.11:202][  0]LogOcInput: OculusInput pre-init called
[2024.01.05-17.39.11:408][  0]LogClass: Display: IntProperty FRegisteredDeviceInfo::Handle is not initialized properly. Module:RawInput File:Public/RawInputFunctionLibrary.h
[2024.01.05-17.39.11:408][  0]LogClass: Display: IntProperty FRegisteredDeviceInfo::VendorID is not initialized properly. Module:RawInput File:Public/RawInputFunctionLibrary.h
[2024.01.05-17.39.11:408][  0]LogClass: Display: IntProperty FRegisteredDeviceInfo::ProductID is not initialized properly. Module:RawInput File:Public/RawInputFunctionLibrary.h
[2024.01.05-17.39.11:408][  0]LogClass: Display: 3 Uninitialized script struct members found including 0 object properties
[2024.01.05-17.39.11:409][  0]LogEngine: Initializing Engine...
[2024.01.05-17.39.11:416][  0]LogHMD: Failed to enumerate extensions. Please check that you have a valid OpenXR runtime installed.
[2024.01.05-17.39.11:416][  0]LogHMD: Failed to initialize OpenVR with code 110
[2024.01.05-17.39.11:416][  0]LogMagicLeap: Warning: VR disabled because ZI is not enabled.  To enable, in the editor, Edit -> Project Settings -> Plugins -> Magic Leap Plugin -> Enable Zero Iteration
[2024.01.05-17.39.11:417][  0]LogStats: UGameplayTagsManager::InitializeManager -  0.000 s
[2024.01.05-17.39.11:508][  0]LogInit: Initializing FReadOnlyCVARCache
[2024.01.05-17.39.11:520][  0]LogAIModule: Creating AISystem for world Untitled
[2024.01.05-17.39.11:526][  0]LogAudio: Display: Initializing Audio Device Manager...
[2024.01.05-17.39.11:533][  0]LogAudio: Display: Loading Default Audio Settings Objects...
[2024.01.05-17.39.11:534][  0]LogAudio: Display: No default SoundConcurrencyObject specified (or failed to load).
[2024.01.05-17.39.11:534][  0]LogAudio: Display: Audio Device Manager Initialized
[2024.01.05-17.39.11:534][  0]LogAudio: Display: Creating Audio Device:                 Id: 1, Scope: Shared, Realtime: True
[2024.01.05-17.39.11:535][  0]LogAudioMixer: Display: Audio Mixer Platform Settings:
[2024.01.05-17.39.11:535][  0]LogAudioMixer: Display: 	Sample Rate:						  48000
[2024.01.05-17.39.11:535][  0]LogAudioMixer: Display: 	Callback Buffer Frame Size Requested: 1024
[2024.01.05-17.39.11:535][  0]LogAudioMixer: Display: 	Callback Buffer Frame Size To Use:	  1024
[2024.01.05-17.39.11:535][  0]LogAudioMixer: Display: 	Number of buffers to queue:			  2
[2024.01.05-17.39.11:535][  0]LogAudioMixer: Display: 	Max Channels (voices):				  32
[2024.01.05-17.39.11:535][  0]LogAudioMixer: Display: 	Number of Async Source Workers:		  0
[2024.01.05-17.39.11:535][  0]LogAudio: Display: AudioDevice MaxSources: 32
[2024.01.05-17.39.11:535][  0]LogAudio: Display: Audio Spatialization Plugin: None (built-in).
[2024.01.05-17.39.11:535][  0]LogAudio: Display: Audio Reverb Plugin: None (built-in).
[2024.01.05-17.39.11:535][  0]LogAudio: Display: Audio Occlusion Plugin: None (built-in).
[2024.01.05-17.39.11:535][  0]LogAudioMixer: Display: Initializing audio mixer.
[2024.01.05-17.39.11:561][  0]LogAudioMixer: Display: 0: FrontLeft
[2024.01.05-17.39.11:561][  0]LogAudioMixer: Display: 1: FrontRight
[2024.01.05-17.39.11:607][  0]LogAudioMixer: Display: Using Audio Device PL2466H (NVIDIA High Definition Audio)
[2024.01.05-17.39.11:609][  0]LogAudioMixer: Display: Initializing Sound Submixes...
[2024.01.05-17.39.11:611][  0]LogAudioMixer: Display: Creating Master Submix 'MasterSubmixDefault'
[2024.01.05-17.39.11:611][  0]LogAudioMixer: Display: Creating Master Submix 'MasterReverbSubmixDefault'
[2024.01.05-17.39.11:612][  0]LogAudioMixer: Display: Creating Master Submix 'MasterEQSubmixDefault'
[2024.01.05-17.39.11:612][  0]LogAudioMixer: FMixerPlatformXAudio2::StartAudioStream() called
[2024.01.05-17.39.11:612][  0]LogAudioMixer: Display: Output buffers initialized: Frames=1024, Channels=2, Samples=2048
[2024.01.05-17.39.11:613][  0]LogAudioMixer: Display: Starting AudioMixerPlatformInterface::RunInternal()
[2024.01.05-17.39.11:613][  0]LogAudioMixer: Display: FMixerPlatformXAudio2::SubmitBuffer() called for the first time
[2024.01.05-17.39.11:613][  0]LogInit: FAudioDevice initialized.
[2024.01.05-17.39.11:613][  0]LogAudio: Display: Audio Device (ID: 1) registered with world 'Untitled'.
[2024.01.05-17.39.11:613][  0]LogNetVersion: Set ProjectVersion to 1.0.0.0. Version Checksum will be recalculated on next use.
[2024.01.05-17.39.11:653][  0]LogDerivedDataCache: Saved boot cache 0.04s 94MB C:/Users/Matth/AppData/Local/UnrealEngine/4.27/DerivedDataCache/Boot.ddc.
[2024.01.05-17.39.11:654][  0]LogInit: Texture streaming: Enabled
[2024.01.05-17.39.11:678][  0]LogAnalytics: Display: [UEEditor.Rocket.Release] APIServer = https://datarouter.ol.epicgames.com/. AppVersion = 4.27.2-18319896+++UE4+Release-4.27
[2024.01.05-17.39.11:686][  0]LogEngineSessionManager: EngineSessionManager initialized
[2024.01.05-17.39.11:687][  0]LogEditorSessionSummary: Verbose: Initializing EditorSessionSummaryWriter for editor session tracking
[2024.01.05-17.39.11:691][  0]LogEditorSessionSummary: EditorSessionSummaryWriter initialized
[2024.01.05-17.39.11:737][  0]LogInit: Transaction tracking system initialized
[2024.01.05-17.39.11:788][  0]BlueprintLog: New page: Editor Load
[2024.01.05-17.39.11:911][  0]LocalizationService: Localization service is disabled
[2024.01.05-17.39.11:962][  0]TimingProfiler: Initialize
[2024.01.05-17.39.11:963][  0]TimingProfiler: OnSessionChanged
[2024.01.05-17.39.11:963][  0]LoadingProfiler: Initialize
[2024.01.05-17.39.11:963][  0]LoadingProfiler: OnSessionChanged
[2024.01.05-17.39.11:963][  0]NetworkingProfiler: Initialize
[2024.01.05-17.39.11:963][  0]NetworkingProfiler: OnSessionChanged
[2024.01.05-17.39.11:963][  0]MemoryProfiler: Initialize
[2024.01.05-17.39.11:963][  0]MemoryProfiler: OnSessionChanged
[2024.01.05-17.39.12:161][  0]LogCook: Display: CookSettings for Memory: MemoryMaxUsedVirtual 0MiB, MemoryMaxUsedPhysical 16384MiB, MemoryMinFreeVirtual 0MiB, MemoryMinFreePhysical 1024MiB
[2024.01.05-17.39.12:161][  0]LogCook: Display: Mobile HDR setting 1
[2024.01.05-17.39.12:434][  0]LogFileCache: Scanning file cache for directory 'C:/Users/Matth/Documents/UNI WORK/Actual Year 2/TechDemo4/MyProject2/Content/' took 0.01s
[2024.01.05-17.39.12:665][  0]LogInit: Display: Engine is initialized. Leaving FEngineLoop::Init()
[2024.01.05-17.39.12:669][  0]SourceControl: Source control is disabled
[2024.01.05-17.39.12:669][  0]LogUnrealEdMisc: Loading editor; pre map load, took 8.972
[2024.01.05-17.39.12:669][  0]Cmd: MAP LOAD FILE="../../../../../../Users/Matth/Documents/UNI WORK/Actual Year 2/TechDemo4/MyProject2/Content/StarterContent/Maps/Minimal_Default.umap" TEMPLATE=0 SHOWPROGRESS=1 FEATURELEVEL=3
[2024.01.05-17.39.12:669][  0]LogEditorServer: Warning: Can't find file '../../../../../../Users/Matth/Documents/UNI WORK/Actual Year 2/TechDemo4/MyProject2/Content/StarterContent/Maps/Minimal_Default.umap'
[2024.01.05-17.39.12:669][  0]Cmd: MAP CHECKDEP NOCLEARLOG
[2024.01.05-17.39.12:670][  0]MapCheck: Map check complete: 0 Error(s), 0 Warning(s), took 0.181ms to complete.
[2024.01.05-17.39.12:670][  0]LogFileHelpers: Loading map 'Minimal_Default' took 0.001
[2024.01.05-17.39.12:672][  0]LogUnrealEdMisc: Total Editor Startup Time, took 8.975
[2024.01.05-17.39.12:777][  0]LogSlate: Updating window title bar state: overlay mode, drag disabled, window buttons hidden, title bar hidden
[2024.01.05-17.39.12:782][  0]LogSlate: Updating window title bar state: overlay mode, drag disabled, window buttons hidden, title bar hidden
[2024.01.05-17.39.12:786][  0]LogSlate: Updating window title bar state: overlay mode, drag disabled, window buttons hidden, title bar hidden
[2024.01.05-17.39.12:791][  0]LogSlate: Updating window title bar state: overlay mode, drag disabled, window buttons hidden, title bar hidden
[2024.01.05-17.39.12:805][  0]LogNativeClassHierarchy: Verbose: Native class hierarchy populated in 0.0072 seconds. Added 3832 classes and 933 folders.
[2024.01.05-17.39.12:807][  0]LogNativeClassHierarchy: Verbose: Native class hierarchy updated for 'WidgetCarousel' in 0.0002 seconds. Added 0 classes and 0 folders.
[2024.01.05-17.39.12:809][  0]LogPakFile: PakFile PrimaryIndexSize=187
[2024.01.05-17.39.12:809][  0]LogPakFile: PakFile PathHashIndexSize=101
[2024.01.05-17.39.12:809][  0]LogPakFile: PakFile FullDirectoryIndexSize=148
[2024.01.05-17.39.12:809][  0]LogShaderLibrary: Display: ShaderCodeLibraryPakFileMountedCallback: PakFile 'C:/Program Files/Epic Games/UE_4.27/FeaturePacks/FP_FirstPerson.upack' (chunk index -1, root 'root:/') mounted
[2024.01.05-17.39.12:809][  0]LogShaderLibrary: Display: ShaderCodeLibraryPakFileMountedCallback: pending pak file info (ChunkID:-1 Root:root:/ File:C:/Program Files/Epic Games/UE_4.27/FeaturePacks/FP_FirstPerson.upack)
[2024.01.05-17.39.12:809][  0]LogPakFile: OnPakFileMounted2Time == 0.000156
[2024.01.05-17.39.12:810][  0]LogPakFile: PakFile PrimaryIndexSize=189
[2024.01.05-17.39.12:810][  0]LogPakFile: PakFile PathHashIndexSize=101
[2024.01.05-17.39.12:810][  0]LogPakFile: PakFile FullDirectoryIndexSize=152
[2024.01.05-17.39.12:810][  0]LogShaderLibrary: Display: ShaderCodeLibraryPakFileMountedCallback: PakFile 'C:/Program Files/Epic Games/UE_4.27/FeaturePacks/FP_FirstPersonBP.upack' (chunk index -1, root 'root:/') mounted
[2024.01.05-17.39.12:810][  0]LogShaderLibrary: Display: ShaderCodeLibraryPakFileMountedCallback: pending pak file info (ChunkID:-1 Root:root:/ File:C:/Program Files/Epic Games/UE_4.27/FeaturePacks/FP_FirstPersonBP.upack)
[2024.01.05-17.39.12:810][  0]LogPakFile: OnPakFileMounted2Time == 0.000126
[2024.01.05-17.39.12:810][  0]LogPakFile: PakFile PrimaryIndexSize=191
[2024.01.05-17.39.12:811][  0]LogPakFile: PakFile PathHashIndexSize=101
[2024.01.05-17.39.12:811][  0]LogPakFile: PakFile FullDirectoryIndexSize=160
[2024.01.05-17.39.12:811][  0]LogShaderLibrary: Display: ShaderCodeLibraryPakFileMountedCallback: PakFile 'C:/Program Files/Epic Games/UE_4.27/FeaturePacks/MobileStarterContent.upack' (chunk index -1, root 'root:/') mounted
[2024.01.05-17.39.12:811][  0]LogShaderLibrary: Display: ShaderCodeLibraryPakFileMountedCallback: pending pak file info (ChunkID:-1 Root:root:/ File:C:/Program Files/Epic Games/UE_4.27/FeaturePacks/MobileStarterContent.upack)
[2024.01.05-17.39.12:811][  0]LogPakFile: OnPakFileMounted2Time == 0.000119
[2024.01.05-17.39.12:811][  0]LogPakFile: PakFile PrimaryIndexSize=185
[2024.01.05-17.39.12:811][  0]LogPakFile: PakFile PathHashIndexSize=101
[2024.01.05-17.39.12:811][  0]LogPakFile: PakFile FullDirectoryIndexSize=148
[2024.01.05-17.39.12:811][  0]LogShaderLibrary: Display: ShaderCodeLibraryPakFileMountedCallback: PakFile 'C:/Program Files/Epic Games/UE_4.27/FeaturePacks/StarterContent.upack' (chunk index -1, root 'root:/') mounted
[2024.01.05-17.39.12:812][  0]LogShaderLibrary: Display: ShaderCodeLibraryPakFileMountedCallback: pending pak file info (ChunkID:-1 Root:root:/ File:C:/Program Files/Epic Games/UE_4.27/FeaturePacks/StarterContent.upack)
[2024.01.05-17.39.12:812][  0]LogPakFile: OnPakFileMounted2Time == 0.000137
[2024.01.05-17.39.12:812][  0]LogPakFile: PakFile PrimaryIndexSize=190
[2024.01.05-17.39.12:812][  0]LogPakFile: PakFile PathHashIndexSize=101
[2024.01.05-17.39.12:812][  0]LogPakFile: PakFile FullDirectoryIndexSize=154
[2024.01.05-17.39.12:812][  0]LogShaderLibrary: Display: ShaderCodeLibraryPakFileMountedCallback: PakFile 'C:/Program Files/Epic Games/UE_4.27/FeaturePacks/TP_2DSideScroller.upack' (chunk index -1, root 'root:/') mounted
[2024.01.05-17.39.12:812][  0]LogShaderLibrary: Display: ShaderCodeLibraryPakFileMountedCallback: pending pak file info (ChunkID:-1 Root:root:/ File:C:/Program Files/Epic Games/UE_4.27/FeaturePacks/TP_2DSideScroller.upack)
[2024.01.05-17.39.12:812][  0]LogPakFile: OnPakFileMounted2Time == 0.000117
[2024.01.05-17.39.12:813][  0]LogPakFile: PakFile PrimaryIndexSize=192
[2024.01.05-17.39.12:813][  0]LogPakFile: PakFile PathHashIndexSize=101
[2024.01.05-17.39.12:813][  0]LogPakFile: PakFile FullDirectoryIndexSize=158
[2024.01.05-17.39.12:813][  0]LogShaderLibrary: Display: ShaderCodeLibraryPakFileMountedCallback: PakFile 'C:/Program Files/Epic Games/UE_4.27/FeaturePacks/TP_2DSideScrollerBP.upack' (chunk index -1, root 'root:/') mounted
[2024.01.05-17.39.12:813][  0]LogShaderLibrary: Display: ShaderCodeLibraryPakFileMountedCallback: pending pak file info (ChunkID:-1 Root:root:/ File:C:/Program Files/Epic Games/UE_4.27/FeaturePacks/TP_2DSideScrollerBP.upack)
[2024.01.05-17.39.12:813][  0]LogPakFile: OnPakFileMounted2Time == 0.000116
[2024.01.05-17.39.12:814][  0]LogPakFile: PakFile PrimaryIndexSize=182
[2024.01.05-17.39.12:814][  0]LogPakFile: PakFile PathHashIndexSize=101
[2024.01.05-17.39.12:814][  0]LogPakFile: PakFile FullDirectoryIndexSize=138
[2024.01.05-17.39.12:814][  0]LogShaderLibrary: Display: ShaderCodeLibraryPakFileMountedCallback: PakFile 'C:/Program Files/Epic Games/UE_4.27/FeaturePacks/TP_Flying.upack' (chunk index -1, root 'root:/') mounted
[2024.01.05-17.39.12:814][  0]LogShaderLibrary: Display: ShaderCodeLibraryPakFileMountedCallback: pending pak file info (ChunkID:-1 Root:root:/ File:C:/Program Files/Epic Games/UE_4.27/FeaturePacks/TP_Flying.upack)
[2024.01.05-17.39.12:814][  0]LogPakFile: OnPakFileMounted2Time == 0.000115
[2024.01.05-17.39.12:815][  0]LogPakFile: PakFile PrimaryIndexSize=184
[2024.01.05-17.39.12:815][  0]LogPakFile: PakFile PathHashIndexSize=101
[2024.01.05-17.39.12:815][  0]LogPakFile: PakFile FullDirectoryIndexSize=142
[2024.01.05-17.39.12:815][  0]LogShaderLibrary: Display: ShaderCodeLibraryPakFileMountedCallback: PakFile 'C:/Program Files/Epic Games/UE_4.27/FeaturePacks/TP_FlyingBP.upack' (chunk index -1, root 'root:/') mounted
[2024.01.05-17.39.12:815][  0]LogShaderLibrary: Display: ShaderCodeLibraryPakFileMountedCallback: pending pak file info (ChunkID:-1 Root:root:/ File:C:/Program Files/Epic Games/UE_4.27/FeaturePacks/TP_FlyingBP.upack)
[2024.01.05-17.39.12:815][  0]LogPakFile: OnPakFileMounted2Time == 0.000115
[2024.01.05-17.39.12:815][  0]LogPakFile: PakFile PrimaryIndexSize=188
[2024.01.05-17.39.12:815][  0]LogPakFile: PakFile PathHashIndexSize=101
[2024.01.05-17.39.12:816][  0]LogPakFile: PakFile FullDirectoryIndexSize=150
[2024.01.05-17.39.12:816][  0]LogShaderLibrary: Display: ShaderCodeLibraryPakFileMountedCallback: PakFile 'C:/Program Files/Epic Games/UE_4.27/FeaturePacks/TP_HandheldARBP.upack' (chunk index -1, root 'root:/') mounted
[2024.01.05-17.39.12:816][  0]LogShaderLibrary: Display: ShaderCodeLibraryPakFileMountedCallback: pending pak file info (ChunkID:-1 Root:root:/ File:C:/Program Files/Epic Games/UE_4.27/FeaturePacks/TP_HandheldARBP.upack)
[2024.01.05-17.39.12:816][  0]LogPakFile: OnPakFileMounted2Time == 0.000119
[2024.01.05-17.39.12:816][  0]LogPakFile: PakFile PrimaryIndexSize=182
[2024.01.05-17.39.12:817][  0]LogPakFile: PakFile PathHashIndexSize=101
[2024.01.05-17.39.12:817][  0]LogPakFile: PakFile FullDirectoryIndexSize=138
[2024.01.05-17.39.12:817][  0]LogShaderLibrary: Display: ShaderCodeLibraryPakFileMountedCallback: PakFile 'C:/Program Files/Epic Games/UE_4.27/FeaturePacks/TP_Puzzle.upack' (chunk index -1, root 'root:/') mounted
[2024.01.05-17.39.12:817][  0]LogShaderLibrary: Display: ShaderCodeLibraryPakFileMountedCallback: pending pak file info (ChunkID:-1 Root:root:/ File:C:/Program Files/Epic Games/UE_4.27/FeaturePacks/TP_Puzzle.upack)
[2024.01.05-17.39.12:817][  0]LogPakFile: OnPakFileMounted2Time == 0.000111
[2024.01.05-17.39.12:817][  0]LogPakFile: PakFile PrimaryIndexSize=184
[2024.01.05-17.39.12:817][  0]LogPakFile: PakFile PathHashIndexSize=101
[2024.01.05-17.39.12:817][  0]LogPakFile: PakFile FullDirectoryIndexSize=142
[2024.01.05-17.39.12:817][  0]LogShaderLibrary: Display: ShaderCodeLibraryPakFileMountedCallback: PakFile 'C:/Program Files/Epic Games/UE_4.27/FeaturePacks/TP_PuzzleBP.upack' (chunk index -1, root 'root:/') mounted
[2024.01.05-17.39.12:817][  0]LogShaderLibrary: Display: ShaderCodeLibraryPakFileMountedCallback: pending pak file info (ChunkID:-1 Root:root:/ File:C:/Program Files/Epic Games/UE_4.27/FeaturePacks/TP_PuzzleBP.upack)
[2024.01.05-17.39.12:818][  0]LogPakFile: OnPakFileMounted2Time == 0.000114
[2024.01.05-17.39.12:818][  0]LogPakFile: PakFile PrimaryIndexSize=183
[2024.01.05-17.39.12:818][  0]LogPakFile: PakFile PathHashIndexSize=101
[2024.01.05-17.39.12:818][  0]LogPakFile: PakFile FullDirectoryIndexSize=140
[2024.01.05-17.39.12:818][  0]LogShaderLibrary: Display: ShaderCodeLibraryPakFileMountedCallback: PakFile 'C:/Program Files/Epic Games/UE_4.27/FeaturePacks/TP_Rolling.upack' (chunk index -1, root 'root:/') mounted
[2024.01.05-17.39.12:818][  0]LogShaderLibrary: Display: ShaderCodeLibraryPakFileMountedCallback: pending pak file info (ChunkID:-1 Root:root:/ File:C:/Program Files/Epic Games/UE_4.27/FeaturePacks/TP_Rolling.upack)
[2024.01.05-17.39.12:818][  0]LogPakFile: OnPakFileMounted2Time == 0.000104
[2024.01.05-17.39.12:819][  0]LogPakFile: PakFile PrimaryIndexSize=185
[2024.01.05-17.39.12:819][  0]LogPakFile: PakFile PathHashIndexSize=101
[2024.01.05-17.39.12:819][  0]LogPakFile: PakFile FullDirectoryIndexSize=144
[2024.01.05-17.39.12:819][  0]LogShaderLibrary: Display: ShaderCodeLibraryPakFileMountedCallback: PakFile 'C:/Program Files/Epic Games/UE_4.27/FeaturePacks/TP_RollingBP.upack' (chunk index -1, root 'root:/') mounted
[2024.01.05-17.39.12:819][  0]LogShaderLibrary: Display: ShaderCodeLibraryPakFileMountedCallback: pending pak file info (ChunkID:-1 Root:root:/ File:C:/Program Files/Epic Games/UE_4.27/FeaturePacks/TP_RollingBP.upack)
[2024.01.05-17.39.12:819][  0]LogPakFile: OnPakFileMounted2Time == 0.000128
[2024.01.05-17.39.12:819][  0]LogPakFile: PakFile PrimaryIndexSize=188
[2024.01.05-17.39.12:819][  0]LogPakFile: PakFile PathHashIndexSize=101
[2024.01.05-17.39.12:819][  0]LogPakFile: PakFile FullDirectoryIndexSize=150
[2024.01.05-17.39.12:819][  0]LogShaderLibrary: Display: ShaderCodeLibraryPakFileMountedCallback: PakFile 'C:/Program Files/Epic Games/UE_4.27/FeaturePacks/TP_SideScroller.upack' (chunk index -1, root 'root:/') mounted
[2024.01.05-17.39.12:819][  0]LogShaderLibrary: Display: ShaderCodeLibraryPakFileMountedCallback: pending pak file info (ChunkID:-1 Root:root:/ File:C:/Program Files/Epic Games/UE_4.27/FeaturePacks/TP_SideScroller.upack)
[2024.01.05-17.39.12:819][  0]LogPakFile: OnPakFileMounted2Time == 0.000108
[2024.01.05-17.39.12:820][  0]LogPakFile: PakFile PrimaryIndexSize=190
[2024.01.05-17.39.12:820][  0]LogPakFile: PakFile PathHashIndexSize=101
[2024.01.05-17.39.12:820][  0]LogPakFile: PakFile FullDirectoryIndexSize=154
[2024.01.05-17.39.12:820][  0]LogShaderLibrary: Display: ShaderCodeLibraryPakFileMountedCallback: PakFile 'C:/Program Files/Epic Games/UE_4.27/FeaturePacks/TP_SideScrollerBP.upack' (chunk index -1, root 'root:/') mounted
[2024.01.05-17.39.12:820][  0]LogShaderLibrary: Display: ShaderCodeLibraryPakFileMountedCallback: pending pak file info (ChunkID:-1 Root:root:/ File:C:/Program Files/Epic Games/UE_4.27/FeaturePacks/TP_SideScrollerBP.upack)
[2024.01.05-17.39.12:820][  0]LogPakFile: OnPakFileMounted2Time == 0.000132
[2024.01.05-17.39.12:821][  0]LogPakFile: PakFile PrimaryIndexSize=187
[2024.01.05-17.39.12:821][  0]LogPakFile: PakFile PathHashIndexSize=101
[2024.01.05-17.39.12:821][  0]LogPakFile: PakFile FullDirectoryIndexSize=148
[2024.01.05-17.39.12:821][  0]LogShaderLibrary: Display: ShaderCodeLibraryPakFileMountedCallback: PakFile 'C:/Program Files/Epic Games/UE_4.27/FeaturePacks/TP_ThirdPerson.upack' (chunk index -1, root 'root:/') mounted
[2024.01.05-17.39.12:821][  0]LogShaderLibrary: Display: ShaderCodeLibraryPakFileMountedCallback: pending pak file info (ChunkID:-1 Root:root:/ File:C:/Program Files/Epic Games/UE_4.27/FeaturePacks/TP_ThirdPerson.upack)
[2024.01.05-17.39.12:821][  0]LogPakFile: OnPakFileMounted2Time == 0.000128
[2024.01.05-17.39.12:822][  0]LogPakFile: PakFile PrimaryIndexSize=189
[2024.01.05-17.39.12:822][  0]LogPakFile: PakFile PathHashIndexSize=101
[2024.01.05-17.39.12:822][  0]LogPakFile: PakFile FullDirectoryIndexSize=152
[2024.01.05-17.39.12:822][  0]LogShaderLibrary: Display: ShaderCodeLibraryPakFileMountedCallback: PakFile 'C:/Program Files/Epic Games/UE_4.27/FeaturePacks/TP_ThirdPersonBP.upack' (chunk index -1, root 'root:/') mounted
[2024.01.05-17.39.12:822][  0]LogShaderLibrary: Display: ShaderCodeLibraryPakFileMountedCallback: pending pak file info (ChunkID:-1 Root:root:/ File:C:/Program Files/Epic Games/UE_4.27/FeaturePacks/TP_ThirdPersonBP.upack)
[2024.01.05-17.39.12:822][  0]LogPakFile: OnPakFileMounted2Time == 0.000139
[2024.01.05-17.39.12:823][  0]LogPakFile: PakFile PrimaryIndexSize=183
[2024.01.05-17.39.12:823][  0]LogPakFile: PakFile PathHashIndexSize=101
[2024.01.05-17.39.12:823][  0]LogPakFile: PakFile FullDirectoryIndexSize=140
[2024.01.05-17.39.12:823][  0]LogShaderLibrary: Display: ShaderCodeLibraryPakFileMountedCallback: PakFile 'C:/Program Files/Epic Games/UE_4.27/FeaturePacks/TP_TopDown.upack' (chunk index -1, root 'root:/') mounted
[2024.01.05-17.39.12:823][  0]LogShaderLibrary: Display: ShaderCodeLibraryPakFileMountedCallback: pending pak file info (ChunkID:-1 Root:root:/ File:C:/Program Files/Epic Games/UE_4.27/FeaturePacks/TP_TopDown.upack)
[2024.01.05-17.39.12:823][  0]LogPakFile: OnPakFileMounted2Time == 0.000136
[2024.01.05-17.39.12:823][  0]LogPakFile: PakFile PrimaryIndexSize=185
[2024.01.05-17.39.12:824][  0]LogPakFile: PakFile PathHashIndexSize=101
[2024.01.05-17.39.12:824][  0]LogPakFile: PakFile FullDirectoryIndexSize=144
[2024.01.05-17.39.12:824][  0]LogShaderLibrary: Display: ShaderCodeLibraryPakFileMountedCallback: PakFile 'C:/Program Files/Epic Games/UE_4.27/FeaturePacks/TP_TopDownBP.upack' (chunk index -1, root 'root:/') mounted
[2024.01.05-17.39.12:824][  0]LogShaderLibrary: Display: ShaderCodeLibraryPakFileMountedCallback: pending pak file info (ChunkID:-1 Root:root:/ File:C:/Program Files/Epic Games/UE_4.27/FeaturePacks/TP_TopDownBP.upack)
[2024.01.05-17.39.12:824][  0]LogPakFile: OnPakFileMounted2Time == 0.000116
[2024.01.05-17.39.12:824][  0]LogPakFile: PakFile PrimaryIndexSize=185
[2024.01.05-17.39.12:824][  0]LogPakFile: PakFile PathHashIndexSize=101
[2024.01.05-17.39.12:824][  0]LogPakFile: PakFile FullDirectoryIndexSize=144
[2024.01.05-17.39.12:824][  0]LogShaderLibrary: Display: ShaderCodeLibraryPakFileMountedCallback: PakFile 'C:/Program Files/Epic Games/UE_4.27/FeaturePacks/TP_TwinStick.upack' (chunk index -1, root 'root:/') mounted
[2024.01.05-17.39.12:824][  0]LogShaderLibrary: Display: ShaderCodeLibraryPakFileMountedCallback: pending pak file info (ChunkID:-1 Root:root:/ File:C:/Program Files/Epic Games/UE_4.27/FeaturePacks/TP_TwinStick.upack)
[2024.01.05-17.39.12:825][  0]LogPakFile: OnPakFileMounted2Time == 0.000105
[2024.01.05-17.39.12:825][  0]LogPakFile: PakFile PrimaryIndexSize=187
[2024.01.05-17.39.12:825][  0]LogPakFile: PakFile PathHashIndexSize=101
[2024.01.05-17.39.12:825][  0]LogPakFile: PakFile FullDirectoryIndexSize=148
[2024.01.05-17.39.12:825][  0]LogShaderLibrary: Display: ShaderCodeLibraryPakFileMountedCallback: PakFile 'C:/Program Files/Epic Games/UE_4.27/FeaturePacks/TP_TwinStickBP.upack' (chunk index -1, root 'root:/') mounted
[2024.01.05-17.39.12:825][  0]LogShaderLibrary: Display: ShaderCodeLibraryPakFileMountedCallback: pending pak file info (ChunkID:-1 Root:root:/ File:C:/Program Files/Epic Games/UE_4.27/FeaturePacks/TP_TwinStickBP.upack)
[2024.01.05-17.39.12:825][  0]LogPakFile: OnPakFileMounted2Time == 0.000115
[2024.01.05-17.39.12:826][  0]LogPakFile: PakFile PrimaryIndexSize=183
[2024.01.05-17.39.12:826][  0]LogPakFile: PakFile PathHashIndexSize=101
[2024.01.05-17.39.12:826][  0]LogPakFile: PakFile FullDirectoryIndexSize=140
[2024.01.05-17.39.12:826][  0]LogShaderLibrary: Display: ShaderCodeLibraryPakFileMountedCallback: PakFile 'C:/Program Files/Epic Games/UE_4.27/FeaturePacks/TP_Vehicle.upack' (chunk index -1, root 'root:/') mounted
[2024.01.05-17.39.12:826][  0]LogShaderLibrary: Display: ShaderCodeLibraryPakFileMountedCallback: pending pak file info (ChunkID:-1 Root:root:/ File:C:/Program Files/Epic Games/UE_4.27/FeaturePacks/TP_Vehicle.upack)
[2024.01.05-17.39.12:826][  0]LogPakFile: OnPakFileMounted2Time == 0.000133
[2024.01.05-17.39.12:827][  0]LogPakFile: PakFile PrimaryIndexSize=186
[2024.01.05-17.39.12:827][  0]LogPakFile: PakFile PathHashIndexSize=101
[2024.01.05-17.39.12:827][  0]LogPakFile: PakFile FullDirectoryIndexSize=146
[2024.01.05-17.39.12:827][  0]LogShaderLibrary: Display: ShaderCodeLibraryPakFileMountedCallback: PakFile 'C:/Program Files/Epic Games/UE_4.27/FeaturePacks/TP_VehicleAdv.upack' (chunk index -1, root 'root:/') mounted
[2024.01.05-17.39.12:827][  0]LogShaderLibrary: Display: ShaderCodeLibraryPakFileMountedCallback: pending pak file info (ChunkID:-1 Root:root:/ File:C:/Program Files/Epic Games/UE_4.27/FeaturePacks/TP_VehicleAdv.upack)
[2024.01.05-17.39.12:827][  0]LogPakFile: OnPakFileMounted2Time == 0.000120
[2024.01.05-17.39.12:828][  0]LogPakFile: PakFile PrimaryIndexSize=188
[2024.01.05-17.39.12:828][  0]LogPakFile: PakFile PathHashIndexSize=101
[2024.01.05-17.39.12:828][  0]LogPakFile: PakFile FullDirectoryIndexSize=150
[2024.01.05-17.39.12:828][  0]LogShaderLibrary: Display: ShaderCodeLibraryPakFileMountedCallback: PakFile 'C:/Program Files/Epic Games/UE_4.27/FeaturePacks/TP_VehicleAdvBP.upack' (chunk index -1, root 'root:/') mounted
[2024.01.05-17.39.12:828][  0]LogShaderLibrary: Display: ShaderCodeLibraryPakFileMountedCallback: pending pak file info (ChunkID:-1 Root:root:/ File:C:/Program Files/Epic Games/UE_4.27/FeaturePacks/TP_VehicleAdvBP.upack)
[2024.01.05-17.39.12:828][  0]LogPakFile: OnPakFileMounted2Time == 0.000112
[2024.01.05-17.39.12:828][  0]LogPakFile: PakFile PrimaryIndexSize=185
[2024.01.05-17.39.12:828][  0]LogPakFile: PakFile PathHashIndexSize=101
[2024.01.05-17.39.12:828][  0]LogPakFile: PakFile FullDirectoryIndexSize=144
[2024.01.05-17.39.12:829][  0]LogShaderLibrary: Display: ShaderCodeLibraryPakFileMountedCallback: PakFile 'C:/Program Files/Epic Games/UE_4.27/FeaturePacks/TP_VehicleBP.upack' (chunk index -1, root 'root:/') mounted
[2024.01.05-17.39.12:829][  0]LogShaderLibrary: Display: ShaderCodeLibraryPakFileMountedCallback: pending pak file info (ChunkID:-1 Root:root:/ File:C:/Program Files/Epic Games/UE_4.27/FeaturePacks/TP_VehicleBP.upack)
[2024.01.05-17.39.12:829][  0]LogPakFile: OnPakFileMounted2Time == 0.000118
[2024.01.05-17.39.12:829][  0]LogPakFile: PakFile PrimaryIndexSize=192
[2024.01.05-17.39.12:829][  0]LogPakFile: PakFile PathHashIndexSize=101
[2024.01.05-17.39.12:829][  0]LogPakFile: PakFile FullDirectoryIndexSize=158
[2024.01.05-17.39.12:829][  0]LogShaderLibrary: Display: ShaderCodeLibraryPakFileMountedCallback: PakFile 'C:/Program Files/Epic Games/UE_4.27/FeaturePacks/TP_VirtualRealityBP.upack' (chunk index -1, root 'root:/') mounted
[2024.01.05-17.39.12:829][  0]LogShaderLibrary: Display: ShaderCodeLibraryPakFileMountedCallback: pending pak file info (ChunkID:-1 Root:root:/ File:C:/Program Files/Epic Games/UE_4.27/FeaturePacks/TP_VirtualRealityBP.upack)
[2024.01.05-17.39.12:829][  0]LogPakFile: OnPakFileMounted2Time == 0.000126
[2024.01.05-17.39.12:872][  0]LogNativeClassHierarchy: Verbose: Native class hierarchy updated for 'AddContentDialog' in 0.0002 seconds. Added 0 classes and 0 folders.
[2024.01.05-17.39.12:873][  0]LogNativeClassHierarchy: Verbose: Native class hierarchy updated for 'SceneOutliner' in 0.0002 seconds. Added 2 classes and 0 folders.
[2024.01.05-17.39.12:924][  0]LogSlate: Took 0.000166 seconds to synchronously load lazily loaded font '../../../Engine/Content/Slate/Fonts/Roboto-Regular.ttf' (155K)
[2024.01.05-17.39.12:925][  0]LogSlate: Took 0.000175 seconds to synchronously load lazily loaded font '../../../Engine/Content/Editor/Slate/Fonts/FontAwesome.ttf' (139K)
[2024.01.05-17.39.12:926][  0]LogSlate: Took 0.000152 seconds to synchronously load lazily loaded font '../../../Engine/Content/Slate/Fonts/Roboto-Bold.ttf' (160K)
[2024.01.05-17.39.12:999][  0]LogRenderer: Reallocating scene render targets to support 1132x572 Format 10 NumSamples 1 (Frame:1).
[2024.01.05-17.39.13:059][  0]LogNativeClassHierarchy: Verbose: Native class hierarchy updated for 'HierarchicalLODOutliner' in 0.0002 seconds. Added 0 classes and 0 folders.
[2024.01.05-17.39.13:059][  0]LogLoad: (Engine Initialization) Total time: 9.36 seconds
[2024.01.05-17.39.13:059][  0]LogLoad: (Engine Initialization) Total Blueprint compile time: 0.00 seconds
[2024.01.05-17.39.13:072][  0]LogRawInputWindows: Warning: Found device 9 devices
[2024.01.05-17.39.13:072][  0]LogRawInputWindows: Warning: Found device 9 devices
[2024.01.05-17.39.13:072][  0]LogRawInputWindows: Warning: Device was registered succesfully but not connected (Usage:4 UsagePage:1)
[2024.01.05-17.39.13:073][  0]LogRawInputWindows: Warning: Found device 9 devices
[2024.01.05-17.39.13:073][  0]LogRawInputWindows: Warning: Device was registered succesfully but not connected (Usage:5 UsagePage:1)
[2024.01.05-17.39.13:100][  0]LogAssetRegistry: Asset discovery search completed in 5.5823 seconds
[2024.01.05-17.39.13:105][  0]LogCollectionManager: Fixed up redirectors for 0 collections in 0.000002 seconds (updated 0 objects)
[2024.01.05-17.39.13:106][  0]LogContentStreaming: Texture pool size now 1000 MB
[2024.01.05-17.39.13:177][  7]LogSlate: Took 0.000137 seconds to synchronously load lazily loaded font '../../../Engine/Content/Slate/Fonts/Roboto-Light.ttf' (167K)
[2024.01.05-17.39.14:742][190]LogTemp: Repeating last play command: Selected Viewport
[2024.01.05-17.39.14:749][190]LogPlayLevel: PlayLevel: No blueprints needed recompiling
[2024.01.05-17.39.14:750][190]PIE: New page: PIE session: Untitled_0 (5 Jan 2024, 17:39:14)
[2024.01.05-17.39.14:751][190]LogOnline: OSS: Creating online subsystem instance for: NULL
[2024.01.05-17.39.14:752][190]LogOnline: OSS: TryLoadSubsystemAndSetDefault: Loaded subsystem for module [NULL]
[2024.01.05-17.39.14:752][190]LogPlayLevel: Creating play world package: /Temp/UEDPIE_0_Untitled_0
[2024.01.05-17.39.14:753][190]LogPlayLevel: PIE: StaticDuplicateObject took: (0.000518s)
[2024.01.05-17.39.14:753][190]LogAIModule: Creating AISystem for world Untitled
[2024.01.05-17.39.14:753][190]LogPlayLevel: PIE: World Init took: (0.000833s)
[2024.01.05-17.39.14:754][190]LogPlayLevel: PIE: Created PIE world by copying editor world from /Temp/Untitled_0.Untitled to /Temp/UEDPIE_0_Untitled_0.Untitled (0.001582s)
[2024.01.05-17.39.14:759][190]LogUObjectHash: Compacting FUObjectHashTables data took   0.68ms
[2024.01.05-17.39.14:761][190]LogAudio: Display: Creating Audio Device:                 Id: 2, Scope: Unique, Realtime: True
[2024.01.05-17.39.14:761][190]LogAudioMixer: Display: Audio Mixer Platform Settings:
[2024.01.05-17.39.14:761][190]LogAudioMixer: Display: 	Sample Rate:						  48000
[2024.01.05-17.39.14:761][190]LogAudioMixer: Display: 	Callback Buffer Frame Size Requested: 1024
[2024.01.05-17.39.14:761][190]LogAudioMixer: Display: 	Callback Buffer Frame Size To Use:	  1024
[2024.01.05-17.39.14:761][190]LogAudioMixer: Display: 	Number of buffers to queue:			  2
[2024.01.05-17.39.14:761][190]LogAudioMixer: Display: 	Max Channels (voices):				  32
[2024.01.05-17.39.14:761][190]LogAudioMixer: Display: 	Number of Async Source Workers:		  0
[2024.01.05-17.39.14:761][190]LogAudio: Display: AudioDevice MaxSources: 32
[2024.01.05-17.39.14:762][190]LogAudio: Display: Audio Spatialization Plugin: None (built-in).
[2024.01.05-17.39.14:762][190]LogAudio: Display: Audio Reverb Plugin: None (built-in).
[2024.01.05-17.39.14:762][190]LogAudio: Display: Audio Occlusion Plugin: None (built-in).
[2024.01.05-17.39.14:762][190]LogAudioMixer: Display: Initializing audio mixer.
[2024.01.05-17.39.14:764][190]LogAudioMixer: Display: 0: FrontLeft
[2024.01.05-17.39.14:765][190]LogAudioMixer: Display: 1: FrontRight
[2024.01.05-17.39.14:771][190]LogAudioMixer: Display: Using Audio Device PL2466H (NVIDIA High Definition Audio)
[2024.01.05-17.39.14:771][190]LogAudioMixer: Display: Initializing Sound Submixes...
[2024.01.05-17.39.14:772][190]LogAudioMixer: Display: Creating Master Submix 'MasterSubmixDefault'
[2024.01.05-17.39.14:772][190]LogAudioMixer: Display: Creating Master Submix 'MasterReverbSubmixDefault'
[2024.01.05-17.39.14:772][190]LogAudioMixer: Display: Creating Master Submix 'MasterEQSubmixDefault'
[2024.01.05-17.39.14:772][190]LogAudioMixer: FMixerPlatformXAudio2::StartAudioStream() called
[2024.01.05-17.39.14:772][190]LogAudioMixer: Display: Output buffers initialized: Frames=1024, Channels=2, Samples=2048
[2024.01.05-17.39.14:773][190]LogAudioMixer: Display: Starting AudioMixerPlatformInterface::RunInternal()
[2024.01.05-17.39.14:773][190]LogAudioMixer: Display: FMixerPlatformXAudio2::SubmitBuffer() called for the first time
[2024.01.05-17.39.14:773][190]LogInit: FAudioDevice initialized.
[2024.01.05-17.39.14:774][190]LogAudio: Display: Audio Device (ID: 2) registered with world 'Untitled'.
[2024.01.05-17.39.14:805][190]LogBlueprint: Warning: [AssetLog] C:\Users\Matth\Documents\UNI WORK\Actual Year 2\TechDemo4\MyProject2\Content\ABP_Soldier.uasset: [Compiler] Node  AimOffset 'AimOffset'  uses potentially thread-unsafe call  Try Get Pawn Owner . Disable threaded update or use a thread-safe call. Function may need BlueprintThreadSafe metadata adding.
[2024.01.05-17.39.14:806][190]LogBlueprint: Warning: [AssetLog] C:\Users\Matth\Documents\UNI WORK\Actual Year 2\TechDemo4\MyProject2\Content\ABP_Soldier.uasset: [Compiler] Node  AimOffset 'AimOffset'  uses potentially thread-unsafe call  Try Get Pawn Owner . Disable threaded update or use a thread-safe call. Function may need BlueprintThreadSafe metadata adding.
